[[2019-03-01 14:59:56] [root] [INFO]]: Get ORDERS LIST info from cache.
[[2019-03-01 14:59:56] [root] [INFO]]: [{'line_items': [], 'transaction_id': '123321', 'customer_ip_address': '', 'date_modified': '2019-02-28T14:49:24', 'payment_method': 'wc-booking-gateway', 'meta_data': [{'id': 3544, 'key': 'answers', 'value': 'answers_ex'}, {'id': 3545, 'key': 'cp_cert_text_color', 'value': 'cp_cert_text_color_ex'}], 'date_paid_gmt': None, 'version': '3.4.3', 'created_via': 'admin', 'billing': {'first_name': 'b_first_name_ex', 'company': 'b_company_ex', 'email': 'boan85@gmail.com', 'city': 'b_city_ex', 'state': 'b_state_ex', 'last_name': 'b_last_name_wx', 'postcode': '20300', 'phone': '09494949494', 'address_2': 'b_address_line_2_ex', 'address_1': 'b_address_line_1_ex', 'country': 'AM'}, '_links': {'customer': [{'href': 'https://devsit-4132.bolt55.servebolt.com/wp-json/wc/v2/customers/52'}], 'self': [{'href': 'https://devsit-4132.bolt55.servebolt.com/wp-json/wc/v2/orders/547'}], 'collection': [{'href': 'https://devsit-4132.bolt55.servebolt.com/wp-json/wc/v2/orders'}]}, 'date_created_gmt': '2019-02-28T14:44:30', 'discount_tax': '0.00', 'date_modified_gmt': '2019-02-28T14:49:24', 'customer_note': 'customers notes bout the order example.', 'customer_user_agent': '', 'refunds': [], 'status': 'pending', 'currency': 'GBP', 'cart_tax': '0.00', 'payment_method_title': 'Check booking availability', 'shipping_tax': '0.00', 'order_key': 'wc_order_5c77f4f414e20', 'coupon_lines': [{'id': 1, 'meta_data': [], 'discount_tax': '0', 'code': '12121212', 'discount': '0'}], 'shipping_total': '0.00', 'cart_hash': '', 'number': '547', 'date_completed_gmt': None, 'date_completed': None, 'total': '0.00', 'discount_total': '0.00', 'total_tax': '0.00', 'shipping_lines': [], 'date_paid': None, 'parent_id': 0, 'customer_id': 52, 'fee_lines': [], 'id': 547, 'prices_include_tax': False, 'shipping': {'city': 'b_city_ex', 'first_name': 's_first_name_ex', 'company': 'b_company_ex', 'country': 'AL', 'state': 'b_state_ex', 'last_name': 'b_first_name_ex', 'postcode': '30020', 'address_2': 'b_address_line_2_ex', 'address_1': 'b_address_line_1_ex'}, 'tax_lines': [], 'date_created': '2019-02-28T14:44:30'}]
[[2019-03-01 14:59:56] [root] [INFO]]: Key ORDERS_LIST was cleared from the cache, because it comes too old.

[[2019-03-01 15:01:25] [root] [INFO]]: Get ORDERS LIST info from website.
[[2019-03-01 15:01:25] [root] [INFO]]: [{'date_created': '2019-02-28T14:44:30', 'meta_data': [{'value': 'answers_ex', 'id': 3544, 'key': 'answers'}, {'value': 'cp_cert_text_color_ex', 'id': 3545, 'key': 'cp_cert_text_color'}], 'date_paid_gmt': None, 'prices_include_tax': False, '_links': {'collection': [{'href': 'https://devsit-4132.bolt55.servebolt.com/wp-json/wc/v2/orders'}], 'customer': [{'href': 'https://devsit-4132.bolt55.servebolt.com/wp-json/wc/v2/customers/52'}], 'self': [{'href': 'https://devsit-4132.bolt55.servebolt.com/wp-json/wc/v2/orders/547'}]}, 'cart_tax': '0.00', 'shipping_lines': [], 'created_via': 'admin', 'customer_id': 52, 'parent_id': 0, 'payment_method': 'wc-booking-gateway', 'date_completed': None, 'date_modified': '2019-02-28T14:49:24', 'tax_lines': [], 'shipping': {'last_name': 'b_first_name_ex', 'country': 'AL', 'city': 'b_city_ex', 'address_1': 'b_address_line_1_ex', 'postcode': '30020', 'first_name': 's_first_name_ex', 'state': 'b_state_ex', 'company': 'b_company_ex', 'address_2': 'b_address_line_2_ex'}, 'date_paid': None, 'currency': 'GBP', 'discount_tax': '0.00', 'cart_hash': '', 'version': '3.4.3', 'date_completed_gmt': None, 'shipping_tax': '0.00', 'line_items': [], 'order_key': 'wc_order_5c77f4f414e20', 'transaction_id': '123321', 'customer_user_agent': '', 'date_created_gmt': '2019-02-28T14:44:30', 'fee_lines': [], 'number': '547', 'customer_ip_address': '', 'status': 'pending', 'billing': {'email': 'boan85@gmail.com', 'last_name': 'b_last_name_wx', 'phone': '09494949494', 'country': 'AM', 'city': 'b_city_ex', 'address_1': 'b_address_line_1_ex', 'postcode': '20300', 'first_name': 'b_first_name_ex', 'state': 'b_state_ex', 'company': 'b_company_ex', 'address_2': 'b_address_line_2_ex'}, 'discount_total': '0.00', 'coupon_lines': [{'discount_tax': '0', 'id': 1, 'discount': '0', 'code': '12121212', 'meta_data': []}], 'customer_note': 'customers notes bout the order example.', 'total_tax': '0.00', 'date_modified_gmt': '2019-02-28T14:49:24', 'total': '0.00', 'id': 547, 'shipping_total': '0.00', 'refunds': [], 'payment_method_title': 'Check booking availability'}]
[[2019-03-01 15:01:26] [root] [INFO]]: Save ORDERS LIST info to redis cache.

[[2019-03-01 15:01:26] [root] [INFO]]: Writing time info was saved.

[[2019-03-01 15:02:52] [django.request] [ERROR]]: Internal Server Error: /orders/list/
Traceback (most recent call last):
  File "/home/kolas/work/django_crm_fork/Django-CRM/django_crm_venv/lib/python3.4/site-packages/django/core/handlers/exception.py", line 35, in inner
    response = get_response(request)
  File "/home/kolas/work/django_crm_fork/Django-CRM/django_crm_venv/lib/python3.4/site-packages/django/core/handlers/base.py", line 128, in _get_response
    response = self.process_exception_by_middleware(e, request)
  File "/home/kolas/work/django_crm_fork/Django-CRM/django_crm_venv/lib/python3.4/site-packages/django/core/handlers/base.py", line 126, in _get_response
    response = wrapped_callback(request, *callback_args, **callback_kwargs)
  File "/home/kolas/work/django_crm_fork/Django-CRM/django_crm_venv/lib/python3.4/site-packages/django/views/generic/base.py", line 69, in view
    return self.dispatch(request, *args, **kwargs)
  File "/home/kolas/work/django_crm_fork/Django-CRM/django_crm_venv/lib/python3.4/site-packages/django/contrib/auth/mixins.py", line 52, in dispatch
    return super().dispatch(request, *args, **kwargs)
  File "/home/kolas/work/django_crm_fork/Django-CRM/django_crm_venv/lib/python3.4/site-packages/django/views/generic/base.py", line 89, in dispatch
    return handler(request, *args, **kwargs)
  File "/home/kolas/work/django_crm_fork/Django-CRM/django_crm_venv/lib/python3.4/site-packages/django/views/generic/base.py", line 150, in get
    context = self.get_context_data(**kwargs)
TypeError: get_context_data() missing 1 required positional argument: 'request'
[[2019-03-01 15:02:54] [django.request] [ERROR]]: Internal Server Error: /orders/list/
Traceback (most recent call last):
  File "/home/kolas/work/django_crm_fork/Django-CRM/django_crm_venv/lib/python3.4/site-packages/django/core/handlers/exception.py", line 35, in inner
    response = get_response(request)
  File "/home/kolas/work/django_crm_fork/Django-CRM/django_crm_venv/lib/python3.4/site-packages/django/core/handlers/base.py", line 128, in _get_response
    response = self.process_exception_by_middleware(e, request)
  File "/home/kolas/work/django_crm_fork/Django-CRM/django_crm_venv/lib/python3.4/site-packages/django/core/handlers/base.py", line 126, in _get_response
    response = wrapped_callback(request, *callback_args, **callback_kwargs)
  File "/home/kolas/work/django_crm_fork/Django-CRM/django_crm_venv/lib/python3.4/site-packages/django/views/generic/base.py", line 69, in view
    return self.dispatch(request, *args, **kwargs)
  File "/home/kolas/work/django_crm_fork/Django-CRM/django_crm_venv/lib/python3.4/site-packages/django/contrib/auth/mixins.py", line 52, in dispatch
    return super().dispatch(request, *args, **kwargs)
  File "/home/kolas/work/django_crm_fork/Django-CRM/django_crm_venv/lib/python3.4/site-packages/django/views/generic/base.py", line 89, in dispatch
    return handler(request, *args, **kwargs)
  File "/home/kolas/work/django_crm_fork/Django-CRM/django_crm_venv/lib/python3.4/site-packages/django/views/generic/base.py", line 150, in get
    context = self.get_context_data(**kwargs)
TypeError: get_context_data() missing 1 required positional argument: 'request'
[[2019-03-01 15:04:29] [django.request] [ERROR]]: Internal Server Error: /orders/list/
Traceback (most recent call last):
  File "/home/kolas/work/django_crm_fork/Django-CRM/django_crm_venv/lib/python3.4/site-packages/django/core/handlers/exception.py", line 35, in inner
    response = get_response(request)
  File "/home/kolas/work/django_crm_fork/Django-CRM/django_crm_venv/lib/python3.4/site-packages/django/core/handlers/base.py", line 128, in _get_response
    response = self.process_exception_by_middleware(e, request)
  File "/home/kolas/work/django_crm_fork/Django-CRM/django_crm_venv/lib/python3.4/site-packages/django/core/handlers/base.py", line 126, in _get_response
    response = wrapped_callback(request, *callback_args, **callback_kwargs)
  File "/home/kolas/work/django_crm_fork/Django-CRM/django_crm_venv/lib/python3.4/site-packages/django/views/generic/base.py", line 69, in view
    return self.dispatch(request, *args, **kwargs)
  File "/home/kolas/work/django_crm_fork/Django-CRM/django_crm_venv/lib/python3.4/site-packages/django/contrib/auth/mixins.py", line 52, in dispatch
    return super().dispatch(request, *args, **kwargs)
  File "/home/kolas/work/django_crm_fork/Django-CRM/django_crm_venv/lib/python3.4/site-packages/django/views/generic/base.py", line 89, in dispatch
    return handler(request, *args, **kwargs)
  File "/home/kolas/work/django_crm_fork/Django-CRM/django_crm_venv/lib/python3.4/site-packages/django/views/generic/base.py", line 150, in get
    context = self.get_context_data(**kwargs)
TypeError: get_context_data() missing 1 required positional argument: 'request'
[[2019-03-01 15:04:31] [django.request] [ERROR]]: Internal Server Error: /orders/list/
Traceback (most recent call last):
  File "/home/kolas/work/django_crm_fork/Django-CRM/django_crm_venv/lib/python3.4/site-packages/django/core/handlers/exception.py", line 35, in inner
    response = get_response(request)
  File "/home/kolas/work/django_crm_fork/Django-CRM/django_crm_venv/lib/python3.4/site-packages/django/core/handlers/base.py", line 128, in _get_response
    response = self.process_exception_by_middleware(e, request)
  File "/home/kolas/work/django_crm_fork/Django-CRM/django_crm_venv/lib/python3.4/site-packages/django/core/handlers/base.py", line 126, in _get_response
    response = wrapped_callback(request, *callback_args, **callback_kwargs)
  File "/home/kolas/work/django_crm_fork/Django-CRM/django_crm_venv/lib/python3.4/site-packages/django/views/generic/base.py", line 69, in view
    return self.dispatch(request, *args, **kwargs)
  File "/home/kolas/work/django_crm_fork/Django-CRM/django_crm_venv/lib/python3.4/site-packages/django/contrib/auth/mixins.py", line 52, in dispatch
    return super().dispatch(request, *args, **kwargs)
  File "/home/kolas/work/django_crm_fork/Django-CRM/django_crm_venv/lib/python3.4/site-packages/django/views/generic/base.py", line 89, in dispatch
    return handler(request, *args, **kwargs)
  File "/home/kolas/work/django_crm_fork/Django-CRM/django_crm_venv/lib/python3.4/site-packages/django/views/generic/base.py", line 150, in get
    context = self.get_context_data(**kwargs)
TypeError: get_context_data() missing 1 required positional argument: 'request'
[[2019-03-01 15:04:38] [root] [INFO]]: Get ORDERS LIST info from cache.
[[2019-03-01 15:04:38] [root] [INFO]]: [{'line_items': [], 'billing': {'address_1': 'b_address_line_1_ex', 'first_name': 'b_first_name_ex', 'company': 'b_company_ex', 'email': 'boan85@gmail.com', 'address_2': 'b_address_line_2_ex', 'last_name': 'b_last_name_wx', 'postcode': '20300', 'country': 'AM', 'city': 'b_city_ex', 'state': 'b_state_ex', 'phone': '09494949494'}, 'cart_hash': '', 'order_key': 'wc_order_5c77f4f414e20', 'date_completed': None, 'customer_ip_address': '', 'coupon_lines': [{'discount': '0', 'id': 1, 'code': '12121212', 'discount_tax': '0', 'meta_data': []}], 'currency': 'GBP', 'shipping_lines': [], 'cart_tax': '0.00', 'date_paid': None, 'discount_tax': '0.00', 'status': 'pending', 'prices_include_tax': False, 'shipping_total': '0.00', 'discount_total': '0.00', 'shipping_tax': '0.00', 'date_completed_gmt': None, 'total_tax': '0.00', 'payment_method_title': 'Check booking availability', 'meta_data': [{'id': 3544, 'value': 'answers_ex', 'key': 'answers'}, {'id': 3545, 'value': 'cp_cert_text_color_ex', 'key': 'cp_cert_text_color'}], 'shipping': {'address_1': 'b_address_line_1_ex', 'first_name': 's_first_name_ex', 'company': 'b_company_ex', 'address_2': 'b_address_line_2_ex', 'last_name': 'b_first_name_ex', 'postcode': '30020', 'country': 'AL', 'city': 'b_city_ex', 'state': 'b_state_ex'}, 'created_via': 'admin', 'fee_lines': [], 'tax_lines': [], 'customer_id': 52, 'date_paid_gmt': None, 'parent_id': 0, 'date_created': '2019-02-28T14:44:30', 'refunds': [], '_links': {'collection': [{'href': 'https://devsit-4132.bolt55.servebolt.com/wp-json/wc/v2/orders'}], 'customer': [{'href': 'https://devsit-4132.bolt55.servebolt.com/wp-json/wc/v2/customers/52'}], 'self': [{'href': 'https://devsit-4132.bolt55.servebolt.com/wp-json/wc/v2/orders/547'}]}, 'customer_note': 'customers notes bout the order example.', 'customer_user_agent': '', 'number': '547', 'total': '0.00', 'version': '3.4.3', 'date_modified': '2019-02-28T14:49:24', 'id': 547, 'date_modified_gmt': '2019-02-28T14:49:24', 'payment_method': 'wc-booking-gateway', 'date_created_gmt': '2019-02-28T14:44:30', 'transaction_id': '123321'}]
[[2019-03-01 15:04:38] [django.request] [ERROR]]: Internal Server Error: /orders/list/
Traceback (most recent call last):
  File "/home/kolas/work/django_crm_fork/Django-CRM/django_crm_venv/lib/python3.4/site-packages/django/core/handlers/exception.py", line 35, in inner
    response = get_response(request)
  File "/home/kolas/work/django_crm_fork/Django-CRM/django_crm_venv/lib/python3.4/site-packages/django/core/handlers/base.py", line 128, in _get_response
    response = self.process_exception_by_middleware(e, request)
  File "/home/kolas/work/django_crm_fork/Django-CRM/django_crm_venv/lib/python3.4/site-packages/django/core/handlers/base.py", line 126, in _get_response
    response = wrapped_callback(request, *callback_args, **callback_kwargs)
  File "/home/kolas/work/django_crm_fork/Django-CRM/django_crm_venv/lib/python3.4/site-packages/django/views/generic/base.py", line 69, in view
    return self.dispatch(request, *args, **kwargs)
  File "/home/kolas/work/django_crm_fork/Django-CRM/django_crm_venv/lib/python3.4/site-packages/django/contrib/auth/mixins.py", line 52, in dispatch
    return super().dispatch(request, *args, **kwargs)
  File "/home/kolas/work/django_crm_fork/Django-CRM/django_crm_venv/lib/python3.4/site-packages/django/views/generic/base.py", line 89, in dispatch
    return handler(request, *args, **kwargs)
  File "/home/kolas/work/django_crm_fork/v1/Django-CRM/wc_orders/views.py", line 22, in get
    return render(request, "orders.html", json.dumps(orders))
  File "/home/kolas/work/django_crm_fork/Django-CRM/django_crm_venv/lib/python3.4/site-packages/django/shortcuts.py", line 36, in render
    content = loader.render_to_string(template_name, context, request, using=using)
  File "/home/kolas/work/django_crm_fork/Django-CRM/django_crm_venv/lib/python3.4/site-packages/django/template/loader.py", line 62, in render_to_string
    return template.render(context, request)
  File "/home/kolas/work/django_crm_fork/Django-CRM/django_crm_venv/lib/python3.4/site-packages/django/template/backends/django.py", line 59, in render
    context = make_context(context, request, autoescape=self.backend.engine.autoescape)
  File "/home/kolas/work/django_crm_fork/Django-CRM/django_crm_venv/lib/python3.4/site-packages/django/template/context.py", line 274, in make_context
    raise TypeError('context must be a dict rather than %s.' % context.__class__.__name__)
TypeError: context must be a dict rather than str.
[[2019-03-01 15:04:40] [root] [INFO]]: Get ORDERS LIST info from cache.
[[2019-03-01 15:04:40] [root] [INFO]]: [{'line_items': [], 'billing': {'address_1': 'b_address_line_1_ex', 'first_name': 'b_first_name_ex', 'company': 'b_company_ex', 'email': 'boan85@gmail.com', 'address_2': 'b_address_line_2_ex', 'last_name': 'b_last_name_wx', 'postcode': '20300', 'country': 'AM', 'city': 'b_city_ex', 'state': 'b_state_ex', 'phone': '09494949494'}, 'cart_hash': '', 'order_key': 'wc_order_5c77f4f414e20', 'date_completed': None, 'customer_ip_address': '', 'coupon_lines': [{'discount': '0', 'id': 1, 'code': '12121212', 'discount_tax': '0', 'meta_data': []}], 'currency': 'GBP', 'shipping_lines': [], 'cart_tax': '0.00', 'date_paid': None, 'discount_tax': '0.00', 'status': 'pending', 'prices_include_tax': False, 'shipping_total': '0.00', 'discount_total': '0.00', 'shipping_tax': '0.00', 'date_completed_gmt': None, 'total_tax': '0.00', 'payment_method_title': 'Check booking availability', 'meta_data': [{'id': 3544, 'value': 'answers_ex', 'key': 'answers'}, {'id': 3545, 'value': 'cp_cert_text_color_ex', 'key': 'cp_cert_text_color'}], 'shipping': {'address_1': 'b_address_line_1_ex', 'first_name': 's_first_name_ex', 'company': 'b_company_ex', 'address_2': 'b_address_line_2_ex', 'last_name': 'b_first_name_ex', 'postcode': '30020', 'country': 'AL', 'city': 'b_city_ex', 'state': 'b_state_ex'}, 'created_via': 'admin', 'fee_lines': [], 'tax_lines': [], 'customer_id': 52, 'date_paid_gmt': None, 'parent_id': 0, 'date_created': '2019-02-28T14:44:30', 'refunds': [], '_links': {'collection': [{'href': 'https://devsit-4132.bolt55.servebolt.com/wp-json/wc/v2/orders'}], 'customer': [{'href': 'https://devsit-4132.bolt55.servebolt.com/wp-json/wc/v2/customers/52'}], 'self': [{'href': 'https://devsit-4132.bolt55.servebolt.com/wp-json/wc/v2/orders/547'}]}, 'customer_note': 'customers notes bout the order example.', 'customer_user_agent': '', 'number': '547', 'total': '0.00', 'version': '3.4.3', 'date_modified': '2019-02-28T14:49:24', 'id': 547, 'date_modified_gmt': '2019-02-28T14:49:24', 'payment_method': 'wc-booking-gateway', 'date_created_gmt': '2019-02-28T14:44:30', 'transaction_id': '123321'}]
[[2019-03-01 15:04:40] [django.request] [ERROR]]: Internal Server Error: /orders/list/
Traceback (most recent call last):
  File "/home/kolas/work/django_crm_fork/Django-CRM/django_crm_venv/lib/python3.4/site-packages/django/core/handlers/exception.py", line 35, in inner
    response = get_response(request)
  File "/home/kolas/work/django_crm_fork/Django-CRM/django_crm_venv/lib/python3.4/site-packages/django/core/handlers/base.py", line 128, in _get_response
    response = self.process_exception_by_middleware(e, request)
  File "/home/kolas/work/django_crm_fork/Django-CRM/django_crm_venv/lib/python3.4/site-packages/django/core/handlers/base.py", line 126, in _get_response
    response = wrapped_callback(request, *callback_args, **callback_kwargs)
  File "/home/kolas/work/django_crm_fork/Django-CRM/django_crm_venv/lib/python3.4/site-packages/django/views/generic/base.py", line 69, in view
    return self.dispatch(request, *args, **kwargs)
  File "/home/kolas/work/django_crm_fork/Django-CRM/django_crm_venv/lib/python3.4/site-packages/django/contrib/auth/mixins.py", line 52, in dispatch
    return super().dispatch(request, *args, **kwargs)
  File "/home/kolas/work/django_crm_fork/Django-CRM/django_crm_venv/lib/python3.4/site-packages/django/views/generic/base.py", line 89, in dispatch
    return handler(request, *args, **kwargs)
  File "/home/kolas/work/django_crm_fork/v1/Django-CRM/wc_orders/views.py", line 22, in get
    return render(request, "orders.html", json.dumps(orders))
  File "/home/kolas/work/django_crm_fork/Django-CRM/django_crm_venv/lib/python3.4/site-packages/django/shortcuts.py", line 36, in render
    content = loader.render_to_string(template_name, context, request, using=using)
  File "/home/kolas/work/django_crm_fork/Django-CRM/django_crm_venv/lib/python3.4/site-packages/django/template/loader.py", line 62, in render_to_string
    return template.render(context, request)
  File "/home/kolas/work/django_crm_fork/Django-CRM/django_crm_venv/lib/python3.4/site-packages/django/template/backends/django.py", line 59, in render
    context = make_context(context, request, autoescape=self.backend.engine.autoescape)
  File "/home/kolas/work/django_crm_fork/Django-CRM/django_crm_venv/lib/python3.4/site-packages/django/template/context.py", line 274, in make_context
    raise TypeError('context must be a dict rather than %s.' % context.__class__.__name__)
TypeError: context must be a dict rather than str.
[[2019-03-01 15:04:52] [root] [INFO]]: Get ORDERS LIST info from cache.
[[2019-03-01 15:04:52] [root] [INFO]]: [{'transaction_id': '123321', 'refunds': [], 'cart_tax': '0.00', 'shipping_tax': '0.00', 'date_modified_gmt': '2019-02-28T14:49:24', 'line_items': [], 'customer_ip_address': '', 'shipping_total': '0.00', 'discount_total': '0.00', 'date_paid': None, 'customer_note': 'customers notes bout the order example.', 'created_via': 'admin', 'version': '3.4.3', 'date_created_gmt': '2019-02-28T14:44:30', 'discount_tax': '0.00', 'date_completed_gmt': None, 'currency': 'GBP', 'status': 'pending', 'order_key': 'wc_order_5c77f4f414e20', 'fee_lines': [], 'parent_id': 0, 'date_completed': None, 'number': '547', 'date_modified': '2019-02-28T14:49:24', 'coupon_lines': [{'meta_data': [], 'id': 1, 'discount': '0', 'discount_tax': '0', 'code': '12121212'}], 'id': 547, 'prices_include_tax': False, 'total_tax': '0.00', 'shipping_lines': [], 'date_paid_gmt': None, 'cart_hash': '', 'billing': {'state': 'b_state_ex', 'last_name': 'b_last_name_wx', 'company': 'b_company_ex', 'address_2': 'b_address_line_2_ex', 'phone': '09494949494', 'country': 'AM', 'email': 'boan85@gmail.com', 'first_name': 'b_first_name_ex', 'address_1': 'b_address_line_1_ex', 'city': 'b_city_ex', 'postcode': '20300'}, 'customer_user_agent': '', 'meta_data': [{'id': 3544, 'value': 'answers_ex', 'key': 'answers'}, {'id': 3545, 'value': 'cp_cert_text_color_ex', 'key': 'cp_cert_text_color'}], 'date_created': '2019-02-28T14:44:30', 'shipping': {'last_name': 'b_first_name_ex', 'address_2': 'b_address_line_2_ex', 'state': 'b_state_ex', 'country': 'AL', 'city': 'b_city_ex', 'company': 'b_company_ex', 'address_1': 'b_address_line_1_ex', 'postcode': '30020', 'first_name': 's_first_name_ex'}, 'customer_id': 52, 'payment_method_title': 'Check booking availability', 'total': '0.00', '_links': {'collection': [{'href': 'https://devsit-4132.bolt55.servebolt.com/wp-json/wc/v2/orders'}], 'customer': [{'href': 'https://devsit-4132.bolt55.servebolt.com/wp-json/wc/v2/customers/52'}], 'self': [{'href': 'https://devsit-4132.bolt55.servebolt.com/wp-json/wc/v2/orders/547'}]}, 'tax_lines': [], 'payment_method': 'wc-booking-gateway'}]
[[2019-03-01 15:04:52] [django.request] [ERROR]]: Internal Server Error: /orders/list/
Traceback (most recent call last):
  File "/home/kolas/work/django_crm_fork/Django-CRM/django_crm_venv/lib/python3.4/site-packages/django/core/handlers/exception.py", line 35, in inner
    response = get_response(request)
  File "/home/kolas/work/django_crm_fork/Django-CRM/django_crm_venv/lib/python3.4/site-packages/django/core/handlers/base.py", line 128, in _get_response
    response = self.process_exception_by_middleware(e, request)
  File "/home/kolas/work/django_crm_fork/Django-CRM/django_crm_venv/lib/python3.4/site-packages/django/core/handlers/base.py", line 126, in _get_response
    response = wrapped_callback(request, *callback_args, **callback_kwargs)
  File "/home/kolas/work/django_crm_fork/Django-CRM/django_crm_venv/lib/python3.4/site-packages/django/views/generic/base.py", line 69, in view
    return self.dispatch(request, *args, **kwargs)
  File "/home/kolas/work/django_crm_fork/Django-CRM/django_crm_venv/lib/python3.4/site-packages/django/contrib/auth/mixins.py", line 52, in dispatch
    return super().dispatch(request, *args, **kwargs)
  File "/home/kolas/work/django_crm_fork/Django-CRM/django_crm_venv/lib/python3.4/site-packages/django/views/generic/base.py", line 89, in dispatch
    return handler(request, *args, **kwargs)
  File "/home/kolas/work/django_crm_fork/v1/Django-CRM/wc_orders/views.py", line 22, in get
    return render(request, "orders.html", orders)
  File "/home/kolas/work/django_crm_fork/Django-CRM/django_crm_venv/lib/python3.4/site-packages/django/shortcuts.py", line 36, in render
    content = loader.render_to_string(template_name, context, request, using=using)
  File "/home/kolas/work/django_crm_fork/Django-CRM/django_crm_venv/lib/python3.4/site-packages/django/template/loader.py", line 62, in render_to_string
    return template.render(context, request)
  File "/home/kolas/work/django_crm_fork/Django-CRM/django_crm_venv/lib/python3.4/site-packages/django/template/backends/django.py", line 59, in render
    context = make_context(context, request, autoescape=self.backend.engine.autoescape)
  File "/home/kolas/work/django_crm_fork/Django-CRM/django_crm_venv/lib/python3.4/site-packages/django/template/context.py", line 274, in make_context
    raise TypeError('context must be a dict rather than %s.' % context.__class__.__name__)
TypeError: context must be a dict rather than list.
[[2019-03-01 15:05:09] [root] [INFO]]: Get ORDERS LIST info from cache.
[[2019-03-01 15:05:09] [root] [INFO]]: [{'billing': {'address_1': 'b_address_line_1_ex', 'first_name': 'b_first_name_ex', 'postcode': '20300', 'email': 'boan85@gmail.com', 'last_name': 'b_last_name_wx', 'phone': '09494949494', 'country': 'AM', 'address_2': 'b_address_line_2_ex', 'company': 'b_company_ex', 'state': 'b_state_ex', 'city': 'b_city_ex'}, '_links': {'self': [{'href': 'https://devsit-4132.bolt55.servebolt.com/wp-json/wc/v2/orders/547'}], 'collection': [{'href': 'https://devsit-4132.bolt55.servebolt.com/wp-json/wc/v2/orders'}], 'customer': [{'href': 'https://devsit-4132.bolt55.servebolt.com/wp-json/wc/v2/customers/52'}]}, 'discount_total': '0.00', 'currency': 'GBP', 'shipping_lines': [], 'date_paid': None, 'date_created': '2019-02-28T14:44:30', 'cart_hash': '', 'fee_lines': [], 'total': '0.00', 'discount_tax': '0.00', 'prices_include_tax': False, 'status': 'pending', 'total_tax': '0.00', 'order_key': 'wc_order_5c77f4f414e20', 'payment_method_title': 'Check booking availability', 'date_paid_gmt': None, 'customer_note': 'customers notes bout the order example.', 'meta_data': [{'value': 'answers_ex', 'id': 3544, 'key': 'answers'}, {'value': 'cp_cert_text_color_ex', 'id': 3545, 'key': 'cp_cert_text_color'}], 'date_modified': '2019-02-28T14:49:24', 'date_modified_gmt': '2019-02-28T14:49:24', 'customer_id': 52, 'number': '547', 'payment_method': 'wc-booking-gateway', 'parent_id': 0, 'date_created_gmt': '2019-02-28T14:44:30', 'version': '3.4.3', 'shipping_tax': '0.00', 'refunds': [], 'date_completed': None, 'line_items': [], 'shipping': {'address_1': 'b_address_line_1_ex', 'first_name': 's_first_name_ex', 'postcode': '30020', 'last_name': 'b_first_name_ex', 'country': 'AL', 'address_2': 'b_address_line_2_ex', 'company': 'b_company_ex', 'state': 'b_state_ex', 'city': 'b_city_ex'}, 'cart_tax': '0.00', 'created_via': 'admin', 'shipping_total': '0.00', 'coupon_lines': [{'code': '12121212', 'meta_data': [], 'discount': '0', 'id': 1, 'discount_tax': '0'}], 'tax_lines': [], 'transaction_id': '123321', 'customer_user_agent': '', 'id': 547, 'date_completed_gmt': None, 'customer_ip_address': ''}]
[[2019-03-01 15:05:09] [django.request] [ERROR]]: Internal Server Error: /orders/list/
Traceback (most recent call last):
  File "/home/kolas/work/django_crm_fork/Django-CRM/django_crm_venv/lib/python3.4/site-packages/django/core/handlers/exception.py", line 35, in inner
    response = get_response(request)
  File "/home/kolas/work/django_crm_fork/Django-CRM/django_crm_venv/lib/python3.4/site-packages/django/core/handlers/base.py", line 128, in _get_response
    response = self.process_exception_by_middleware(e, request)
  File "/home/kolas/work/django_crm_fork/Django-CRM/django_crm_venv/lib/python3.4/site-packages/django/core/handlers/base.py", line 126, in _get_response
    response = wrapped_callback(request, *callback_args, **callback_kwargs)
  File "/home/kolas/work/django_crm_fork/Django-CRM/django_crm_venv/lib/python3.4/site-packages/django/views/generic/base.py", line 69, in view
    return self.dispatch(request, *args, **kwargs)
  File "/home/kolas/work/django_crm_fork/Django-CRM/django_crm_venv/lib/python3.4/site-packages/django/contrib/auth/mixins.py", line 52, in dispatch
    return super().dispatch(request, *args, **kwargs)
  File "/home/kolas/work/django_crm_fork/Django-CRM/django_crm_venv/lib/python3.4/site-packages/django/views/generic/base.py", line 89, in dispatch
    return handler(request, *args, **kwargs)
  File "/home/kolas/work/django_crm_fork/v1/Django-CRM/wc_orders/views.py", line 22, in get
    return render(request, "orders.html", orders)
  File "/home/kolas/work/django_crm_fork/Django-CRM/django_crm_venv/lib/python3.4/site-packages/django/shortcuts.py", line 36, in render
    content = loader.render_to_string(template_name, context, request, using=using)
  File "/home/kolas/work/django_crm_fork/Django-CRM/django_crm_venv/lib/python3.4/site-packages/django/template/loader.py", line 62, in render_to_string
    return template.render(context, request)
  File "/home/kolas/work/django_crm_fork/Django-CRM/django_crm_venv/lib/python3.4/site-packages/django/template/backends/django.py", line 59, in render
    context = make_context(context, request, autoescape=self.backend.engine.autoescape)
  File "/home/kolas/work/django_crm_fork/Django-CRM/django_crm_venv/lib/python3.4/site-packages/django/template/context.py", line 274, in make_context
    raise TypeError('context must be a dict rather than %s.' % context.__class__.__name__)
TypeError: context must be a dict rather than list.
[[2019-03-01 15:05:42] [root] [INFO]]: Get ORDERS LIST info from cache.
[[2019-03-01 15:05:42] [root] [INFO]]: [{'total_tax': '0.00', '_links': {'self': [{'href': 'https://devsit-4132.bolt55.servebolt.com/wp-json/wc/v2/orders/547'}], 'collection': [{'href': 'https://devsit-4132.bolt55.servebolt.com/wp-json/wc/v2/orders'}], 'customer': [{'href': 'https://devsit-4132.bolt55.servebolt.com/wp-json/wc/v2/customers/52'}]}, 'tax_lines': [], 'line_items': [], 'customer_user_agent': '', 'version': '3.4.3', 'date_completed': None, 'prices_include_tax': False, 'discount_tax': '0.00', 'billing': {'postcode': '20300', 'state': 'b_state_ex', 'address_1': 'b_address_line_1_ex', 'last_name': 'b_last_name_wx', 'phone': '09494949494', 'first_name': 'b_first_name_ex', 'company': 'b_company_ex', 'country': 'AM', 'email': 'boan85@gmail.com', 'city': 'b_city_ex', 'address_2': 'b_address_line_2_ex'}, 'total': '0.00', 'shipping_tax': '0.00', 'cart_hash': '', 'date_paid': None, 'date_created': '2019-02-28T14:44:30', 'customer_id': 52, 'date_created_gmt': '2019-02-28T14:44:30', 'parent_id': 0, 'transaction_id': '123321', 'id': 547, 'refunds': [], 'shipping_lines': [], 'discount_total': '0.00', 'date_modified_gmt': '2019-02-28T14:49:24', 'order_key': 'wc_order_5c77f4f414e20', 'number': '547', 'coupon_lines': [{'meta_data': [], 'code': '12121212', 'discount_tax': '0', 'discount': '0', 'id': 1}], 'status': 'pending', 'shipping_total': '0.00', 'customer_ip_address': '', 'meta_data': [{'value': 'answers_ex', 'id': 3544, 'key': 'answers'}, {'value': 'cp_cert_text_color_ex', 'id': 3545, 'key': 'cp_cert_text_color'}], 'date_completed_gmt': None, 'date_modified': '2019-02-28T14:49:24', 'shipping': {'postcode': '30020', 'state': 'b_state_ex', 'last_name': 'b_first_name_ex', 'address_1': 'b_address_line_1_ex', 'company': 'b_company_ex', 'country': 'AL', 'first_name': 's_first_name_ex', 'city': 'b_city_ex', 'address_2': 'b_address_line_2_ex'}, 'date_paid_gmt': None, 'created_via': 'admin', 'cart_tax': '0.00', 'payment_method_title': 'Check booking availability', 'payment_method': 'wc-booking-gateway', 'fee_lines': [], 'customer_note': 'customers notes bout the order example.', 'currency': 'GBP'}]
[[2019-03-01 15:05:43] [django.request] [ERROR]]: Internal Server Error: /orders/list/
Traceback (most recent call last):
  File "/home/kolas/work/django_crm_fork/Django-CRM/django_crm_venv/lib/python3.4/site-packages/django/template/base.py", line 835, in _resolve_lookup
    current = current[bit]
  File "/home/kolas/work/django_crm_fork/Django-CRM/django_crm_venv/lib/python3.4/site-packages/django/template/context.py", line 83, in __getitem__
    raise KeyError(key)
KeyError: 'open_leads'

During handling of the above exception, another exception occurred:

Traceback (most recent call last):
  File "/home/kolas/work/django_crm_fork/Django-CRM/django_crm_venv/lib/python3.4/site-packages/django/template/base.py", line 841, in _resolve_lookup
    if isinstance(current, BaseContext) and getattr(type(current), bit):
AttributeError: type object 'RequestContext' has no attribute 'open_leads'

During handling of the above exception, another exception occurred:

Traceback (most recent call last):
  File "/home/kolas/work/django_crm_fork/Django-CRM/django_crm_venv/lib/python3.4/site-packages/django/template/base.py", line 849, in _resolve_lookup
    current = current[int(bit)]
ValueError: invalid literal for int() with base 10: 'open_leads'

During handling of the above exception, another exception occurred:

Traceback (most recent call last):
  File "/home/kolas/work/django_crm_fork/Django-CRM/django_crm_venv/lib/python3.4/site-packages/django/core/handlers/exception.py", line 35, in inner
    response = get_response(request)
  File "/home/kolas/work/django_crm_fork/Django-CRM/django_crm_venv/lib/python3.4/site-packages/django/core/handlers/base.py", line 128, in _get_response
    response = self.process_exception_by_middleware(e, request)
  File "/home/kolas/work/django_crm_fork/Django-CRM/django_crm_venv/lib/python3.4/site-packages/django/core/handlers/base.py", line 126, in _get_response
    response = wrapped_callback(request, *callback_args, **callback_kwargs)
  File "/home/kolas/work/django_crm_fork/Django-CRM/django_crm_venv/lib/python3.4/site-packages/django/views/generic/base.py", line 69, in view
    return self.dispatch(request, *args, **kwargs)
  File "/home/kolas/work/django_crm_fork/Django-CRM/django_crm_venv/lib/python3.4/site-packages/django/contrib/auth/mixins.py", line 52, in dispatch
    return super().dispatch(request, *args, **kwargs)
  File "/home/kolas/work/django_crm_fork/Django-CRM/django_crm_venv/lib/python3.4/site-packages/django/views/generic/base.py", line 89, in dispatch
    return handler(request, *args, **kwargs)
  File "/home/kolas/work/django_crm_fork/v1/Django-CRM/wc_orders/views.py", line 23, in get
    return render(request, "orders.html", context)
  File "/home/kolas/work/django_crm_fork/Django-CRM/django_crm_venv/lib/python3.4/site-packages/django/shortcuts.py", line 36, in render
    content = loader.render_to_string(template_name, context, request, using=using)
  File "/home/kolas/work/django_crm_fork/Django-CRM/django_crm_venv/lib/python3.4/site-packages/django/template/loader.py", line 62, in render_to_string
    return template.render(context, request)
  File "/home/kolas/work/django_crm_fork/Django-CRM/django_crm_venv/lib/python3.4/site-packages/django/template/backends/django.py", line 61, in render
    return self.template.render(context)
  File "/home/kolas/work/django_crm_fork/Django-CRM/django_crm_venv/lib/python3.4/site-packages/django/template/base.py", line 175, in render
    return self._render(context)
  File "/home/kolas/work/django_crm_fork/Django-CRM/django_crm_venv/lib/python3.4/site-packages/django/template/base.py", line 167, in _render
    return self.nodelist.render(context)
  File "/home/kolas/work/django_crm_fork/Django-CRM/django_crm_venv/lib/python3.4/site-packages/django/template/base.py", line 943, in render
    bit = node.render_annotated(context)
  File "/home/kolas/work/django_crm_fork/Django-CRM/django_crm_venv/lib/python3.4/site-packages/django/template/base.py", line 910, in render_annotated
    return self.render(context)
  File "/home/kolas/work/django_crm_fork/Django-CRM/django_crm_venv/lib/python3.4/site-packages/django/template/loader_tags.py", line 155, in render
    return compiled_parent._render(context)
  File "/home/kolas/work/django_crm_fork/Django-CRM/django_crm_venv/lib/python3.4/site-packages/django/template/base.py", line 167, in _render
    return self.nodelist.render(context)
  File "/home/kolas/work/django_crm_fork/Django-CRM/django_crm_venv/lib/python3.4/site-packages/django/template/base.py", line 943, in render
    bit = node.render_annotated(context)
  File "/home/kolas/work/django_crm_fork/Django-CRM/django_crm_venv/lib/python3.4/site-packages/django/template/base.py", line 910, in render_annotated
    return self.render(context)
  File "/home/kolas/work/django_crm_fork/Django-CRM/django_crm_venv/lib/python3.4/site-packages/django/template/loader_tags.py", line 67, in render
    result = block.nodelist.render(context)
  File "/home/kolas/work/django_crm_fork/Django-CRM/django_crm_venv/lib/python3.4/site-packages/django/template/base.py", line 943, in render
    bit = node.render_annotated(context)
  File "/home/kolas/work/django_crm_fork/Django-CRM/django_crm_venv/lib/python3.4/site-packages/django/template/base.py", line 910, in render_annotated
    return self.render(context)
  File "/home/kolas/work/django_crm_fork/Django-CRM/django_crm_venv/lib/python3.4/site-packages/django/template/defaulttags.py", line 314, in render
    return nodelist.render(context)
  File "/home/kolas/work/django_crm_fork/Django-CRM/django_crm_venv/lib/python3.4/site-packages/django/template/base.py", line 943, in render
    bit = node.render_annotated(context)
  File "/home/kolas/work/django_crm_fork/Django-CRM/django_crm_venv/lib/python3.4/site-packages/django/template/base.py", line 910, in render_annotated
    return self.render(context)
  File "/home/kolas/work/django_crm_fork/Django-CRM/django_crm_venv/lib/python3.4/site-packages/simple_pagination/templatetags/paginate.py", line 276, in render
    objects = self.objects.resolve(context)
  File "/home/kolas/work/django_crm_fork/Django-CRM/django_crm_venv/lib/python3.4/site-packages/django/template/base.py", line 802, in resolve
    value = self._resolve_lookup(context)
  File "/home/kolas/work/django_crm_fork/Django-CRM/django_crm_venv/lib/python3.4/site-packages/django/template/base.py", line 856, in _resolve_lookup
    (bit, current))  # missing attribute
django.template.base.VariableDoesNotExist: Failed lookup for key [open_leads] in [{'None': None, 'False': False, 'True': True}, {}, {}, {'compressed': {'name': None, 'url': '/static/CACHE/css/5eac0d24c4a7.css', 'media': None}, 'orders': [{'total_tax': '0.00', '_links': {'self': [{'href': 'https://devsit-4132.bolt55.servebolt.com/wp-json/wc/v2/orders/547'}], 'collection': [{'href': 'https://devsit-4132.bolt55.servebolt.com/wp-json/wc/v2/orders'}], 'customer': [{'href': 'https://devsit-4132.bolt55.servebolt.com/wp-json/wc/v2/customers/52'}]}, 'tax_lines': [], 'line_items': [], 'customer_user_agent': '', 'version': '3.4.3', 'date_completed': None, 'prices_include_tax': False, 'discount_tax': '0.00', 'billing': {'postcode': '20300', 'state': 'b_state_ex', 'address_1': 'b_address_line_1_ex', 'last_name': 'b_last_name_wx', 'phone': '09494949494', 'first_name': 'b_first_name_ex', 'company': 'b_company_ex', 'country': 'AM', 'email': 'boan85@gmail.com', 'city': 'b_city_ex', 'address_2': 'b_address_line_2_ex'}, 'total': '0.00', 'shipping_tax': '0.00', 'cart_hash': '', 'date_paid': None, 'date_created': '2019-02-28T14:44:30', 'customer_id': 52, 'date_created_gmt': '2019-02-28T14:44:30', 'parent_id': 0, 'transaction_id': '123321', 'id': 547, 'refunds': [], 'shipping_lines': [], 'discount_total': '0.00', 'date_modified_gmt': '2019-02-28T14:49:24', 'order_key': 'wc_order_5c77f4f414e20', 'number': '547', 'coupon_lines': [{'meta_data': [], 'code': '12121212', 'discount_tax': '0', 'discount': '0', 'id': 1}], 'status': 'pending', 'shipping_total': '0.00', 'customer_ip_address': '', 'meta_data': [{'value': 'answers_ex', 'id': 3544, 'key': 'answers'}, {'value': 'cp_cert_text_color_ex', 'id': 3545, 'key': 'cp_cert_text_color'}], 'date_completed_gmt': None, 'date_modified': '2019-02-28T14:49:24', 'shipping': {'postcode': '30020', 'state': 'b_state_ex', 'last_name': 'b_first_name_ex', 'address_1': 'b_address_line_1_ex', 'company': 'b_company_ex', 'country': 'AL', 'first_name': 's_first_name_ex', 'city': 'b_city_ex', 'address_2': 'b_address_line_2_ex'}, 'date_paid_gmt': None, 'created_via': 'admin', 'cart_tax': '0.00', 'payment_method_title': 'Check booking availability', 'payment_method': 'wc-booking-gateway', 'fee_lines': [], 'customer_note': 'customers notes bout the order example.', 'currency': 'GBP'}]}]
[[2019-03-01 15:20:46] [root] [INFO]]: Get ORDERS LIST info from cache.
[[2019-03-01 15:20:46] [root] [INFO]]: [{'date_completed_gmt': None, 'date_modified': '2019-02-28T14:49:24', 'cart_hash': '', 'date_paid': None, 'date_modified_gmt': '2019-02-28T14:49:24', 'coupon_lines': [{'meta_data': [], 'discount': '0', 'id': 1, 'code': '12121212', 'discount_tax': '0'}], 'tax_lines': [], 'shipping': {'first_name': 's_first_name_ex', 'country': 'AL', 'address_1': 'b_address_line_1_ex', 'company': 'b_company_ex', 'address_2': 'b_address_line_2_ex', 'city': 'b_city_ex', 'postcode': '30020', 'last_name': 'b_first_name_ex', 'state': 'b_state_ex'}, 'order_key': 'wc_order_5c77f4f414e20', 'billing': {'first_name': 'b_first_name_ex', 'country': 'AM', 'address_1': 'b_address_line_1_ex', 'postcode': '20300', 'company': 'b_company_ex', 'address_2': 'b_address_line_2_ex', 'email': 'boan85@gmail.com', 'city': 'b_city_ex', 'phone': '09494949494', 'last_name': 'b_last_name_wx', 'state': 'b_state_ex'}, 'payment_method_title': 'Check booking availability', 'line_items': [], 'shipping_tax': '0.00', 'version': '3.4.3', '_links': {'customer': [{'href': 'https://devsit-4132.bolt55.servebolt.com/wp-json/wc/v2/customers/52'}], 'self': [{'href': 'https://devsit-4132.bolt55.servebolt.com/wp-json/wc/v2/orders/547'}], 'collection': [{'href': 'https://devsit-4132.bolt55.servebolt.com/wp-json/wc/v2/orders'}]}, 'cart_tax': '0.00', 'shipping_lines': [], 'id': 547, 'number': '547', 'total_tax': '0.00', 'payment_method': 'wc-booking-gateway', 'status': 'pending', 'refunds': [], 'date_created': '2019-02-28T14:44:30', 'created_via': 'admin', 'customer_user_agent': '', 'shipping_total': '0.00', 'transaction_id': '123321', 'currency': 'GBP', 'date_created_gmt': '2019-02-28T14:44:30', 'total': '0.00', 'meta_data': [{'id': 3544, 'value': 'answers_ex', 'key': 'answers'}, {'id': 3545, 'value': 'cp_cert_text_color_ex', 'key': 'cp_cert_text_color'}], 'date_paid_gmt': None, 'customer_note': 'customers notes bout the order example.', 'customer_ip_address': '', 'date_completed': None, 'parent_id': 0, 'discount_total': '0.00', 'customer_id': 52, 'fee_lines': [], 'prices_include_tax': False, 'discount_tax': '0.00'}]
[[2019-03-01 15:20:46] [django.request] [ERROR]]: Internal Server Error: /orders/list/
Traceback (most recent call last):
  File "/home/kolas/work/django_crm_fork/Django-CRM/django_crm_venv/lib/python3.4/site-packages/django/template/base.py", line 835, in _resolve_lookup
    current = current[bit]
  File "/home/kolas/work/django_crm_fork/Django-CRM/django_crm_venv/lib/python3.4/site-packages/django/template/context.py", line 83, in __getitem__
    raise KeyError(key)
KeyError: 'open_leads'

During handling of the above exception, another exception occurred:

Traceback (most recent call last):
  File "/home/kolas/work/django_crm_fork/Django-CRM/django_crm_venv/lib/python3.4/site-packages/django/template/base.py", line 841, in _resolve_lookup
    if isinstance(current, BaseContext) and getattr(type(current), bit):
AttributeError: type object 'RequestContext' has no attribute 'open_leads'

During handling of the above exception, another exception occurred:

Traceback (most recent call last):
  File "/home/kolas/work/django_crm_fork/Django-CRM/django_crm_venv/lib/python3.4/site-packages/django/template/base.py", line 849, in _resolve_lookup
    current = current[int(bit)]
ValueError: invalid literal for int() with base 10: 'open_leads'

During handling of the above exception, another exception occurred:

Traceback (most recent call last):
  File "/home/kolas/work/django_crm_fork/Django-CRM/django_crm_venv/lib/python3.4/site-packages/django/core/handlers/exception.py", line 35, in inner
    response = get_response(request)
  File "/home/kolas/work/django_crm_fork/Django-CRM/django_crm_venv/lib/python3.4/site-packages/django/core/handlers/base.py", line 128, in _get_response
    response = self.process_exception_by_middleware(e, request)
  File "/home/kolas/work/django_crm_fork/Django-CRM/django_crm_venv/lib/python3.4/site-packages/django/core/handlers/base.py", line 126, in _get_response
    response = wrapped_callback(request, *callback_args, **callback_kwargs)
  File "/home/kolas/work/django_crm_fork/Django-CRM/django_crm_venv/lib/python3.4/site-packages/django/views/generic/base.py", line 69, in view
    return self.dispatch(request, *args, **kwargs)
  File "/home/kolas/work/django_crm_fork/Django-CRM/django_crm_venv/lib/python3.4/site-packages/django/contrib/auth/mixins.py", line 52, in dispatch
    return super().dispatch(request, *args, **kwargs)
  File "/home/kolas/work/django_crm_fork/Django-CRM/django_crm_venv/lib/python3.4/site-packages/django/views/generic/base.py", line 89, in dispatch
    return handler(request, *args, **kwargs)
  File "/home/kolas/work/django_crm_fork/v1/Django-CRM/wc_orders/views.py", line 22, in get
    return render(request, "orders.html", context)
  File "/home/kolas/work/django_crm_fork/Django-CRM/django_crm_venv/lib/python3.4/site-packages/django/shortcuts.py", line 36, in render
    content = loader.render_to_string(template_name, context, request, using=using)
  File "/home/kolas/work/django_crm_fork/Django-CRM/django_crm_venv/lib/python3.4/site-packages/django/template/loader.py", line 62, in render_to_string
    return template.render(context, request)
  File "/home/kolas/work/django_crm_fork/Django-CRM/django_crm_venv/lib/python3.4/site-packages/django/template/backends/django.py", line 61, in render
    return self.template.render(context)
  File "/home/kolas/work/django_crm_fork/Django-CRM/django_crm_venv/lib/python3.4/site-packages/django/template/base.py", line 175, in render
    return self._render(context)
  File "/home/kolas/work/django_crm_fork/Django-CRM/django_crm_venv/lib/python3.4/site-packages/django/template/base.py", line 167, in _render
    return self.nodelist.render(context)
  File "/home/kolas/work/django_crm_fork/Django-CRM/django_crm_venv/lib/python3.4/site-packages/django/template/base.py", line 943, in render
    bit = node.render_annotated(context)
  File "/home/kolas/work/django_crm_fork/Django-CRM/django_crm_venv/lib/python3.4/site-packages/django/template/base.py", line 910, in render_annotated
    return self.render(context)
  File "/home/kolas/work/django_crm_fork/Django-CRM/django_crm_venv/lib/python3.4/site-packages/django/template/loader_tags.py", line 155, in render
    return compiled_parent._render(context)
  File "/home/kolas/work/django_crm_fork/Django-CRM/django_crm_venv/lib/python3.4/site-packages/django/template/base.py", line 167, in _render
    return self.nodelist.render(context)
  File "/home/kolas/work/django_crm_fork/Django-CRM/django_crm_venv/lib/python3.4/site-packages/django/template/base.py", line 943, in render
    bit = node.render_annotated(context)
  File "/home/kolas/work/django_crm_fork/Django-CRM/django_crm_venv/lib/python3.4/site-packages/django/template/base.py", line 910, in render_annotated
    return self.render(context)
  File "/home/kolas/work/django_crm_fork/Django-CRM/django_crm_venv/lib/python3.4/site-packages/django/template/loader_tags.py", line 67, in render
    result = block.nodelist.render(context)
  File "/home/kolas/work/django_crm_fork/Django-CRM/django_crm_venv/lib/python3.4/site-packages/django/template/base.py", line 943, in render
    bit = node.render_annotated(context)
  File "/home/kolas/work/django_crm_fork/Django-CRM/django_crm_venv/lib/python3.4/site-packages/django/template/base.py", line 910, in render_annotated
    return self.render(context)
  File "/home/kolas/work/django_crm_fork/Django-CRM/django_crm_venv/lib/python3.4/site-packages/django/template/defaulttags.py", line 314, in render
    return nodelist.render(context)
  File "/home/kolas/work/django_crm_fork/Django-CRM/django_crm_venv/lib/python3.4/site-packages/django/template/base.py", line 943, in render
    bit = node.render_annotated(context)
  File "/home/kolas/work/django_crm_fork/Django-CRM/django_crm_venv/lib/python3.4/site-packages/django/template/base.py", line 910, in render_annotated
    return self.render(context)
  File "/home/kolas/work/django_crm_fork/Django-CRM/django_crm_venv/lib/python3.4/site-packages/simple_pagination/templatetags/paginate.py", line 276, in render
    objects = self.objects.resolve(context)
  File "/home/kolas/work/django_crm_fork/Django-CRM/django_crm_venv/lib/python3.4/site-packages/django/template/base.py", line 802, in resolve
    value = self._resolve_lookup(context)
  File "/home/kolas/work/django_crm_fork/Django-CRM/django_crm_venv/lib/python3.4/site-packages/django/template/base.py", line 856, in _resolve_lookup
    (bit, current))  # missing attribute
django.template.base.VariableDoesNotExist: Failed lookup for key [open_leads] in [{'True': True, 'False': False, 'None': None}, {}, {}, {'compressed': {'name': None}, 'orders': [{'date_completed_gmt': None, 'date_modified': '2019-02-28T14:49:24', 'cart_hash': '', 'date_paid': None, 'date_modified_gmt': '2019-02-28T14:49:24', 'coupon_lines': [{'meta_data': [], 'discount': '0', 'id': 1, 'code': '12121212', 'discount_tax': '0'}], 'tax_lines': [], 'shipping': {'first_name': 's_first_name_ex', 'country': 'AL', 'address_1': 'b_address_line_1_ex', 'company': 'b_company_ex', 'address_2': 'b_address_line_2_ex', 'city': 'b_city_ex', 'postcode': '30020', 'last_name': 'b_first_name_ex', 'state': 'b_state_ex'}, 'order_key': 'wc_order_5c77f4f414e20', 'billing': {'first_name': 'b_first_name_ex', 'country': 'AM', 'address_1': 'b_address_line_1_ex', 'postcode': '20300', 'company': 'b_company_ex', 'address_2': 'b_address_line_2_ex', 'email': 'boan85@gmail.com', 'city': 'b_city_ex', 'phone': '09494949494', 'last_name': 'b_last_name_wx', 'state': 'b_state_ex'}, 'payment_method_title': 'Check booking availability', 'line_items': [], 'shipping_tax': '0.00', 'version': '3.4.3', '_links': {'customer': [{'href': 'https://devsit-4132.bolt55.servebolt.com/wp-json/wc/v2/customers/52'}], 'self': [{'href': 'https://devsit-4132.bolt55.servebolt.com/wp-json/wc/v2/orders/547'}], 'collection': [{'href': 'https://devsit-4132.bolt55.servebolt.com/wp-json/wc/v2/orders'}]}, 'cart_tax': '0.00', 'shipping_lines': [], 'id': 547, 'number': '547', 'total_tax': '0.00', 'payment_method': 'wc-booking-gateway', 'status': 'pending', 'refunds': [], 'date_created': '2019-02-28T14:44:30', 'created_via': 'admin', 'customer_user_agent': '', 'shipping_total': '0.00', 'transaction_id': '123321', 'currency': 'GBP', 'date_created_gmt': '2019-02-28T14:44:30', 'total': '0.00', 'meta_data': [{'id': 3544, 'value': 'answers_ex', 'key': 'answers'}, {'id': 3545, 'value': 'cp_cert_text_color_ex', 'key': 'cp_cert_text_color'}], 'date_paid_gmt': None, 'customer_note': 'customers notes bout the order example.', 'customer_ip_address': '', 'date_completed': None, 'parent_id': 0, 'discount_total': '0.00', 'customer_id': 52, 'fee_lines': [], 'prices_include_tax': False, 'discount_tax': '0.00'}]}]
[[2019-03-01 15:23:17] [root] [INFO]]: Get ORDERS LIST info from cache.
[[2019-03-01 15:23:17] [root] [INFO]]: [{'date_completed_gmt': None, 'date_modified': '2019-02-28T14:49:24', 'cart_hash': '', 'date_paid': None, 'date_modified_gmt': '2019-02-28T14:49:24', 'coupon_lines': [{'meta_data': [], 'discount': '0', 'id': 1, 'code': '12121212', 'discount_tax': '0'}], 'tax_lines': [], 'shipping': {'first_name': 's_first_name_ex', 'country': 'AL', 'address_1': 'b_address_line_1_ex', 'company': 'b_company_ex', 'address_2': 'b_address_line_2_ex', 'city': 'b_city_ex', 'postcode': '30020', 'last_name': 'b_first_name_ex', 'state': 'b_state_ex'}, 'order_key': 'wc_order_5c77f4f414e20', 'billing': {'first_name': 'b_first_name_ex', 'country': 'AM', 'address_1': 'b_address_line_1_ex', 'postcode': '20300', 'company': 'b_company_ex', 'address_2': 'b_address_line_2_ex', 'email': 'boan85@gmail.com', 'city': 'b_city_ex', 'phone': '09494949494', 'last_name': 'b_last_name_wx', 'state': 'b_state_ex'}, 'payment_method_title': 'Check booking availability', 'line_items': [], 'shipping_tax': '0.00', 'version': '3.4.3', '_links': {'customer': [{'href': 'https://devsit-4132.bolt55.servebolt.com/wp-json/wc/v2/customers/52'}], 'self': [{'href': 'https://devsit-4132.bolt55.servebolt.com/wp-json/wc/v2/orders/547'}], 'collection': [{'href': 'https://devsit-4132.bolt55.servebolt.com/wp-json/wc/v2/orders'}]}, 'cart_tax': '0.00', 'shipping_lines': [], 'id': 547, 'number': '547', 'total_tax': '0.00', 'payment_method': 'wc-booking-gateway', 'status': 'pending', 'refunds': [], 'date_created': '2019-02-28T14:44:30', 'created_via': 'admin', 'customer_user_agent': '', 'shipping_total': '0.00', 'transaction_id': '123321', 'currency': 'GBP', 'date_created_gmt': '2019-02-28T14:44:30', 'total': '0.00', 'meta_data': [{'id': 3544, 'value': 'answers_ex', 'key': 'answers'}, {'id': 3545, 'value': 'cp_cert_text_color_ex', 'key': 'cp_cert_text_color'}], 'date_paid_gmt': None, 'customer_note': 'customers notes bout the order example.', 'customer_ip_address': '', 'date_completed': None, 'parent_id': 0, 'discount_total': '0.00', 'customer_id': 52, 'fee_lines': [], 'prices_include_tax': False, 'discount_tax': '0.00'}]
[[2019-03-01 15:24:20] [root] [INFO]]: Get ORDERS LIST info from cache.
[[2019-03-01 15:24:20] [root] [INFO]]: [{'date_completed_gmt': None, 'date_modified': '2019-02-28T14:49:24', 'cart_hash': '', 'date_paid': None, 'date_modified_gmt': '2019-02-28T14:49:24', 'coupon_lines': [{'meta_data': [], 'discount': '0', 'id': 1, 'code': '12121212', 'discount_tax': '0'}], 'tax_lines': [], 'shipping': {'first_name': 's_first_name_ex', 'country': 'AL', 'address_1': 'b_address_line_1_ex', 'company': 'b_company_ex', 'address_2': 'b_address_line_2_ex', 'city': 'b_city_ex', 'postcode': '30020', 'last_name': 'b_first_name_ex', 'state': 'b_state_ex'}, 'order_key': 'wc_order_5c77f4f414e20', 'billing': {'first_name': 'b_first_name_ex', 'country': 'AM', 'address_1': 'b_address_line_1_ex', 'postcode': '20300', 'company': 'b_company_ex', 'address_2': 'b_address_line_2_ex', 'email': 'boan85@gmail.com', 'city': 'b_city_ex', 'phone': '09494949494', 'last_name': 'b_last_name_wx', 'state': 'b_state_ex'}, 'payment_method_title': 'Check booking availability', 'line_items': [], 'shipping_tax': '0.00', 'version': '3.4.3', '_links': {'customer': [{'href': 'https://devsit-4132.bolt55.servebolt.com/wp-json/wc/v2/customers/52'}], 'self': [{'href': 'https://devsit-4132.bolt55.servebolt.com/wp-json/wc/v2/orders/547'}], 'collection': [{'href': 'https://devsit-4132.bolt55.servebolt.com/wp-json/wc/v2/orders'}]}, 'cart_tax': '0.00', 'shipping_lines': [], 'id': 547, 'number': '547', 'total_tax': '0.00', 'payment_method': 'wc-booking-gateway', 'status': 'pending', 'refunds': [], 'date_created': '2019-02-28T14:44:30', 'created_via': 'admin', 'customer_user_agent': '', 'shipping_total': '0.00', 'transaction_id': '123321', 'currency': 'GBP', 'date_created_gmt': '2019-02-28T14:44:30', 'total': '0.00', 'meta_data': [{'id': 3544, 'value': 'answers_ex', 'key': 'answers'}, {'id': 3545, 'value': 'cp_cert_text_color_ex', 'key': 'cp_cert_text_color'}], 'date_paid_gmt': None, 'customer_note': 'customers notes bout the order example.', 'customer_ip_address': '', 'date_completed': None, 'parent_id': 0, 'discount_total': '0.00', 'customer_id': 52, 'fee_lines': [], 'prices_include_tax': False, 'discount_tax': '0.00'}]
[[2019-03-01 15:24:42] [root] [INFO]]: Get ORDERS LIST info from cache.
[[2019-03-01 15:24:42] [root] [INFO]]: [{'date_completed_gmt': None, 'date_modified': '2019-02-28T14:49:24', 'cart_hash': '', 'date_paid': None, 'date_modified_gmt': '2019-02-28T14:49:24', 'coupon_lines': [{'meta_data': [], 'discount': '0', 'id': 1, 'code': '12121212', 'discount_tax': '0'}], 'tax_lines': [], 'shipping': {'first_name': 's_first_name_ex', 'country': 'AL', 'address_1': 'b_address_line_1_ex', 'company': 'b_company_ex', 'address_2': 'b_address_line_2_ex', 'city': 'b_city_ex', 'postcode': '30020', 'last_name': 'b_first_name_ex', 'state': 'b_state_ex'}, 'order_key': 'wc_order_5c77f4f414e20', 'billing': {'first_name': 'b_first_name_ex', 'country': 'AM', 'address_1': 'b_address_line_1_ex', 'postcode': '20300', 'company': 'b_company_ex', 'address_2': 'b_address_line_2_ex', 'email': 'boan85@gmail.com', 'city': 'b_city_ex', 'phone': '09494949494', 'last_name': 'b_last_name_wx', 'state': 'b_state_ex'}, 'payment_method_title': 'Check booking availability', 'line_items': [], 'shipping_tax': '0.00', 'version': '3.4.3', '_links': {'customer': [{'href': 'https://devsit-4132.bolt55.servebolt.com/wp-json/wc/v2/customers/52'}], 'self': [{'href': 'https://devsit-4132.bolt55.servebolt.com/wp-json/wc/v2/orders/547'}], 'collection': [{'href': 'https://devsit-4132.bolt55.servebolt.com/wp-json/wc/v2/orders'}]}, 'cart_tax': '0.00', 'shipping_lines': [], 'id': 547, 'number': '547', 'total_tax': '0.00', 'payment_method': 'wc-booking-gateway', 'status': 'pending', 'refunds': [], 'date_created': '2019-02-28T14:44:30', 'created_via': 'admin', 'customer_user_agent': '', 'shipping_total': '0.00', 'transaction_id': '123321', 'currency': 'GBP', 'date_created_gmt': '2019-02-28T14:44:30', 'total': '0.00', 'meta_data': [{'id': 3544, 'value': 'answers_ex', 'key': 'answers'}, {'id': 3545, 'value': 'cp_cert_text_color_ex', 'key': 'cp_cert_text_color'}], 'date_paid_gmt': None, 'customer_note': 'customers notes bout the order example.', 'customer_ip_address': '', 'date_completed': None, 'parent_id': 0, 'discount_total': '0.00', 'customer_id': 52, 'fee_lines': [], 'prices_include_tax': False, 'discount_tax': '0.00'}]
[[2019-03-01 15:24:59] [root] [INFO]]: Get ORDERS LIST info from cache.
[[2019-03-01 15:24:59] [root] [INFO]]: [{'date_completed_gmt': None, 'date_modified': '2019-02-28T14:49:24', 'cart_hash': '', 'date_paid': None, 'date_modified_gmt': '2019-02-28T14:49:24', 'coupon_lines': [{'meta_data': [], 'discount': '0', 'id': 1, 'code': '12121212', 'discount_tax': '0'}], 'tax_lines': [], 'shipping': {'first_name': 's_first_name_ex', 'country': 'AL', 'address_1': 'b_address_line_1_ex', 'company': 'b_company_ex', 'address_2': 'b_address_line_2_ex', 'city': 'b_city_ex', 'postcode': '30020', 'last_name': 'b_first_name_ex', 'state': 'b_state_ex'}, 'order_key': 'wc_order_5c77f4f414e20', 'billing': {'first_name': 'b_first_name_ex', 'country': 'AM', 'address_1': 'b_address_line_1_ex', 'postcode': '20300', 'company': 'b_company_ex', 'address_2': 'b_address_line_2_ex', 'email': 'boan85@gmail.com', 'city': 'b_city_ex', 'phone': '09494949494', 'last_name': 'b_last_name_wx', 'state': 'b_state_ex'}, 'payment_method_title': 'Check booking availability', 'line_items': [], 'shipping_tax': '0.00', 'version': '3.4.3', '_links': {'customer': [{'href': 'https://devsit-4132.bolt55.servebolt.com/wp-json/wc/v2/customers/52'}], 'self': [{'href': 'https://devsit-4132.bolt55.servebolt.com/wp-json/wc/v2/orders/547'}], 'collection': [{'href': 'https://devsit-4132.bolt55.servebolt.com/wp-json/wc/v2/orders'}]}, 'cart_tax': '0.00', 'shipping_lines': [], 'id': 547, 'number': '547', 'total_tax': '0.00', 'payment_method': 'wc-booking-gateway', 'status': 'pending', 'refunds': [], 'date_created': '2019-02-28T14:44:30', 'created_via': 'admin', 'customer_user_agent': '', 'shipping_total': '0.00', 'transaction_id': '123321', 'currency': 'GBP', 'date_created_gmt': '2019-02-28T14:44:30', 'total': '0.00', 'meta_data': [{'id': 3544, 'value': 'answers_ex', 'key': 'answers'}, {'id': 3545, 'value': 'cp_cert_text_color_ex', 'key': 'cp_cert_text_color'}], 'date_paid_gmt': None, 'customer_note': 'customers notes bout the order example.', 'customer_ip_address': '', 'date_completed': None, 'parent_id': 0, 'discount_total': '0.00', 'customer_id': 52, 'fee_lines': [], 'prices_include_tax': False, 'discount_tax': '0.00'}]
[[2019-03-01 15:25:13] [root] [INFO]]: Get ORDERS LIST info from cache.
[[2019-03-01 15:25:13] [root] [INFO]]: [{'date_completed_gmt': None, 'date_modified': '2019-02-28T14:49:24', 'cart_hash': '', 'date_paid': None, 'date_modified_gmt': '2019-02-28T14:49:24', 'coupon_lines': [{'meta_data': [], 'discount': '0', 'id': 1, 'code': '12121212', 'discount_tax': '0'}], 'tax_lines': [], 'shipping': {'first_name': 's_first_name_ex', 'country': 'AL', 'address_1': 'b_address_line_1_ex', 'company': 'b_company_ex', 'address_2': 'b_address_line_2_ex', 'city': 'b_city_ex', 'postcode': '30020', 'last_name': 'b_first_name_ex', 'state': 'b_state_ex'}, 'order_key': 'wc_order_5c77f4f414e20', 'billing': {'first_name': 'b_first_name_ex', 'country': 'AM', 'address_1': 'b_address_line_1_ex', 'postcode': '20300', 'company': 'b_company_ex', 'address_2': 'b_address_line_2_ex', 'email': 'boan85@gmail.com', 'city': 'b_city_ex', 'phone': '09494949494', 'last_name': 'b_last_name_wx', 'state': 'b_state_ex'}, 'payment_method_title': 'Check booking availability', 'line_items': [], 'shipping_tax': '0.00', 'version': '3.4.3', '_links': {'customer': [{'href': 'https://devsit-4132.bolt55.servebolt.com/wp-json/wc/v2/customers/52'}], 'self': [{'href': 'https://devsit-4132.bolt55.servebolt.com/wp-json/wc/v2/orders/547'}], 'collection': [{'href': 'https://devsit-4132.bolt55.servebolt.com/wp-json/wc/v2/orders'}]}, 'cart_tax': '0.00', 'shipping_lines': [], 'id': 547, 'number': '547', 'total_tax': '0.00', 'payment_method': 'wc-booking-gateway', 'status': 'pending', 'refunds': [], 'date_created': '2019-02-28T14:44:30', 'created_via': 'admin', 'customer_user_agent': '', 'shipping_total': '0.00', 'transaction_id': '123321', 'currency': 'GBP', 'date_created_gmt': '2019-02-28T14:44:30', 'total': '0.00', 'meta_data': [{'id': 3544, 'value': 'answers_ex', 'key': 'answers'}, {'id': 3545, 'value': 'cp_cert_text_color_ex', 'key': 'cp_cert_text_color'}], 'date_paid_gmt': None, 'customer_note': 'customers notes bout the order example.', 'customer_ip_address': '', 'date_completed': None, 'parent_id': 0, 'discount_total': '0.00', 'customer_id': 52, 'fee_lines': [], 'prices_include_tax': False, 'discount_tax': '0.00'}]
[[2019-03-01 15:25:24] [root] [INFO]]: Get ORDERS LIST info from cache.
[[2019-03-01 15:25:24] [root] [INFO]]: [{'date_completed_gmt': None, 'date_modified': '2019-02-28T14:49:24', 'cart_hash': '', 'date_paid': None, 'date_modified_gmt': '2019-02-28T14:49:24', 'coupon_lines': [{'meta_data': [], 'discount': '0', 'id': 1, 'code': '12121212', 'discount_tax': '0'}], 'tax_lines': [], 'shipping': {'first_name': 's_first_name_ex', 'country': 'AL', 'address_1': 'b_address_line_1_ex', 'company': 'b_company_ex', 'address_2': 'b_address_line_2_ex', 'city': 'b_city_ex', 'postcode': '30020', 'last_name': 'b_first_name_ex', 'state': 'b_state_ex'}, 'order_key': 'wc_order_5c77f4f414e20', 'billing': {'first_name': 'b_first_name_ex', 'country': 'AM', 'address_1': 'b_address_line_1_ex', 'postcode': '20300', 'company': 'b_company_ex', 'address_2': 'b_address_line_2_ex', 'email': 'boan85@gmail.com', 'city': 'b_city_ex', 'phone': '09494949494', 'last_name': 'b_last_name_wx', 'state': 'b_state_ex'}, 'payment_method_title': 'Check booking availability', 'line_items': [], 'shipping_tax': '0.00', 'version': '3.4.3', '_links': {'customer': [{'href': 'https://devsit-4132.bolt55.servebolt.com/wp-json/wc/v2/customers/52'}], 'self': [{'href': 'https://devsit-4132.bolt55.servebolt.com/wp-json/wc/v2/orders/547'}], 'collection': [{'href': 'https://devsit-4132.bolt55.servebolt.com/wp-json/wc/v2/orders'}]}, 'cart_tax': '0.00', 'shipping_lines': [], 'id': 547, 'number': '547', 'total_tax': '0.00', 'payment_method': 'wc-booking-gateway', 'status': 'pending', 'refunds': [], 'date_created': '2019-02-28T14:44:30', 'created_via': 'admin', 'customer_user_agent': '', 'shipping_total': '0.00', 'transaction_id': '123321', 'currency': 'GBP', 'date_created_gmt': '2019-02-28T14:44:30', 'total': '0.00', 'meta_data': [{'id': 3544, 'value': 'answers_ex', 'key': 'answers'}, {'id': 3545, 'value': 'cp_cert_text_color_ex', 'key': 'cp_cert_text_color'}], 'date_paid_gmt': None, 'customer_note': 'customers notes bout the order example.', 'customer_ip_address': '', 'date_completed': None, 'parent_id': 0, 'discount_total': '0.00', 'customer_id': 52, 'fee_lines': [], 'prices_include_tax': False, 'discount_tax': '0.00'}]
[[2019-03-01 15:25:31] [root] [INFO]]: Get ORDERS LIST info from cache.
[[2019-03-01 15:25:31] [root] [INFO]]: [{'date_completed_gmt': None, 'date_modified': '2019-02-28T14:49:24', 'cart_hash': '', 'date_paid': None, 'date_modified_gmt': '2019-02-28T14:49:24', 'coupon_lines': [{'meta_data': [], 'discount': '0', 'id': 1, 'code': '12121212', 'discount_tax': '0'}], 'tax_lines': [], 'shipping': {'first_name': 's_first_name_ex', 'country': 'AL', 'address_1': 'b_address_line_1_ex', 'company': 'b_company_ex', 'address_2': 'b_address_line_2_ex', 'city': 'b_city_ex', 'postcode': '30020', 'last_name': 'b_first_name_ex', 'state': 'b_state_ex'}, 'order_key': 'wc_order_5c77f4f414e20', 'billing': {'first_name': 'b_first_name_ex', 'country': 'AM', 'address_1': 'b_address_line_1_ex', 'postcode': '20300', 'company': 'b_company_ex', 'address_2': 'b_address_line_2_ex', 'email': 'boan85@gmail.com', 'city': 'b_city_ex', 'phone': '09494949494', 'last_name': 'b_last_name_wx', 'state': 'b_state_ex'}, 'payment_method_title': 'Check booking availability', 'line_items': [], 'shipping_tax': '0.00', 'version': '3.4.3', '_links': {'customer': [{'href': 'https://devsit-4132.bolt55.servebolt.com/wp-json/wc/v2/customers/52'}], 'self': [{'href': 'https://devsit-4132.bolt55.servebolt.com/wp-json/wc/v2/orders/547'}], 'collection': [{'href': 'https://devsit-4132.bolt55.servebolt.com/wp-json/wc/v2/orders'}]}, 'cart_tax': '0.00', 'shipping_lines': [], 'id': 547, 'number': '547', 'total_tax': '0.00', 'payment_method': 'wc-booking-gateway', 'status': 'pending', 'refunds': [], 'date_created': '2019-02-28T14:44:30', 'created_via': 'admin', 'customer_user_agent': '', 'shipping_total': '0.00', 'transaction_id': '123321', 'currency': 'GBP', 'date_created_gmt': '2019-02-28T14:44:30', 'total': '0.00', 'meta_data': [{'id': 3544, 'value': 'answers_ex', 'key': 'answers'}, {'id': 3545, 'value': 'cp_cert_text_color_ex', 'key': 'cp_cert_text_color'}], 'date_paid_gmt': None, 'customer_note': 'customers notes bout the order example.', 'customer_ip_address': '', 'date_completed': None, 'parent_id': 0, 'discount_total': '0.00', 'customer_id': 52, 'fee_lines': [], 'prices_include_tax': False, 'discount_tax': '0.00'}]
[[2019-03-01 15:25:45] [root] [INFO]]: Get ORDERS LIST info from cache.
[[2019-03-01 15:25:45] [root] [INFO]]: [{'date_completed_gmt': None, 'date_modified': '2019-02-28T14:49:24', 'cart_hash': '', 'date_paid': None, 'date_modified_gmt': '2019-02-28T14:49:24', 'coupon_lines': [{'meta_data': [], 'discount': '0', 'id': 1, 'code': '12121212', 'discount_tax': '0'}], 'tax_lines': [], 'shipping': {'first_name': 's_first_name_ex', 'country': 'AL', 'address_1': 'b_address_line_1_ex', 'company': 'b_company_ex', 'address_2': 'b_address_line_2_ex', 'city': 'b_city_ex', 'postcode': '30020', 'last_name': 'b_first_name_ex', 'state': 'b_state_ex'}, 'order_key': 'wc_order_5c77f4f414e20', 'billing': {'first_name': 'b_first_name_ex', 'country': 'AM', 'address_1': 'b_address_line_1_ex', 'postcode': '20300', 'company': 'b_company_ex', 'address_2': 'b_address_line_2_ex', 'email': 'boan85@gmail.com', 'city': 'b_city_ex', 'phone': '09494949494', 'last_name': 'b_last_name_wx', 'state': 'b_state_ex'}, 'payment_method_title': 'Check booking availability', 'line_items': [], 'shipping_tax': '0.00', 'version': '3.4.3', '_links': {'customer': [{'href': 'https://devsit-4132.bolt55.servebolt.com/wp-json/wc/v2/customers/52'}], 'self': [{'href': 'https://devsit-4132.bolt55.servebolt.com/wp-json/wc/v2/orders/547'}], 'collection': [{'href': 'https://devsit-4132.bolt55.servebolt.com/wp-json/wc/v2/orders'}]}, 'cart_tax': '0.00', 'shipping_lines': [], 'id': 547, 'number': '547', 'total_tax': '0.00', 'payment_method': 'wc-booking-gateway', 'status': 'pending', 'refunds': [], 'date_created': '2019-02-28T14:44:30', 'created_via': 'admin', 'customer_user_agent': '', 'shipping_total': '0.00', 'transaction_id': '123321', 'currency': 'GBP', 'date_created_gmt': '2019-02-28T14:44:30', 'total': '0.00', 'meta_data': [{'id': 3544, 'value': 'answers_ex', 'key': 'answers'}, {'id': 3545, 'value': 'cp_cert_text_color_ex', 'key': 'cp_cert_text_color'}], 'date_paid_gmt': None, 'customer_note': 'customers notes bout the order example.', 'customer_ip_address': '', 'date_completed': None, 'parent_id': 0, 'discount_total': '0.00', 'customer_id': 52, 'fee_lines': [], 'prices_include_tax': False, 'discount_tax': '0.00'}]
[[2019-03-01 15:25:50] [root] [INFO]]: Get ORDERS LIST info from cache.
[[2019-03-01 15:25:50] [root] [INFO]]: [{'date_completed_gmt': None, 'date_modified': '2019-02-28T14:49:24', 'cart_hash': '', 'date_paid': None, 'date_modified_gmt': '2019-02-28T14:49:24', 'coupon_lines': [{'meta_data': [], 'discount': '0', 'id': 1, 'code': '12121212', 'discount_tax': '0'}], 'tax_lines': [], 'shipping': {'first_name': 's_first_name_ex', 'country': 'AL', 'address_1': 'b_address_line_1_ex', 'company': 'b_company_ex', 'address_2': 'b_address_line_2_ex', 'city': 'b_city_ex', 'postcode': '30020', 'last_name': 'b_first_name_ex', 'state': 'b_state_ex'}, 'order_key': 'wc_order_5c77f4f414e20', 'billing': {'first_name': 'b_first_name_ex', 'country': 'AM', 'address_1': 'b_address_line_1_ex', 'postcode': '20300', 'company': 'b_company_ex', 'address_2': 'b_address_line_2_ex', 'email': 'boan85@gmail.com', 'city': 'b_city_ex', 'phone': '09494949494', 'last_name': 'b_last_name_wx', 'state': 'b_state_ex'}, 'payment_method_title': 'Check booking availability', 'line_items': [], 'shipping_tax': '0.00', 'version': '3.4.3', '_links': {'customer': [{'href': 'https://devsit-4132.bolt55.servebolt.com/wp-json/wc/v2/customers/52'}], 'self': [{'href': 'https://devsit-4132.bolt55.servebolt.com/wp-json/wc/v2/orders/547'}], 'collection': [{'href': 'https://devsit-4132.bolt55.servebolt.com/wp-json/wc/v2/orders'}]}, 'cart_tax': '0.00', 'shipping_lines': [], 'id': 547, 'number': '547', 'total_tax': '0.00', 'payment_method': 'wc-booking-gateway', 'status': 'pending', 'refunds': [], 'date_created': '2019-02-28T14:44:30', 'created_via': 'admin', 'customer_user_agent': '', 'shipping_total': '0.00', 'transaction_id': '123321', 'currency': 'GBP', 'date_created_gmt': '2019-02-28T14:44:30', 'total': '0.00', 'meta_data': [{'id': 3544, 'value': 'answers_ex', 'key': 'answers'}, {'id': 3545, 'value': 'cp_cert_text_color_ex', 'key': 'cp_cert_text_color'}], 'date_paid_gmt': None, 'customer_note': 'customers notes bout the order example.', 'customer_ip_address': '', 'date_completed': None, 'parent_id': 0, 'discount_total': '0.00', 'customer_id': 52, 'fee_lines': [], 'prices_include_tax': False, 'discount_tax': '0.00'}]
[[2019-03-01 15:26:14] [root] [INFO]]: Get ORDERS LIST info from cache.
[[2019-03-01 15:26:14] [root] [INFO]]: [{'date_completed_gmt': None, 'date_modified': '2019-02-28T14:49:24', 'cart_hash': '', 'date_paid': None, 'date_modified_gmt': '2019-02-28T14:49:24', 'coupon_lines': [{'meta_data': [], 'discount': '0', 'id': 1, 'code': '12121212', 'discount_tax': '0'}], 'tax_lines': [], 'shipping': {'first_name': 's_first_name_ex', 'country': 'AL', 'address_1': 'b_address_line_1_ex', 'company': 'b_company_ex', 'address_2': 'b_address_line_2_ex', 'city': 'b_city_ex', 'postcode': '30020', 'last_name': 'b_first_name_ex', 'state': 'b_state_ex'}, 'order_key': 'wc_order_5c77f4f414e20', 'billing': {'first_name': 'b_first_name_ex', 'country': 'AM', 'address_1': 'b_address_line_1_ex', 'postcode': '20300', 'company': 'b_company_ex', 'address_2': 'b_address_line_2_ex', 'email': 'boan85@gmail.com', 'city': 'b_city_ex', 'phone': '09494949494', 'last_name': 'b_last_name_wx', 'state': 'b_state_ex'}, 'payment_method_title': 'Check booking availability', 'line_items': [], 'shipping_tax': '0.00', 'version': '3.4.3', '_links': {'customer': [{'href': 'https://devsit-4132.bolt55.servebolt.com/wp-json/wc/v2/customers/52'}], 'self': [{'href': 'https://devsit-4132.bolt55.servebolt.com/wp-json/wc/v2/orders/547'}], 'collection': [{'href': 'https://devsit-4132.bolt55.servebolt.com/wp-json/wc/v2/orders'}]}, 'cart_tax': '0.00', 'shipping_lines': [], 'id': 547, 'number': '547', 'total_tax': '0.00', 'payment_method': 'wc-booking-gateway', 'status': 'pending', 'refunds': [], 'date_created': '2019-02-28T14:44:30', 'created_via': 'admin', 'customer_user_agent': '', 'shipping_total': '0.00', 'transaction_id': '123321', 'currency': 'GBP', 'date_created_gmt': '2019-02-28T14:44:30', 'total': '0.00', 'meta_data': [{'id': 3544, 'value': 'answers_ex', 'key': 'answers'}, {'id': 3545, 'value': 'cp_cert_text_color_ex', 'key': 'cp_cert_text_color'}], 'date_paid_gmt': None, 'customer_note': 'customers notes bout the order example.', 'customer_ip_address': '', 'date_completed': None, 'parent_id': 0, 'discount_total': '0.00', 'customer_id': 52, 'fee_lines': [], 'prices_include_tax': False, 'discount_tax': '0.00'}]
[[2019-03-01 15:26:24] [root] [INFO]]: Get ORDERS LIST info from cache.
[[2019-03-01 15:26:24] [root] [INFO]]: [{'date_completed_gmt': None, 'date_modified': '2019-02-28T14:49:24', 'cart_hash': '', 'date_paid': None, 'date_modified_gmt': '2019-02-28T14:49:24', 'coupon_lines': [{'meta_data': [], 'discount': '0', 'id': 1, 'code': '12121212', 'discount_tax': '0'}], 'tax_lines': [], 'shipping': {'first_name': 's_first_name_ex', 'country': 'AL', 'address_1': 'b_address_line_1_ex', 'company': 'b_company_ex', 'address_2': 'b_address_line_2_ex', 'city': 'b_city_ex', 'postcode': '30020', 'last_name': 'b_first_name_ex', 'state': 'b_state_ex'}, 'order_key': 'wc_order_5c77f4f414e20', 'billing': {'first_name': 'b_first_name_ex', 'country': 'AM', 'address_1': 'b_address_line_1_ex', 'postcode': '20300', 'company': 'b_company_ex', 'address_2': 'b_address_line_2_ex', 'email': 'boan85@gmail.com', 'city': 'b_city_ex', 'phone': '09494949494', 'last_name': 'b_last_name_wx', 'state': 'b_state_ex'}, 'payment_method_title': 'Check booking availability', 'line_items': [], 'shipping_tax': '0.00', 'version': '3.4.3', '_links': {'customer': [{'href': 'https://devsit-4132.bolt55.servebolt.com/wp-json/wc/v2/customers/52'}], 'self': [{'href': 'https://devsit-4132.bolt55.servebolt.com/wp-json/wc/v2/orders/547'}], 'collection': [{'href': 'https://devsit-4132.bolt55.servebolt.com/wp-json/wc/v2/orders'}]}, 'cart_tax': '0.00', 'shipping_lines': [], 'id': 547, 'number': '547', 'total_tax': '0.00', 'payment_method': 'wc-booking-gateway', 'status': 'pending', 'refunds': [], 'date_created': '2019-02-28T14:44:30', 'created_via': 'admin', 'customer_user_agent': '', 'shipping_total': '0.00', 'transaction_id': '123321', 'currency': 'GBP', 'date_created_gmt': '2019-02-28T14:44:30', 'total': '0.00', 'meta_data': [{'id': 3544, 'value': 'answers_ex', 'key': 'answers'}, {'id': 3545, 'value': 'cp_cert_text_color_ex', 'key': 'cp_cert_text_color'}], 'date_paid_gmt': None, 'customer_note': 'customers notes bout the order example.', 'customer_ip_address': '', 'date_completed': None, 'parent_id': 0, 'discount_total': '0.00', 'customer_id': 52, 'fee_lines': [], 'prices_include_tax': False, 'discount_tax': '0.00'}]
[[2019-03-01 15:26:31] [root] [INFO]]: Get ORDERS LIST info from cache.
[[2019-03-01 15:26:31] [root] [INFO]]: [{'date_completed_gmt': None, 'date_modified': '2019-02-28T14:49:24', 'cart_hash': '', 'date_paid': None, 'date_modified_gmt': '2019-02-28T14:49:24', 'coupon_lines': [{'meta_data': [], 'discount': '0', 'id': 1, 'code': '12121212', 'discount_tax': '0'}], 'tax_lines': [], 'shipping': {'first_name': 's_first_name_ex', 'country': 'AL', 'address_1': 'b_address_line_1_ex', 'company': 'b_company_ex', 'address_2': 'b_address_line_2_ex', 'city': 'b_city_ex', 'postcode': '30020', 'last_name': 'b_first_name_ex', 'state': 'b_state_ex'}, 'order_key': 'wc_order_5c77f4f414e20', 'billing': {'first_name': 'b_first_name_ex', 'country': 'AM', 'address_1': 'b_address_line_1_ex', 'postcode': '20300', 'company': 'b_company_ex', 'address_2': 'b_address_line_2_ex', 'email': 'boan85@gmail.com', 'city': 'b_city_ex', 'phone': '09494949494', 'last_name': 'b_last_name_wx', 'state': 'b_state_ex'}, 'payment_method_title': 'Check booking availability', 'line_items': [], 'shipping_tax': '0.00', 'version': '3.4.3', '_links': {'customer': [{'href': 'https://devsit-4132.bolt55.servebolt.com/wp-json/wc/v2/customers/52'}], 'self': [{'href': 'https://devsit-4132.bolt55.servebolt.com/wp-json/wc/v2/orders/547'}], 'collection': [{'href': 'https://devsit-4132.bolt55.servebolt.com/wp-json/wc/v2/orders'}]}, 'cart_tax': '0.00', 'shipping_lines': [], 'id': 547, 'number': '547', 'total_tax': '0.00', 'payment_method': 'wc-booking-gateway', 'status': 'pending', 'refunds': [], 'date_created': '2019-02-28T14:44:30', 'created_via': 'admin', 'customer_user_agent': '', 'shipping_total': '0.00', 'transaction_id': '123321', 'currency': 'GBP', 'date_created_gmt': '2019-02-28T14:44:30', 'total': '0.00', 'meta_data': [{'id': 3544, 'value': 'answers_ex', 'key': 'answers'}, {'id': 3545, 'value': 'cp_cert_text_color_ex', 'key': 'cp_cert_text_color'}], 'date_paid_gmt': None, 'customer_note': 'customers notes bout the order example.', 'customer_ip_address': '', 'date_completed': None, 'parent_id': 0, 'discount_total': '0.00', 'customer_id': 52, 'fee_lines': [], 'prices_include_tax': False, 'discount_tax': '0.00'}]
[[2019-03-01 15:28:41] [root] [INFO]]: Get ORDERS LIST info from cache.
[[2019-03-01 15:28:41] [root] [INFO]]: [{'date_completed_gmt': None, 'date_modified': '2019-02-28T14:49:24', 'cart_hash': '', 'date_paid': None, 'date_modified_gmt': '2019-02-28T14:49:24', 'coupon_lines': [{'meta_data': [], 'discount': '0', 'id': 1, 'code': '12121212', 'discount_tax': '0'}], 'tax_lines': [], 'shipping': {'first_name': 's_first_name_ex', 'country': 'AL', 'address_1': 'b_address_line_1_ex', 'company': 'b_company_ex', 'address_2': 'b_address_line_2_ex', 'city': 'b_city_ex', 'postcode': '30020', 'last_name': 'b_first_name_ex', 'state': 'b_state_ex'}, 'order_key': 'wc_order_5c77f4f414e20', 'billing': {'first_name': 'b_first_name_ex', 'country': 'AM', 'address_1': 'b_address_line_1_ex', 'postcode': '20300', 'company': 'b_company_ex', 'address_2': 'b_address_line_2_ex', 'email': 'boan85@gmail.com', 'city': 'b_city_ex', 'phone': '09494949494', 'last_name': 'b_last_name_wx', 'state': 'b_state_ex'}, 'payment_method_title': 'Check booking availability', 'line_items': [], 'shipping_tax': '0.00', 'version': '3.4.3', '_links': {'customer': [{'href': 'https://devsit-4132.bolt55.servebolt.com/wp-json/wc/v2/customers/52'}], 'self': [{'href': 'https://devsit-4132.bolt55.servebolt.com/wp-json/wc/v2/orders/547'}], 'collection': [{'href': 'https://devsit-4132.bolt55.servebolt.com/wp-json/wc/v2/orders'}]}, 'cart_tax': '0.00', 'shipping_lines': [], 'id': 547, 'number': '547', 'total_tax': '0.00', 'payment_method': 'wc-booking-gateway', 'status': 'pending', 'refunds': [], 'date_created': '2019-02-28T14:44:30', 'created_via': 'admin', 'customer_user_agent': '', 'shipping_total': '0.00', 'transaction_id': '123321', 'currency': 'GBP', 'date_created_gmt': '2019-02-28T14:44:30', 'total': '0.00', 'meta_data': [{'id': 3544, 'value': 'answers_ex', 'key': 'answers'}, {'id': 3545, 'value': 'cp_cert_text_color_ex', 'key': 'cp_cert_text_color'}], 'date_paid_gmt': None, 'customer_note': 'customers notes bout the order example.', 'customer_ip_address': '', 'date_completed': None, 'parent_id': 0, 'discount_total': '0.00', 'customer_id': 52, 'fee_lines': [], 'prices_include_tax': False, 'discount_tax': '0.00'}]
[[2019-03-01 15:42:30] [root] [INFO]]: Get ORDERS LIST info from cache.
[[2019-03-01 15:42:30] [root] [INFO]]: [{'date_modified_gmt': '2019-02-28T14:49:24', 'tax_lines': [], 'date_paid_gmt': None, 'id': 547, 'payment_method': 'wc-booking-gateway', 'cart_tax': '0.00', 'created_via': 'admin', 'meta_data': [{'value': 'answers_ex', 'key': 'answers', 'id': 3544}, {'value': 'cp_cert_text_color_ex', 'key': 'cp_cert_text_color', 'id': 3545}], 'discount_total': '0.00', 'status': 'pending', 'date_completed_gmt': None, 'coupon_lines': [{'meta_data': [], 'code': '12121212', 'id': 1, 'discount': '0', 'discount_tax': '0'}], 'customer_note': 'customers notes bout the order example.', 'discount_tax': '0.00', 'total': '0.00', 'shipping_lines': [], 'customer_id': 52, 'total_tax': '0.00', 'shipping_total': '0.00', 'currency': 'GBP', 'payment_method_title': 'Check booking availability', 'shipping_tax': '0.00', 'customer_ip_address': '', 'cart_hash': '', 'date_modified': '2019-02-28T14:49:24', 'line_items': [], 'order_key': 'wc_order_5c77f4f414e20', 'date_completed': None, 'fee_lines': [], '_links': {'collection': [{'href': 'https://devsit-4132.bolt55.servebolt.com/wp-json/wc/v2/orders'}], 'self': [{'href': 'https://devsit-4132.bolt55.servebolt.com/wp-json/wc/v2/orders/547'}], 'customer': [{'href': 'https://devsit-4132.bolt55.servebolt.com/wp-json/wc/v2/customers/52'}]}, 'transaction_id': '123321', 'number': '547', 'prices_include_tax': False, 'date_created_gmt': '2019-02-28T14:44:30', 'version': '3.4.3', 'date_created': '2019-02-28T14:44:30', 'date_paid': None, 'customer_user_agent': '', 'parent_id': 0, 'refunds': [], 'billing': {'postcode': '20300', 'company': 'b_company_ex', 'state': 'b_state_ex', 'city': 'b_city_ex', 'country': 'AM', 'address_1': 'b_address_line_1_ex', 'phone': '09494949494', 'address_2': 'b_address_line_2_ex', 'first_name': 'b_first_name_ex', 'last_name': 'b_last_name_wx', 'email': 'boan85@gmail.com'}, 'shipping': {'postcode': '30020', 'company': 'b_company_ex', 'state': 'b_state_ex', 'country': 'AL', 'address_1': 'b_address_line_1_ex', 'address_2': 'b_address_line_2_ex', 'first_name': 's_first_name_ex', 'last_name': 'b_first_name_ex', 'city': 'b_city_ex'}}]
[[2019-03-01 15:42:30] [django.request] [ERROR]]: Internal Server Error: /orders/list/
Traceback (most recent call last):
  File "/home/kolas/work/django_crm_fork/Django-CRM/django_crm_venv/lib/python3.4/site-packages/django/core/handlers/exception.py", line 35, in inner
    response = get_response(request)
  File "/home/kolas/work/django_crm_fork/Django-CRM/django_crm_venv/lib/python3.4/site-packages/django/core/handlers/base.py", line 128, in _get_response
    response = self.process_exception_by_middleware(e, request)
  File "/home/kolas/work/django_crm_fork/Django-CRM/django_crm_venv/lib/python3.4/site-packages/django/core/handlers/base.py", line 126, in _get_response
    response = wrapped_callback(request, *callback_args, **callback_kwargs)
  File "/home/kolas/work/django_crm_fork/Django-CRM/django_crm_venv/lib/python3.4/site-packages/django/views/generic/base.py", line 69, in view
    return self.dispatch(request, *args, **kwargs)
  File "/home/kolas/work/django_crm_fork/Django-CRM/django_crm_venv/lib/python3.4/site-packages/django/contrib/auth/mixins.py", line 52, in dispatch
    return super().dispatch(request, *args, **kwargs)
  File "/home/kolas/work/django_crm_fork/Django-CRM/django_crm_venv/lib/python3.4/site-packages/django/views/generic/base.py", line 89, in dispatch
    return handler(request, *args, **kwargs)
  File "/home/kolas/work/django_crm_fork/v1/Django-CRM/wc_orders/views.py", line 22, in get
    return JsonResponse(request, "orders.html", orders)
  File "/home/kolas/work/django_crm_fork/Django-CRM/django_crm_venv/lib/python3.4/site-packages/django/http/response.py", line 503, in __init__
    'In order to allow non-dict objects to be serialized set the '
TypeError: In order to allow non-dict objects to be serialized set the safe parameter to False.
[[2019-03-01 15:43:21] [root] [INFO]]: Get ORDERS LIST info from cache.
[[2019-03-01 15:43:21] [root] [INFO]]: [{'shipping_lines': [], 'date_modified_gmt': '2019-02-28T14:49:24', 'customer_ip_address': '', 'number': '547', 'tax_lines': [], 'total': '0.00', 'discount_tax': '0.00', 'shipping_tax': '0.00', 'date_created': '2019-02-28T14:44:30', 'parent_id': 0, 'coupon_lines': [{'discount_tax': '0', 'discount': '0', 'meta_data': [], 'code': '12121212', 'id': 1}], 'discount_total': '0.00', 'date_created_gmt': '2019-02-28T14:44:30', 'id': 547, 'date_paid_gmt': None, 'order_key': 'wc_order_5c77f4f414e20', 'total_tax': '0.00', 'customer_user_agent': '', 'payment_method_title': 'Check booking availability', 'date_paid': None, 'customer_note': 'customers notes bout the order example.', 'line_items': [], 'shipping_total': '0.00', 'payment_method': 'wc-booking-gateway', 'date_modified': '2019-02-28T14:49:24', 'cart_tax': '0.00', 'date_completed': None, 'cart_hash': '', 'status': 'pending', 'refunds': [], 'version': '3.4.3', 'fee_lines': [], 'meta_data': [{'value': 'answers_ex', 'key': 'answers', 'id': 3544}, {'value': 'cp_cert_text_color_ex', 'key': 'cp_cert_text_color', 'id': 3545}], 'shipping': {'company': 'b_company_ex', 'address_2': 'b_address_line_2_ex', 'first_name': 's_first_name_ex', 'country': 'AL', 'last_name': 'b_first_name_ex', 'postcode': '30020', 'city': 'b_city_ex', 'address_1': 'b_address_line_1_ex', 'state': 'b_state_ex'}, 'currency': 'GBP', '_links': {'collection': [{'href': 'https://devsit-4132.bolt55.servebolt.com/wp-json/wc/v2/orders'}], 'self': [{'href': 'https://devsit-4132.bolt55.servebolt.com/wp-json/wc/v2/orders/547'}], 'customer': [{'href': 'https://devsit-4132.bolt55.servebolt.com/wp-json/wc/v2/customers/52'}]}, 'prices_include_tax': False, 'date_completed_gmt': None, 'billing': {'phone': '09494949494', 'address_2': 'b_address_line_2_ex', 'email': 'boan85@gmail.com', 'first_name': 'b_first_name_ex', 'country': 'AM', 'last_name': 'b_last_name_wx', 'company': 'b_company_ex', 'postcode': '20300', 'city': 'b_city_ex', 'address_1': 'b_address_line_1_ex', 'state': 'b_state_ex'}, 'created_via': 'admin', 'transaction_id': '123321', 'customer_id': 52}]
[[2019-03-01 15:43:41] [root] [INFO]]: Get ORDERS LIST info from cache.
[[2019-03-01 15:43:41] [root] [INFO]]: [{'shipping_lines': [], 'date_modified_gmt': '2019-02-28T14:49:24', 'customer_ip_address': '', 'number': '547', 'tax_lines': [], 'total': '0.00', 'discount_tax': '0.00', 'shipping_tax': '0.00', 'date_created': '2019-02-28T14:44:30', 'parent_id': 0, 'coupon_lines': [{'discount_tax': '0', 'discount': '0', 'meta_data': [], 'code': '12121212', 'id': 1}], 'discount_total': '0.00', 'date_created_gmt': '2019-02-28T14:44:30', 'id': 547, 'date_paid_gmt': None, 'order_key': 'wc_order_5c77f4f414e20', 'total_tax': '0.00', 'customer_user_agent': '', 'payment_method_title': 'Check booking availability', 'date_paid': None, 'customer_note': 'customers notes bout the order example.', 'line_items': [], 'shipping_total': '0.00', 'payment_method': 'wc-booking-gateway', 'date_modified': '2019-02-28T14:49:24', 'cart_tax': '0.00', 'date_completed': None, 'cart_hash': '', 'status': 'pending', 'refunds': [], 'version': '3.4.3', 'fee_lines': [], 'meta_data': [{'value': 'answers_ex', 'key': 'answers', 'id': 3544}, {'value': 'cp_cert_text_color_ex', 'key': 'cp_cert_text_color', 'id': 3545}], 'shipping': {'company': 'b_company_ex', 'address_2': 'b_address_line_2_ex', 'first_name': 's_first_name_ex', 'country': 'AL', 'last_name': 'b_first_name_ex', 'postcode': '30020', 'city': 'b_city_ex', 'address_1': 'b_address_line_1_ex', 'state': 'b_state_ex'}, 'currency': 'GBP', '_links': {'collection': [{'href': 'https://devsit-4132.bolt55.servebolt.com/wp-json/wc/v2/orders'}], 'self': [{'href': 'https://devsit-4132.bolt55.servebolt.com/wp-json/wc/v2/orders/547'}], 'customer': [{'href': 'https://devsit-4132.bolt55.servebolt.com/wp-json/wc/v2/customers/52'}]}, 'prices_include_tax': False, 'date_completed_gmt': None, 'billing': {'phone': '09494949494', 'address_2': 'b_address_line_2_ex', 'email': 'boan85@gmail.com', 'first_name': 'b_first_name_ex', 'country': 'AM', 'last_name': 'b_last_name_wx', 'company': 'b_company_ex', 'postcode': '20300', 'city': 'b_city_ex', 'address_1': 'b_address_line_1_ex', 'state': 'b_state_ex'}, 'created_via': 'admin', 'transaction_id': '123321', 'customer_id': 52}]
[[2019-03-01 15:43:42] [root] [INFO]]: Get ORDERS LIST info from cache.
[[2019-03-01 15:43:42] [root] [INFO]]: [{'shipping_lines': [], 'date_modified_gmt': '2019-02-28T14:49:24', 'customer_ip_address': '', 'number': '547', 'tax_lines': [], 'total': '0.00', 'discount_tax': '0.00', 'shipping_tax': '0.00', 'date_created': '2019-02-28T14:44:30', 'parent_id': 0, 'coupon_lines': [{'discount_tax': '0', 'discount': '0', 'meta_data': [], 'code': '12121212', 'id': 1}], 'discount_total': '0.00', 'date_created_gmt': '2019-02-28T14:44:30', 'id': 547, 'date_paid_gmt': None, 'order_key': 'wc_order_5c77f4f414e20', 'total_tax': '0.00', 'customer_user_agent': '', 'payment_method_title': 'Check booking availability', 'date_paid': None, 'customer_note': 'customers notes bout the order example.', 'line_items': [], 'shipping_total': '0.00', 'payment_method': 'wc-booking-gateway', 'date_modified': '2019-02-28T14:49:24', 'cart_tax': '0.00', 'date_completed': None, 'cart_hash': '', 'status': 'pending', 'refunds': [], 'version': '3.4.3', 'fee_lines': [], 'meta_data': [{'value': 'answers_ex', 'key': 'answers', 'id': 3544}, {'value': 'cp_cert_text_color_ex', 'key': 'cp_cert_text_color', 'id': 3545}], 'shipping': {'company': 'b_company_ex', 'address_2': 'b_address_line_2_ex', 'first_name': 's_first_name_ex', 'country': 'AL', 'last_name': 'b_first_name_ex', 'postcode': '30020', 'city': 'b_city_ex', 'address_1': 'b_address_line_1_ex', 'state': 'b_state_ex'}, 'currency': 'GBP', '_links': {'collection': [{'href': 'https://devsit-4132.bolt55.servebolt.com/wp-json/wc/v2/orders'}], 'self': [{'href': 'https://devsit-4132.bolt55.servebolt.com/wp-json/wc/v2/orders/547'}], 'customer': [{'href': 'https://devsit-4132.bolt55.servebolt.com/wp-json/wc/v2/customers/52'}]}, 'prices_include_tax': False, 'date_completed_gmt': None, 'billing': {'phone': '09494949494', 'address_2': 'b_address_line_2_ex', 'email': 'boan85@gmail.com', 'first_name': 'b_first_name_ex', 'country': 'AM', 'last_name': 'b_last_name_wx', 'company': 'b_company_ex', 'postcode': '20300', 'city': 'b_city_ex', 'address_1': 'b_address_line_1_ex', 'state': 'b_state_ex'}, 'created_via': 'admin', 'transaction_id': '123321', 'customer_id': 52}]
[[2019-03-01 15:43:42] [root] [INFO]]: Get ORDERS LIST info from cache.
[[2019-03-01 15:43:42] [root] [INFO]]: [{'shipping_lines': [], 'date_modified_gmt': '2019-02-28T14:49:24', 'customer_ip_address': '', 'number': '547', 'tax_lines': [], 'total': '0.00', 'discount_tax': '0.00', 'shipping_tax': '0.00', 'date_created': '2019-02-28T14:44:30', 'parent_id': 0, 'coupon_lines': [{'discount_tax': '0', 'discount': '0', 'meta_data': [], 'code': '12121212', 'id': 1}], 'discount_total': '0.00', 'date_created_gmt': '2019-02-28T14:44:30', 'id': 547, 'date_paid_gmt': None, 'order_key': 'wc_order_5c77f4f414e20', 'total_tax': '0.00', 'customer_user_agent': '', 'payment_method_title': 'Check booking availability', 'date_paid': None, 'customer_note': 'customers notes bout the order example.', 'line_items': [], 'shipping_total': '0.00', 'payment_method': 'wc-booking-gateway', 'date_modified': '2019-02-28T14:49:24', 'cart_tax': '0.00', 'date_completed': None, 'cart_hash': '', 'status': 'pending', 'refunds': [], 'version': '3.4.3', 'fee_lines': [], 'meta_data': [{'value': 'answers_ex', 'key': 'answers', 'id': 3544}, {'value': 'cp_cert_text_color_ex', 'key': 'cp_cert_text_color', 'id': 3545}], 'shipping': {'company': 'b_company_ex', 'address_2': 'b_address_line_2_ex', 'first_name': 's_first_name_ex', 'country': 'AL', 'last_name': 'b_first_name_ex', 'postcode': '30020', 'city': 'b_city_ex', 'address_1': 'b_address_line_1_ex', 'state': 'b_state_ex'}, 'currency': 'GBP', '_links': {'collection': [{'href': 'https://devsit-4132.bolt55.servebolt.com/wp-json/wc/v2/orders'}], 'self': [{'href': 'https://devsit-4132.bolt55.servebolt.com/wp-json/wc/v2/orders/547'}], 'customer': [{'href': 'https://devsit-4132.bolt55.servebolt.com/wp-json/wc/v2/customers/52'}]}, 'prices_include_tax': False, 'date_completed_gmt': None, 'billing': {'phone': '09494949494', 'address_2': 'b_address_line_2_ex', 'email': 'boan85@gmail.com', 'first_name': 'b_first_name_ex', 'country': 'AM', 'last_name': 'b_last_name_wx', 'company': 'b_company_ex', 'postcode': '20300', 'city': 'b_city_ex', 'address_1': 'b_address_line_1_ex', 'state': 'b_state_ex'}, 'created_via': 'admin', 'transaction_id': '123321', 'customer_id': 52}]
[[2019-03-01 15:43:43] [root] [INFO]]: Get ORDERS LIST info from cache.
[[2019-03-01 15:43:43] [root] [INFO]]: [{'shipping_lines': [], 'date_modified_gmt': '2019-02-28T14:49:24', 'customer_ip_address': '', 'number': '547', 'tax_lines': [], 'total': '0.00', 'discount_tax': '0.00', 'shipping_tax': '0.00', 'date_created': '2019-02-28T14:44:30', 'parent_id': 0, 'coupon_lines': [{'discount_tax': '0', 'discount': '0', 'meta_data': [], 'code': '12121212', 'id': 1}], 'discount_total': '0.00', 'date_created_gmt': '2019-02-28T14:44:30', 'id': 547, 'date_paid_gmt': None, 'order_key': 'wc_order_5c77f4f414e20', 'total_tax': '0.00', 'customer_user_agent': '', 'payment_method_title': 'Check booking availability', 'date_paid': None, 'customer_note': 'customers notes bout the order example.', 'line_items': [], 'shipping_total': '0.00', 'payment_method': 'wc-booking-gateway', 'date_modified': '2019-02-28T14:49:24', 'cart_tax': '0.00', 'date_completed': None, 'cart_hash': '', 'status': 'pending', 'refunds': [], 'version': '3.4.3', 'fee_lines': [], 'meta_data': [{'value': 'answers_ex', 'key': 'answers', 'id': 3544}, {'value': 'cp_cert_text_color_ex', 'key': 'cp_cert_text_color', 'id': 3545}], 'shipping': {'company': 'b_company_ex', 'address_2': 'b_address_line_2_ex', 'first_name': 's_first_name_ex', 'country': 'AL', 'last_name': 'b_first_name_ex', 'postcode': '30020', 'city': 'b_city_ex', 'address_1': 'b_address_line_1_ex', 'state': 'b_state_ex'}, 'currency': 'GBP', '_links': {'collection': [{'href': 'https://devsit-4132.bolt55.servebolt.com/wp-json/wc/v2/orders'}], 'self': [{'href': 'https://devsit-4132.bolt55.servebolt.com/wp-json/wc/v2/orders/547'}], 'customer': [{'href': 'https://devsit-4132.bolt55.servebolt.com/wp-json/wc/v2/customers/52'}]}, 'prices_include_tax': False, 'date_completed_gmt': None, 'billing': {'phone': '09494949494', 'address_2': 'b_address_line_2_ex', 'email': 'boan85@gmail.com', 'first_name': 'b_first_name_ex', 'country': 'AM', 'last_name': 'b_last_name_wx', 'company': 'b_company_ex', 'postcode': '20300', 'city': 'b_city_ex', 'address_1': 'b_address_line_1_ex', 'state': 'b_state_ex'}, 'created_via': 'admin', 'transaction_id': '123321', 'customer_id': 52}]
[[2019-03-01 15:48:13] [root] [INFO]]: Get ORDERS LIST info from cache.
[[2019-03-01 15:48:13] [root] [INFO]]: [{'shipping_lines': [], 'date_modified_gmt': '2019-02-28T14:49:24', 'customer_ip_address': '', 'number': '547', 'tax_lines': [], 'total': '0.00', 'discount_tax': '0.00', 'shipping_tax': '0.00', 'date_created': '2019-02-28T14:44:30', 'parent_id': 0, 'coupon_lines': [{'discount_tax': '0', 'discount': '0', 'meta_data': [], 'code': '12121212', 'id': 1}], 'discount_total': '0.00', 'date_created_gmt': '2019-02-28T14:44:30', 'id': 547, 'date_paid_gmt': None, 'order_key': 'wc_order_5c77f4f414e20', 'total_tax': '0.00', 'customer_user_agent': '', 'payment_method_title': 'Check booking availability', 'date_paid': None, 'customer_note': 'customers notes bout the order example.', 'line_items': [], 'shipping_total': '0.00', 'payment_method': 'wc-booking-gateway', 'date_modified': '2019-02-28T14:49:24', 'cart_tax': '0.00', 'date_completed': None, 'cart_hash': '', 'status': 'pending', 'refunds': [], 'version': '3.4.3', 'fee_lines': [], 'meta_data': [{'value': 'answers_ex', 'key': 'answers', 'id': 3544}, {'value': 'cp_cert_text_color_ex', 'key': 'cp_cert_text_color', 'id': 3545}], 'shipping': {'company': 'b_company_ex', 'address_2': 'b_address_line_2_ex', 'first_name': 's_first_name_ex', 'country': 'AL', 'last_name': 'b_first_name_ex', 'postcode': '30020', 'city': 'b_city_ex', 'address_1': 'b_address_line_1_ex', 'state': 'b_state_ex'}, 'currency': 'GBP', '_links': {'collection': [{'href': 'https://devsit-4132.bolt55.servebolt.com/wp-json/wc/v2/orders'}], 'self': [{'href': 'https://devsit-4132.bolt55.servebolt.com/wp-json/wc/v2/orders/547'}], 'customer': [{'href': 'https://devsit-4132.bolt55.servebolt.com/wp-json/wc/v2/customers/52'}]}, 'prices_include_tax': False, 'date_completed_gmt': None, 'billing': {'phone': '09494949494', 'address_2': 'b_address_line_2_ex', 'email': 'boan85@gmail.com', 'first_name': 'b_first_name_ex', 'country': 'AM', 'last_name': 'b_last_name_wx', 'company': 'b_company_ex', 'postcode': '20300', 'city': 'b_city_ex', 'address_1': 'b_address_line_1_ex', 'state': 'b_state_ex'}, 'created_via': 'admin', 'transaction_id': '123321', 'customer_id': 52}]
[[2019-03-01 15:50:28] [root] [INFO]]: Get ORDERS LIST info from cache.
[[2019-03-01 15:50:28] [root] [INFO]]: [{'transaction_id': '123321', 'order_key': 'wc_order_5c77f4f414e20', 'shipping_total': '0.00', 'customer_user_agent': '', 'fee_lines': [], 'meta_data': [{'value': 'answers_ex', 'id': 3544, 'key': 'answers'}, {'value': 'cp_cert_text_color_ex', 'id': 3545, 'key': 'cp_cert_text_color'}], 'discount_tax': '0.00', 'date_created': '2019-02-28T14:44:30', 'date_paid': None, 'version': '3.4.3', 'payment_method': 'wc-booking-gateway', 'customer_note': 'customers notes bout the order example.', 'coupon_lines': [{'id': 1, 'meta_data': [], 'discount_tax': '0', 'code': '12121212', 'discount': '0'}], 'cart_tax': '0.00', 'date_modified': '2019-02-28T14:49:24', 'date_paid_gmt': None, 'number': '547', 'line_items': [], 'customer_ip_address': '', 'customer_id': 52, 'prices_include_tax': False, 'discount_total': '0.00', 'shipping_tax': '0.00', 'date_modified_gmt': '2019-02-28T14:49:24', 'id': 547, 'cart_hash': '', 'total_tax': '0.00', 'date_completed': None, 'billing': {'country': 'AM', 'state': 'b_state_ex', 'phone': '09494949494', 'postcode': '20300', 'address_2': 'b_address_line_2_ex', 'company': 'b_company_ex', 'email': 'boan85@gmail.com', 'address_1': 'b_address_line_1_ex', 'first_name': 'b_first_name_ex', 'city': 'b_city_ex', 'last_name': 'b_last_name_wx'}, 'shipping': {'country': 'AL', 'address_2': 'b_address_line_2_ex', 'city': 'b_city_ex', 'postcode': '30020', 'company': 'b_company_ex', 'state': 'b_state_ex', 'address_1': 'b_address_line_1_ex', 'first_name': 's_first_name_ex', 'last_name': 'b_first_name_ex'}, 'date_created_gmt': '2019-02-28T14:44:30', 'refunds': [], 'shipping_lines': [], 'status': 'pending', 'tax_lines': [], 'parent_id': 0, 'total': '0.00', '_links': {'customer': [{'href': 'https://devsit-4132.bolt55.servebolt.com/wp-json/wc/v2/customers/52'}], 'self': [{'href': 'https://devsit-4132.bolt55.servebolt.com/wp-json/wc/v2/orders/547'}], 'collection': [{'href': 'https://devsit-4132.bolt55.servebolt.com/wp-json/wc/v2/orders'}]}, 'payment_method_title': 'Check booking availability', 'currency': 'GBP', 'created_via': 'admin', 'date_completed_gmt': None}]
[[2019-03-01 15:50:28] [django.request] [ERROR]]: Internal Server Error: /orders/list/
Traceback (most recent call last):
  File "/home/kolas/work/django_crm_fork/Django-CRM/django_crm_venv/lib/python3.4/site-packages/django/http/response.py", line 49, in __init__
    self.status_code = int(status)
TypeError: int() argument must be a string, a bytes-like object or a number, not 'dict'

During handling of the above exception, another exception occurred:

Traceback (most recent call last):
  File "/home/kolas/work/django_crm_fork/Django-CRM/django_crm_venv/lib/python3.4/site-packages/django/core/handlers/exception.py", line 35, in inner
    response = get_response(request)
  File "/home/kolas/work/django_crm_fork/Django-CRM/django_crm_venv/lib/python3.4/site-packages/django/core/handlers/base.py", line 128, in _get_response
    response = self.process_exception_by_middleware(e, request)
  File "/home/kolas/work/django_crm_fork/Django-CRM/django_crm_venv/lib/python3.4/site-packages/django/core/handlers/base.py", line 126, in _get_response
    response = wrapped_callback(request, *callback_args, **callback_kwargs)
  File "/home/kolas/work/django_crm_fork/Django-CRM/django_crm_venv/lib/python3.4/site-packages/django/views/generic/base.py", line 69, in view
    return self.dispatch(request, *args, **kwargs)
  File "/home/kolas/work/django_crm_fork/Django-CRM/django_crm_venv/lib/python3.4/site-packages/django/contrib/auth/mixins.py", line 52, in dispatch
    return super().dispatch(request, *args, **kwargs)
  File "/home/kolas/work/django_crm_fork/Django-CRM/django_crm_venv/lib/python3.4/site-packages/django/views/generic/base.py", line 89, in dispatch
    return handler(request, *args, **kwargs)
  File "/home/kolas/work/django_crm_fork/v1/Django-CRM/wc_orders/views.py", line 22, in get
    return HttpResponse(request, "orders.html", context)
  File "/home/kolas/work/django_crm_fork/Django-CRM/django_crm_venv/lib/python3.4/site-packages/django/http/response.py", line 283, in __init__
    super().__init__(*args, **kwargs)
  File "/home/kolas/work/django_crm_fork/Django-CRM/django_crm_venv/lib/python3.4/site-packages/django/http/response.py", line 51, in __init__
    raise TypeError('HTTP status code must be an integer.')
TypeError: HTTP status code must be an integer.
[[2019-03-01 15:50:38] [root] [INFO]]: Get ORDERS LIST info from cache.
[[2019-03-01 15:50:38] [root] [INFO]]: [{'coupon_lines': [{'discount_tax': '0', 'discount': '0', 'id': 1, 'code': '12121212', 'meta_data': []}], 'date_created_gmt': '2019-02-28T14:44:30', 'shipping': {'country': 'AL', 'address_1': 'b_address_line_1_ex', 'first_name': 's_first_name_ex', 'address_2': 'b_address_line_2_ex', 'state': 'b_state_ex', 'company': 'b_company_ex', 'postcode': '30020', 'city': 'b_city_ex', 'last_name': 'b_first_name_ex'}, 'tax_lines': [], 'number': '547', 'discount_tax': '0.00', 'customer_ip_address': '', 'customer_user_agent': '', 'shipping_tax': '0.00', 'refunds': [], 'parent_id': 0, 'cart_tax': '0.00', 'line_items': [], 'id': 547, 'date_completed': None, 'total_tax': '0.00', 'total': '0.00', 'customer_note': 'customers notes bout the order example.', 'shipping_total': '0.00', 'version': '3.4.3', 'prices_include_tax': False, 'cart_hash': '', 'fee_lines': [], 'date_created': '2019-02-28T14:44:30', 'shipping_lines': [], 'payment_method': 'wc-booking-gateway', 'billing': {'country': 'AM', 'address_1': 'b_address_line_1_ex', 'first_name': 'b_first_name_ex', 'email': 'boan85@gmail.com', 'state': 'b_state_ex', 'address_2': 'b_address_line_2_ex', 'phone': '09494949494', 'company': 'b_company_ex', 'postcode': '20300', 'city': 'b_city_ex', 'last_name': 'b_last_name_wx'}, 'created_via': 'admin', 'date_completed_gmt': None, 'customer_id': 52, 'date_modified_gmt': '2019-02-28T14:49:24', 'meta_data': [{'value': 'answers_ex', 'id': 3544, 'key': 'answers'}, {'value': 'cp_cert_text_color_ex', 'id': 3545, 'key': 'cp_cert_text_color'}], 'status': 'pending', 'order_key': 'wc_order_5c77f4f414e20', 'transaction_id': '123321', 'date_modified': '2019-02-28T14:49:24', 'date_paid': None, 'payment_method_title': 'Check booking availability', 'currency': 'GBP', 'date_paid_gmt': None, 'discount_total': '0.00', '_links': {'self': [{'href': 'https://devsit-4132.bolt55.servebolt.com/wp-json/wc/v2/orders/547'}], 'customer': [{'href': 'https://devsit-4132.bolt55.servebolt.com/wp-json/wc/v2/customers/52'}], 'collection': [{'href': 'https://devsit-4132.bolt55.servebolt.com/wp-json/wc/v2/orders'}]}}]
[[2019-03-01 15:50:38] [django.request] [ERROR]]: Internal Server Error: /orders/list/
Traceback (most recent call last):
  File "/home/kolas/work/django_crm_fork/Django-CRM/django_crm_venv/lib/python3.4/site-packages/django/http/response.py", line 49, in __init__
    self.status_code = int(status)
TypeError: int() argument must be a string, a bytes-like object or a number, not 'dict'

During handling of the above exception, another exception occurred:

Traceback (most recent call last):
  File "/home/kolas/work/django_crm_fork/Django-CRM/django_crm_venv/lib/python3.4/site-packages/django/core/handlers/exception.py", line 35, in inner
    response = get_response(request)
  File "/home/kolas/work/django_crm_fork/Django-CRM/django_crm_venv/lib/python3.4/site-packages/django/core/handlers/base.py", line 128, in _get_response
    response = self.process_exception_by_middleware(e, request)
  File "/home/kolas/work/django_crm_fork/Django-CRM/django_crm_venv/lib/python3.4/site-packages/django/core/handlers/base.py", line 126, in _get_response
    response = wrapped_callback(request, *callback_args, **callback_kwargs)
  File "/home/kolas/work/django_crm_fork/Django-CRM/django_crm_venv/lib/python3.4/site-packages/django/views/generic/base.py", line 69, in view
    return self.dispatch(request, *args, **kwargs)
  File "/home/kolas/work/django_crm_fork/Django-CRM/django_crm_venv/lib/python3.4/site-packages/django/contrib/auth/mixins.py", line 52, in dispatch
    return super().dispatch(request, *args, **kwargs)
  File "/home/kolas/work/django_crm_fork/Django-CRM/django_crm_venv/lib/python3.4/site-packages/django/views/generic/base.py", line 89, in dispatch
    return handler(request, *args, **kwargs)
  File "/home/kolas/work/django_crm_fork/v1/Django-CRM/wc_orders/views.py", line 22, in get
    return HttpResponse(200, "orders.html", context)
  File "/home/kolas/work/django_crm_fork/Django-CRM/django_crm_venv/lib/python3.4/site-packages/django/http/response.py", line 283, in __init__
    super().__init__(*args, **kwargs)
  File "/home/kolas/work/django_crm_fork/Django-CRM/django_crm_venv/lib/python3.4/site-packages/django/http/response.py", line 51, in __init__
    raise TypeError('HTTP status code must be an integer.')
TypeError: HTTP status code must be an integer.
[[2019-03-01 15:51:04] [root] [INFO]]: Get ORDERS LIST info from cache.
[[2019-03-01 15:51:04] [root] [INFO]]: [{'payment_method_title': 'Check booking availability', 'date_paid': None, 'discount_total': '0.00', 'date_paid_gmt': None, 'created_via': 'admin', 'date_modified': '2019-02-28T14:49:24', 'cart_tax': '0.00', 'shipping_lines': [], 'total': '0.00', 'shipping': {'postcode': '30020', 'city': 'b_city_ex', 'address_1': 'b_address_line_1_ex', 'first_name': 's_first_name_ex', 'state': 'b_state_ex', 'country': 'AL', 'last_name': 'b_first_name_ex', 'company': 'b_company_ex', 'address_2': 'b_address_line_2_ex'}, 'order_key': 'wc_order_5c77f4f414e20', 'shipping_tax': '0.00', 'transaction_id': '123321', 'customer_id': 52, 'number': '547', 'customer_user_agent': '', 'line_items': [], 'customer_note': 'customers notes bout the order example.', 'discount_tax': '0.00', 'currency': 'GBP', 'parent_id': 0, '_links': {'customer': [{'href': 'https://devsit-4132.bolt55.servebolt.com/wp-json/wc/v2/customers/52'}], 'self': [{'href': 'https://devsit-4132.bolt55.servebolt.com/wp-json/wc/v2/orders/547'}], 'collection': [{'href': 'https://devsit-4132.bolt55.servebolt.com/wp-json/wc/v2/orders'}]}, 'refunds': [], 'total_tax': '0.00', 'coupon_lines': [{'discount_tax': '0', 'code': '12121212', 'id': 1, 'discount': '0', 'meta_data': []}], 'version': '3.4.3', 'shipping_total': '0.00', 'date_modified_gmt': '2019-02-28T14:49:24', 'billing': {'postcode': '20300', 'phone': '09494949494', 'address_1': 'b_address_line_1_ex', 'first_name': 'b_first_name_ex', 'state': 'b_state_ex', 'country': 'AM', 'last_name': 'b_last_name_wx', 'email': 'boan85@gmail.com', 'address_2': 'b_address_line_2_ex', 'city': 'b_city_ex', 'company': 'b_company_ex'}, 'meta_data': [{'value': 'answers_ex', 'id': 3544, 'key': 'answers'}, {'value': 'cp_cert_text_color_ex', 'id': 3545, 'key': 'cp_cert_text_color'}], 'customer_ip_address': '', 'date_completed_gmt': None, 'date_created': '2019-02-28T14:44:30', 'date_created_gmt': '2019-02-28T14:44:30', 'cart_hash': '', 'tax_lines': [], 'date_completed': None, 'status': 'pending', 'id': 547, 'fee_lines': [], 'payment_method': 'wc-booking-gateway', 'prices_include_tax': False}]
[[2019-03-01 15:51:19] [root] [INFO]]: Get ORDERS LIST info from cache.
[[2019-03-01 15:51:19] [root] [INFO]]: [{'payment_method_title': 'Check booking availability', 'date_paid': None, 'discount_total': '0.00', 'date_paid_gmt': None, 'created_via': 'admin', 'date_modified': '2019-02-28T14:49:24', 'cart_tax': '0.00', 'shipping_lines': [], 'total': '0.00', 'shipping': {'postcode': '30020', 'city': 'b_city_ex', 'address_1': 'b_address_line_1_ex', 'first_name': 's_first_name_ex', 'state': 'b_state_ex', 'country': 'AL', 'last_name': 'b_first_name_ex', 'company': 'b_company_ex', 'address_2': 'b_address_line_2_ex'}, 'order_key': 'wc_order_5c77f4f414e20', 'shipping_tax': '0.00', 'transaction_id': '123321', 'customer_id': 52, 'number': '547', 'customer_user_agent': '', 'line_items': [], 'customer_note': 'customers notes bout the order example.', 'discount_tax': '0.00', 'currency': 'GBP', 'parent_id': 0, '_links': {'customer': [{'href': 'https://devsit-4132.bolt55.servebolt.com/wp-json/wc/v2/customers/52'}], 'self': [{'href': 'https://devsit-4132.bolt55.servebolt.com/wp-json/wc/v2/orders/547'}], 'collection': [{'href': 'https://devsit-4132.bolt55.servebolt.com/wp-json/wc/v2/orders'}]}, 'refunds': [], 'total_tax': '0.00', 'coupon_lines': [{'discount_tax': '0', 'code': '12121212', 'id': 1, 'discount': '0', 'meta_data': []}], 'version': '3.4.3', 'shipping_total': '0.00', 'date_modified_gmt': '2019-02-28T14:49:24', 'billing': {'postcode': '20300', 'phone': '09494949494', 'address_1': 'b_address_line_1_ex', 'first_name': 'b_first_name_ex', 'state': 'b_state_ex', 'country': 'AM', 'last_name': 'b_last_name_wx', 'email': 'boan85@gmail.com', 'address_2': 'b_address_line_2_ex', 'city': 'b_city_ex', 'company': 'b_company_ex'}, 'meta_data': [{'value': 'answers_ex', 'id': 3544, 'key': 'answers'}, {'value': 'cp_cert_text_color_ex', 'id': 3545, 'key': 'cp_cert_text_color'}], 'customer_ip_address': '', 'date_completed_gmt': None, 'date_created': '2019-02-28T14:44:30', 'date_created_gmt': '2019-02-28T14:44:30', 'cart_hash': '', 'tax_lines': [], 'date_completed': None, 'status': 'pending', 'id': 547, 'fee_lines': [], 'payment_method': 'wc-booking-gateway', 'prices_include_tax': False}]
[[2019-03-01 15:51:30] [root] [INFO]]: Get ORDERS LIST info from cache.
[[2019-03-01 15:51:30] [root] [INFO]]: [{'payment_method_title': 'Check booking availability', 'date_paid': None, 'discount_total': '0.00', 'date_paid_gmt': None, 'created_via': 'admin', 'date_modified': '2019-02-28T14:49:24', 'cart_tax': '0.00', 'shipping_lines': [], 'total': '0.00', 'shipping': {'postcode': '30020', 'city': 'b_city_ex', 'address_1': 'b_address_line_1_ex', 'first_name': 's_first_name_ex', 'state': 'b_state_ex', 'country': 'AL', 'last_name': 'b_first_name_ex', 'company': 'b_company_ex', 'address_2': 'b_address_line_2_ex'}, 'order_key': 'wc_order_5c77f4f414e20', 'shipping_tax': '0.00', 'transaction_id': '123321', 'customer_id': 52, 'number': '547', 'customer_user_agent': '', 'line_items': [], 'customer_note': 'customers notes bout the order example.', 'discount_tax': '0.00', 'currency': 'GBP', 'parent_id': 0, '_links': {'customer': [{'href': 'https://devsit-4132.bolt55.servebolt.com/wp-json/wc/v2/customers/52'}], 'self': [{'href': 'https://devsit-4132.bolt55.servebolt.com/wp-json/wc/v2/orders/547'}], 'collection': [{'href': 'https://devsit-4132.bolt55.servebolt.com/wp-json/wc/v2/orders'}]}, 'refunds': [], 'total_tax': '0.00', 'coupon_lines': [{'discount_tax': '0', 'code': '12121212', 'id': 1, 'discount': '0', 'meta_data': []}], 'version': '3.4.3', 'shipping_total': '0.00', 'date_modified_gmt': '2019-02-28T14:49:24', 'billing': {'postcode': '20300', 'phone': '09494949494', 'address_1': 'b_address_line_1_ex', 'first_name': 'b_first_name_ex', 'state': 'b_state_ex', 'country': 'AM', 'last_name': 'b_last_name_wx', 'email': 'boan85@gmail.com', 'address_2': 'b_address_line_2_ex', 'city': 'b_city_ex', 'company': 'b_company_ex'}, 'meta_data': [{'value': 'answers_ex', 'id': 3544, 'key': 'answers'}, {'value': 'cp_cert_text_color_ex', 'id': 3545, 'key': 'cp_cert_text_color'}], 'customer_ip_address': '', 'date_completed_gmt': None, 'date_created': '2019-02-28T14:44:30', 'date_created_gmt': '2019-02-28T14:44:30', 'cart_hash': '', 'tax_lines': [], 'date_completed': None, 'status': 'pending', 'id': 547, 'fee_lines': [], 'payment_method': 'wc-booking-gateway', 'prices_include_tax': False}]
[[2019-03-01 15:51:31] [root] [INFO]]: Get ORDERS LIST info from cache.
[[2019-03-01 15:51:31] [root] [INFO]]: [{'payment_method_title': 'Check booking availability', 'date_paid': None, 'discount_total': '0.00', 'date_paid_gmt': None, 'created_via': 'admin', 'date_modified': '2019-02-28T14:49:24', 'cart_tax': '0.00', 'shipping_lines': [], 'total': '0.00', 'shipping': {'postcode': '30020', 'city': 'b_city_ex', 'address_1': 'b_address_line_1_ex', 'first_name': 's_first_name_ex', 'state': 'b_state_ex', 'country': 'AL', 'last_name': 'b_first_name_ex', 'company': 'b_company_ex', 'address_2': 'b_address_line_2_ex'}, 'order_key': 'wc_order_5c77f4f414e20', 'shipping_tax': '0.00', 'transaction_id': '123321', 'customer_id': 52, 'number': '547', 'customer_user_agent': '', 'line_items': [], 'customer_note': 'customers notes bout the order example.', 'discount_tax': '0.00', 'currency': 'GBP', 'parent_id': 0, '_links': {'customer': [{'href': 'https://devsit-4132.bolt55.servebolt.com/wp-json/wc/v2/customers/52'}], 'self': [{'href': 'https://devsit-4132.bolt55.servebolt.com/wp-json/wc/v2/orders/547'}], 'collection': [{'href': 'https://devsit-4132.bolt55.servebolt.com/wp-json/wc/v2/orders'}]}, 'refunds': [], 'total_tax': '0.00', 'coupon_lines': [{'discount_tax': '0', 'code': '12121212', 'id': 1, 'discount': '0', 'meta_data': []}], 'version': '3.4.3', 'shipping_total': '0.00', 'date_modified_gmt': '2019-02-28T14:49:24', 'billing': {'postcode': '20300', 'phone': '09494949494', 'address_1': 'b_address_line_1_ex', 'first_name': 'b_first_name_ex', 'state': 'b_state_ex', 'country': 'AM', 'last_name': 'b_last_name_wx', 'email': 'boan85@gmail.com', 'address_2': 'b_address_line_2_ex', 'city': 'b_city_ex', 'company': 'b_company_ex'}, 'meta_data': [{'value': 'answers_ex', 'id': 3544, 'key': 'answers'}, {'value': 'cp_cert_text_color_ex', 'id': 3545, 'key': 'cp_cert_text_color'}], 'customer_ip_address': '', 'date_completed_gmt': None, 'date_created': '2019-02-28T14:44:30', 'date_created_gmt': '2019-02-28T14:44:30', 'cart_hash': '', 'tax_lines': [], 'date_completed': None, 'status': 'pending', 'id': 547, 'fee_lines': [], 'payment_method': 'wc-booking-gateway', 'prices_include_tax': False}]
[[2019-03-01 16:10:32] [root] [INFO]]: Get ORDERS LIST info from cache.
[[2019-03-01 16:10:32] [root] [INFO]]: [{'prices_include_tax': False, 'customer_id': 52, 'line_items': [], 'total_tax': '0.00', 'date_paid': None, 'total': '0.00', 'created_via': 'admin', '_links': {'self': [{'href': 'https://devsit-4132.bolt55.servebolt.com/wp-json/wc/v2/orders/547'}], 'customer': [{'href': 'https://devsit-4132.bolt55.servebolt.com/wp-json/wc/v2/customers/52'}], 'collection': [{'href': 'https://devsit-4132.bolt55.servebolt.com/wp-json/wc/v2/orders'}]}, 'refunds': [], 'cart_tax': '0.00', 'meta_data': [{'id': 3544, 'key': 'answers', 'value': 'answers_ex'}, {'id': 3545, 'key': 'cp_cert_text_color', 'value': 'cp_cert_text_color_ex'}], 'discount_tax': '0.00', 'payment_method': 'wc-booking-gateway', 'shipping_total': '0.00', 'transaction_id': '123321', 'billing': {'country': 'AM', 'last_name': 'b_last_name_wx', 'email': 'boan85@gmail.com', 'phone': '09494949494', 'company': 'b_company_ex', 'address_2': 'b_address_line_2_ex', 'address_1': 'b_address_line_1_ex', 'state': 'b_state_ex', 'first_name': 'b_first_name_ex', 'postcode': '20300', 'city': 'b_city_ex'}, 'cart_hash': '', 'status': 'pending', 'shipping_tax': '0.00', 'id': 547, 'version': '3.4.3', 'customer_user_agent': '', 'shipping': {'country': 'AL', 'last_name': 'b_first_name_ex', 'postcode': '30020', 'company': 'b_company_ex', 'address_2': 'b_address_line_2_ex', 'address_1': 'b_address_line_1_ex', 'state': 'b_state_ex', 'first_name': 's_first_name_ex', 'city': 'b_city_ex'}, 'date_modified': '2019-02-28T14:49:24', 'order_key': 'wc_order_5c77f4f414e20', 'date_created_gmt': '2019-02-28T14:44:30', 'customer_note': 'customers notes bout the order example.', 'discount_total': '0.00', 'date_completed': None, 'number': '547', 'fee_lines': [], 'currency': 'GBP', 'date_modified_gmt': '2019-02-28T14:49:24', 'tax_lines': [], 'coupon_lines': [{'discount': '0', 'id': 1, 'meta_data': [], 'discount_tax': '0', 'code': '12121212'}], 'shipping_lines': [], 'date_completed_gmt': None, 'parent_id': 0, 'date_paid_gmt': None, 'customer_ip_address': '', 'payment_method_title': 'Check booking availability', 'date_created': '2019-02-28T14:44:30'}]
[[2019-03-01 16:10:32] [root] [INFO]]: Key ORDERS_LIST was cleared from the cache, because it comes too old.

[[2019-03-01 16:11:20] [root] [INFO]]: Get ORDERS LIST info from website.
[[2019-03-01 16:11:20] [root] [INFO]]: [{'prices_include_tax': False, 'customer_id': 52, 'line_items': [], 'total_tax': '0.00', 'date_paid': None, 'total': '0.00', 'shipping_lines': [], 'created_via': 'admin', 'refunds': [], '_links': {'collection': [{'href': 'https://devsit-4132.bolt55.servebolt.com/wp-json/wc/v2/orders'}], 'customer': [{'href': 'https://devsit-4132.bolt55.servebolt.com/wp-json/wc/v2/customers/52'}], 'self': [{'href': 'https://devsit-4132.bolt55.servebolt.com/wp-json/wc/v2/orders/547'}]}, 'fee_lines': [], 'cart_tax': '0.00', 'date_completed_gmt': None, 'discount_tax': '0.00', 'payment_method': 'wc-booking-gateway', 'transaction_id': '123321', 'billing': {'email': 'boan85@gmail.com', 'country': 'AM', 'last_name': 'b_last_name_wx', 'state': 'b_state_ex', 'phone': '09494949494', 'company': 'b_company_ex', 'address_2': 'b_address_line_2_ex', 'address_1': 'b_address_line_1_ex', 'first_name': 'b_first_name_ex', 'postcode': '20300', 'city': 'b_city_ex'}, 'date_created_gmt': '2019-02-28T14:44:30', 'status': 'pending', 'shipping_tax': '0.00', 'id': 547, 'version': '3.4.3', 'shipping': {'country': 'AL', 'last_name': 'b_first_name_ex', 'state': 'b_state_ex', 'company': 'b_company_ex', 'address_2': 'b_address_line_2_ex', 'address_1': 'b_address_line_1_ex', 'first_name': 's_first_name_ex', 'postcode': '30020', 'city': 'b_city_ex'}, 'date_modified': '2019-02-28T14:49:24', 'order_key': 'wc_order_5c77f4f414e20', 'date_paid_gmt': None, 'customer_note': 'customers notes bout the order example.', 'date_modified_gmt': '2019-02-28T14:49:24', 'date_completed': None, 'date_created': '2019-02-28T14:44:30', 'number': '547', 'payment_method_title': 'Check booking availability', 'currency': 'GBP', 'tax_lines': [], 'coupon_lines': [{'discount': '0', 'id': 1, 'meta_data': [], 'code': '12121212', 'discount_tax': '0'}], 'discount_total': '0.00', 'meta_data': [{'id': 3544, 'key': 'answers', 'value': 'answers_ex'}, {'id': 3545, 'key': 'cp_cert_text_color', 'value': 'cp_cert_text_color_ex'}], 'shipping_total': '0.00', 'customer_user_agent': '', 'customer_ip_address': '', 'cart_hash': '', 'parent_id': 0}]
[[2019-03-01 16:11:20] [root] [INFO]]: Save ORDERS LIST info to redis cache.

[[2019-03-01 16:11:20] [root] [INFO]]: Writing time info was saved.

[[2019-03-01 16:11:27] [root] [INFO]]: Get ORDERS LIST info from cache.
[[2019-03-01 16:11:27] [root] [INFO]]: [{'prices_include_tax': False, 'customer_id': 52, 'line_items': [], 'shipping_tax': '0.00', 'date_paid': None, 'total': '0.00', 'parent_id': 0, 'created_via': 'admin', '_links': {'self': [{'href': 'https://devsit-4132.bolt55.servebolt.com/wp-json/wc/v2/orders/547'}], 'customer': [{'href': 'https://devsit-4132.bolt55.servebolt.com/wp-json/wc/v2/customers/52'}], 'collection': [{'href': 'https://devsit-4132.bolt55.servebolt.com/wp-json/wc/v2/orders'}]}, 'refunds': [], 'cart_tax': '0.00', 'date_completed_gmt': None, 'shipping_lines': [], 'payment_method': 'wc-booking-gateway', 'shipping_total': '0.00', 'transaction_id': '123321', 'billing': {'country': 'AM', 'last_name': 'b_last_name_wx', 'email': 'boan85@gmail.com', 'city': 'b_city_ex', 'company': 'b_company_ex', 'address_1': 'b_address_line_1_ex', 'address_2': 'b_address_line_2_ex', 'postcode': '20300', 'state': 'b_state_ex', 'first_name': 'b_first_name_ex', 'phone': '09494949494'}, 'date_created_gmt': '2019-02-28T14:44:30', 'status': 'pending', 'total_tax': '0.00', 'id': 547, 'version': '3.4.3', 'customer_user_agent': '', 'shipping': {'country': 'AL', 'last_name': 'b_first_name_ex', 'first_name': 's_first_name_ex', 'company': 'b_company_ex', 'address_1': 'b_address_line_1_ex', 'address_2': 'b_address_line_2_ex', 'state': 'b_state_ex', 'postcode': '30020', 'city': 'b_city_ex'}, 'date_modified': '2019-02-28T14:49:24', 'order_key': 'wc_order_5c77f4f414e20', 'cart_hash': '', 'customer_note': 'customers notes bout the order example.', 'date_modified_gmt': '2019-02-28T14:49:24', 'date_completed': None, 'number': '547', 'fee_lines': [], 'currency': 'GBP', 'tax_lines': [], 'coupon_lines': [{'id': 1, 'discount': '0', 'meta_data': [], 'code': '12121212', 'discount_tax': '0'}], 'discount_total': '0.00', 'meta_data': [{'id': 3544, 'key': 'answers', 'value': 'answers_ex'}, {'id': 3545, 'key': 'cp_cert_text_color', 'value': 'cp_cert_text_color_ex'}], 'date_created': '2019-02-28T14:44:30', 'date_paid_gmt': None, 'customer_ip_address': '', 'payment_method_title': 'Check booking availability', 'discount_tax': '0.00'}]
[[2019-03-01 16:11:38] [root] [INFO]]: Get ORDERS LIST info from cache.
[[2019-03-01 16:11:38] [root] [INFO]]: [{'prices_include_tax': False, 'customer_id': 52, 'line_items': [], 'shipping_tax': '0.00', 'date_paid': None, 'total': '0.00', 'parent_id': 0, 'created_via': 'admin', '_links': {'self': [{'href': 'https://devsit-4132.bolt55.servebolt.com/wp-json/wc/v2/orders/547'}], 'customer': [{'href': 'https://devsit-4132.bolt55.servebolt.com/wp-json/wc/v2/customers/52'}], 'collection': [{'href': 'https://devsit-4132.bolt55.servebolt.com/wp-json/wc/v2/orders'}]}, 'refunds': [], 'cart_tax': '0.00', 'date_completed_gmt': None, 'shipping_lines': [], 'payment_method': 'wc-booking-gateway', 'shipping_total': '0.00', 'transaction_id': '123321', 'billing': {'country': 'AM', 'last_name': 'b_last_name_wx', 'email': 'boan85@gmail.com', 'city': 'b_city_ex', 'company': 'b_company_ex', 'address_1': 'b_address_line_1_ex', 'address_2': 'b_address_line_2_ex', 'postcode': '20300', 'state': 'b_state_ex', 'first_name': 'b_first_name_ex', 'phone': '09494949494'}, 'date_created_gmt': '2019-02-28T14:44:30', 'status': 'pending', 'total_tax': '0.00', 'id': 547, 'version': '3.4.3', 'customer_user_agent': '', 'shipping': {'country': 'AL', 'last_name': 'b_first_name_ex', 'first_name': 's_first_name_ex', 'company': 'b_company_ex', 'address_1': 'b_address_line_1_ex', 'address_2': 'b_address_line_2_ex', 'state': 'b_state_ex', 'postcode': '30020', 'city': 'b_city_ex'}, 'date_modified': '2019-02-28T14:49:24', 'order_key': 'wc_order_5c77f4f414e20', 'cart_hash': '', 'customer_note': 'customers notes bout the order example.', 'date_modified_gmt': '2019-02-28T14:49:24', 'date_completed': None, 'number': '547', 'fee_lines': [], 'currency': 'GBP', 'tax_lines': [], 'coupon_lines': [{'id': 1, 'discount': '0', 'meta_data': [], 'code': '12121212', 'discount_tax': '0'}], 'discount_total': '0.00', 'meta_data': [{'id': 3544, 'key': 'answers', 'value': 'answers_ex'}, {'id': 3545, 'key': 'cp_cert_text_color', 'value': 'cp_cert_text_color_ex'}], 'date_created': '2019-02-28T14:44:30', 'date_paid_gmt': None, 'customer_ip_address': '', 'payment_method_title': 'Check booking availability', 'discount_tax': '0.00'}]
[[2019-03-01 16:11:56] [root] [INFO]]: Get ORDERS LIST info from cache.
[[2019-03-01 16:11:56] [root] [INFO]]: [{'prices_include_tax': False, 'customer_id': 52, 'line_items': [], 'shipping_tax': '0.00', 'date_paid': None, 'total': '0.00', 'parent_id': 0, 'created_via': 'admin', '_links': {'self': [{'href': 'https://devsit-4132.bolt55.servebolt.com/wp-json/wc/v2/orders/547'}], 'customer': [{'href': 'https://devsit-4132.bolt55.servebolt.com/wp-json/wc/v2/customers/52'}], 'collection': [{'href': 'https://devsit-4132.bolt55.servebolt.com/wp-json/wc/v2/orders'}]}, 'refunds': [], 'cart_tax': '0.00', 'date_completed_gmt': None, 'shipping_lines': [], 'payment_method': 'wc-booking-gateway', 'shipping_total': '0.00', 'transaction_id': '123321', 'billing': {'country': 'AM', 'last_name': 'b_last_name_wx', 'email': 'boan85@gmail.com', 'city': 'b_city_ex', 'company': 'b_company_ex', 'address_1': 'b_address_line_1_ex', 'address_2': 'b_address_line_2_ex', 'postcode': '20300', 'state': 'b_state_ex', 'first_name': 'b_first_name_ex', 'phone': '09494949494'}, 'date_created_gmt': '2019-02-28T14:44:30', 'status': 'pending', 'total_tax': '0.00', 'id': 547, 'version': '3.4.3', 'customer_user_agent': '', 'shipping': {'country': 'AL', 'last_name': 'b_first_name_ex', 'first_name': 's_first_name_ex', 'company': 'b_company_ex', 'address_1': 'b_address_line_1_ex', 'address_2': 'b_address_line_2_ex', 'state': 'b_state_ex', 'postcode': '30020', 'city': 'b_city_ex'}, 'date_modified': '2019-02-28T14:49:24', 'order_key': 'wc_order_5c77f4f414e20', 'cart_hash': '', 'customer_note': 'customers notes bout the order example.', 'date_modified_gmt': '2019-02-28T14:49:24', 'date_completed': None, 'number': '547', 'fee_lines': [], 'currency': 'GBP', 'tax_lines': [], 'coupon_lines': [{'id': 1, 'discount': '0', 'meta_data': [], 'code': '12121212', 'discount_tax': '0'}], 'discount_total': '0.00', 'meta_data': [{'id': 3544, 'key': 'answers', 'value': 'answers_ex'}, {'id': 3545, 'key': 'cp_cert_text_color', 'value': 'cp_cert_text_color_ex'}], 'date_created': '2019-02-28T14:44:30', 'date_paid_gmt': None, 'customer_ip_address': '', 'payment_method_title': 'Check booking availability', 'discount_tax': '0.00'}]
[[2019-03-01 16:12:07] [root] [INFO]]: Get ORDERS LIST info from cache.
[[2019-03-01 16:12:07] [root] [INFO]]: [{'shipping_tax': '0.00', 'id': 547, 'line_items': [], 'parent_id': 0, 'date_created': '2019-02-28T14:44:30', 'customer_note': 'customers notes bout the order example.', 'currency': 'GBP', 'date_completed_gmt': None, '_links': {'self': [{'href': 'https://devsit-4132.bolt55.servebolt.com/wp-json/wc/v2/orders/547'}], 'collection': [{'href': 'https://devsit-4132.bolt55.servebolt.com/wp-json/wc/v2/orders'}], 'customer': [{'href': 'https://devsit-4132.bolt55.servebolt.com/wp-json/wc/v2/customers/52'}]}, 'date_modified': '2019-02-28T14:49:24', 'created_via': 'admin', 'transaction_id': '123321', 'date_completed': None, 'total_tax': '0.00', 'date_paid': None, 'number': '547', 'discount_total': '0.00', 'customer_id': 52, 'customer_user_agent': '', 'date_paid_gmt': None, 'billing': {'country': 'AM', 'state': 'b_state_ex', 'company': 'b_company_ex', 'last_name': 'b_last_name_wx', 'first_name': 'b_first_name_ex', 'postcode': '20300', 'email': 'boan85@gmail.com', 'address_1': 'b_address_line_1_ex', 'city': 'b_city_ex', 'address_2': 'b_address_line_2_ex', 'phone': '09494949494'}, 'status': 'pending', 'date_modified_gmt': '2019-02-28T14:49:24', 'total': '0.00', 'payment_method': 'wc-booking-gateway', 'shipping_lines': [], 'refunds': [], 'fee_lines': [], 'meta_data': [{'id': 3544, 'value': 'answers_ex', 'key': 'answers'}, {'id': 3545, 'value': 'cp_cert_text_color_ex', 'key': 'cp_cert_text_color'}], 'shipping_total': '0.00', 'cart_tax': '0.00', 'prices_include_tax': False, 'coupon_lines': [{'id': 1, 'meta_data': [], 'discount_tax': '0', 'discount': '0', 'code': '12121212'}], 'tax_lines': [], 'cart_hash': '', 'date_created_gmt': '2019-02-28T14:44:30', 'order_key': 'wc_order_5c77f4f414e20', 'shipping': {'country': 'AL', 'state': 'b_state_ex', 'last_name': 'b_first_name_ex', 'first_name': 's_first_name_ex', 'postcode': '30020', 'company': 'b_company_ex', 'address_1': 'b_address_line_1_ex', 'city': 'b_city_ex', 'address_2': 'b_address_line_2_ex'}, 'discount_tax': '0.00', 'payment_method_title': 'Check booking availability', 'customer_ip_address': '', 'version': '3.4.3'}]
[[2019-03-01 16:12:07] [django.request] [ERROR]]: Internal Server Error: /orders/list/
Traceback (most recent call last):
  File "/home/kolas/work/django_crm_fork/Django-CRM/django_crm_venv/lib/python3.4/site-packages/django/core/handlers/exception.py", line 35, in inner
    response = get_response(request)
  File "/home/kolas/work/django_crm_fork/Django-CRM/django_crm_venv/lib/python3.4/site-packages/django/core/handlers/base.py", line 128, in _get_response
    response = self.process_exception_by_middleware(e, request)
  File "/home/kolas/work/django_crm_fork/Django-CRM/django_crm_venv/lib/python3.4/site-packages/django/core/handlers/base.py", line 126, in _get_response
    response = wrapped_callback(request, *callback_args, **callback_kwargs)
  File "/home/kolas/work/django_crm_fork/Django-CRM/django_crm_venv/lib/python3.4/site-packages/django/views/generic/base.py", line 69, in view
    return self.dispatch(request, *args, **kwargs)
  File "/home/kolas/work/django_crm_fork/Django-CRM/django_crm_venv/lib/python3.4/site-packages/django/contrib/auth/mixins.py", line 52, in dispatch
    return super().dispatch(request, *args, **kwargs)
  File "/home/kolas/work/django_crm_fork/Django-CRM/django_crm_venv/lib/python3.4/site-packages/django/views/generic/base.py", line 89, in dispatch
    return handler(request, *args, **kwargs)
  File "/home/kolas/work/django_crm_fork/v1/Django-CRM/wc_orders/views.py", line 24, in get
    return render_to_response('orders.html', orders)
  File "/home/kolas/work/django_crm_fork/Django-CRM/django_crm_venv/lib/python3.4/site-packages/django/shortcuts.py", line 27, in render_to_response
    content = loader.render_to_string(template_name, context, using=using)
  File "/home/kolas/work/django_crm_fork/Django-CRM/django_crm_venv/lib/python3.4/site-packages/django/template/loader.py", line 62, in render_to_string
    return template.render(context, request)
  File "/home/kolas/work/django_crm_fork/Django-CRM/django_crm_venv/lib/python3.4/site-packages/django/template/backends/django.py", line 59, in render
    context = make_context(context, request, autoescape=self.backend.engine.autoescape)
  File "/home/kolas/work/django_crm_fork/Django-CRM/django_crm_venv/lib/python3.4/site-packages/django/template/context.py", line 274, in make_context
    raise TypeError('context must be a dict rather than %s.' % context.__class__.__name__)
TypeError: context must be a dict rather than list.
[[2019-03-01 16:42:11] [root] [INFO]]: Get ORDERS LIST info from cache.
[[2019-03-01 16:42:11] [root] [INFO]]: [{'customer_user_agent': '', 'payment_method': 'wc-booking-gateway', 'total': '0.00', 'id': 547, 'shipping_tax': '0.00', 'billing': {'country': 'AM', 'email': 'boan85@gmail.com', 'address_1': 'b_address_line_1_ex', 'state': 'b_state_ex', 'city': 'b_city_ex', 'last_name': 'b_last_name_wx', 'postcode': '20300', 'address_2': 'b_address_line_2_ex', 'company': 'b_company_ex', 'first_name': 'b_first_name_ex', 'phone': '09494949494'}, 'total_tax': '0.00', 'customer_ip_address': '', 'discount_total': '0.00', 'fee_lines': [], 'version': '3.4.3', 'line_items': [], 'discount_tax': '0.00', 'order_key': 'wc_order_5c77f4f414e20', 'meta_data': [{'key': 'answers', 'id': 3544, 'value': 'answers_ex'}, {'key': 'cp_cert_text_color', 'id': 3545, 'value': 'cp_cert_text_color_ex'}], 'shipping': {'country': 'AL', 'company': 'b_company_ex', 'address_1': 'b_address_line_1_ex', 'state': 'b_state_ex', 'city': 'b_city_ex', 'last_name': 'b_first_name_ex', 'postcode': '30020', 'address_2': 'b_address_line_2_ex', 'first_name': 's_first_name_ex'}, 'parent_id': 0, 'tax_lines': [], 'cart_tax': '0.00', 'customer_id': 52, 'currency': 'GBP', 'prices_include_tax': False, 'status': 'pending', 'date_paid_gmt': None, 'refunds': [], 'date_modified_gmt': '2019-02-28T14:49:24', 'date_completed_gmt': None, 'date_modified': '2019-02-28T14:49:24', 'number': '547', 'shipping_total': '0.00', 'coupon_lines': [{'discount_tax': '0', 'id': 1, 'discount': '0', 'code': '12121212', 'meta_data': []}], 'date_created': '2019-02-28T14:44:30', 'transaction_id': '123321', 'shipping_lines': [], 'cart_hash': '', 'date_created_gmt': '2019-02-28T14:44:30', 'customer_note': 'customers notes bout the order example.', '_links': {'collection': [{'href': 'https://devsit-4132.bolt55.servebolt.com/wp-json/wc/v2/orders'}], 'self': [{'href': 'https://devsit-4132.bolt55.servebolt.com/wp-json/wc/v2/orders/547'}], 'customer': [{'href': 'https://devsit-4132.bolt55.servebolt.com/wp-json/wc/v2/customers/52'}]}, 'date_completed': None, 'date_paid': None, 'created_via': 'admin', 'payment_method_title': 'Check booking availability'}]
[[2019-03-01 16:42:39] [root] [INFO]]: Get ORDERS LIST info from cache.
[[2019-03-01 16:42:39] [root] [INFO]]: [{'customer_user_agent': '', 'payment_method': 'wc-booking-gateway', 'total': '0.00', 'id': 547, 'shipping_tax': '0.00', 'billing': {'country': 'AM', 'email': 'boan85@gmail.com', 'address_1': 'b_address_line_1_ex', 'state': 'b_state_ex', 'city': 'b_city_ex', 'last_name': 'b_last_name_wx', 'postcode': '20300', 'address_2': 'b_address_line_2_ex', 'company': 'b_company_ex', 'first_name': 'b_first_name_ex', 'phone': '09494949494'}, 'total_tax': '0.00', 'customer_ip_address': '', 'discount_total': '0.00', 'fee_lines': [], 'version': '3.4.3', 'line_items': [], 'discount_tax': '0.00', 'order_key': 'wc_order_5c77f4f414e20', 'meta_data': [{'key': 'answers', 'id': 3544, 'value': 'answers_ex'}, {'key': 'cp_cert_text_color', 'id': 3545, 'value': 'cp_cert_text_color_ex'}], 'shipping': {'country': 'AL', 'company': 'b_company_ex', 'address_1': 'b_address_line_1_ex', 'state': 'b_state_ex', 'city': 'b_city_ex', 'last_name': 'b_first_name_ex', 'postcode': '30020', 'address_2': 'b_address_line_2_ex', 'first_name': 's_first_name_ex'}, 'parent_id': 0, 'tax_lines': [], 'cart_tax': '0.00', 'customer_id': 52, 'currency': 'GBP', 'prices_include_tax': False, 'status': 'pending', 'date_paid_gmt': None, 'refunds': [], 'date_modified_gmt': '2019-02-28T14:49:24', 'date_completed_gmt': None, 'date_modified': '2019-02-28T14:49:24', 'number': '547', 'shipping_total': '0.00', 'coupon_lines': [{'discount_tax': '0', 'id': 1, 'discount': '0', 'code': '12121212', 'meta_data': []}], 'date_created': '2019-02-28T14:44:30', 'transaction_id': '123321', 'shipping_lines': [], 'cart_hash': '', 'date_created_gmt': '2019-02-28T14:44:30', 'customer_note': 'customers notes bout the order example.', '_links': {'collection': [{'href': 'https://devsit-4132.bolt55.servebolt.com/wp-json/wc/v2/orders'}], 'self': [{'href': 'https://devsit-4132.bolt55.servebolt.com/wp-json/wc/v2/orders/547'}], 'customer': [{'href': 'https://devsit-4132.bolt55.servebolt.com/wp-json/wc/v2/customers/52'}]}, 'date_completed': None, 'date_paid': None, 'created_via': 'admin', 'payment_method_title': 'Check booking availability'}]
[[2019-03-01 16:44:17] [root] [INFO]]: Get ORDERS LIST info from cache.
[[2019-03-01 16:44:17] [root] [INFO]]: [{'meta_data': [{'value': 'answers_ex', 'key': 'answers', 'id': 3544}, {'value': 'cp_cert_text_color_ex', 'key': 'cp_cert_text_color', 'id': 3545}], 'customer_id': 52, 'shipping_total': '0.00', 'total_tax': '0.00', 'parent_id': 0, 'discount_tax': '0.00', 'date_paid': None, 'status': 'pending', 'discount_total': '0.00', 'date_completed_gmt': None, 'cart_tax': '0.00', 'currency': 'GBP', 'shipping_lines': [], 'number': '547', 'customer_user_agent': '', 'date_modified_gmt': '2019-02-28T14:49:24', 'fee_lines': [], 'payment_method': 'wc-booking-gateway', 'shipping_tax': '0.00', 'id': 547, 'date_created': '2019-02-28T14:44:30', 'refunds': [], 'prices_include_tax': False, '_links': {'customer': [{'href': 'https://devsit-4132.bolt55.servebolt.com/wp-json/wc/v2/customers/52'}], 'self': [{'href': 'https://devsit-4132.bolt55.servebolt.com/wp-json/wc/v2/orders/547'}], 'collection': [{'href': 'https://devsit-4132.bolt55.servebolt.com/wp-json/wc/v2/orders'}]}, 'cart_hash': '', 'line_items': [], 'date_created_gmt': '2019-02-28T14:44:30', 'customer_ip_address': '', 'version': '3.4.3', 'coupon_lines': [{'discount': '0', 'code': '12121212', 'meta_data': [], 'id': 1, 'discount_tax': '0'}], 'payment_method_title': 'Check booking availability', 'date_paid_gmt': None, 'shipping': {'postcode': '30020', 'company': 'b_company_ex', 'last_name': 'b_first_name_ex', 'city': 'b_city_ex', 'first_name': 's_first_name_ex', 'address_1': 'b_address_line_1_ex', 'state': 'b_state_ex', 'country': 'AL', 'address_2': 'b_address_line_2_ex'}, 'created_via': 'admin', 'date_completed': None, 'billing': {'postcode': '20300', 'company': 'b_company_ex', 'last_name': 'b_last_name_wx', 'city': 'b_city_ex', 'email': 'boan85@gmail.com', 'phone': '09494949494', 'address_1': 'b_address_line_1_ex', 'state': 'b_state_ex', 'first_name': 'b_first_name_ex', 'country': 'AM', 'address_2': 'b_address_line_2_ex'}, 'total': '0.00', 'customer_note': 'customers notes bout the order example.', 'transaction_id': '123321', 'date_modified': '2019-02-28T14:49:24', 'order_key': 'wc_order_5c77f4f414e20', 'tax_lines': []}]
[[2019-03-01 16:45:03] [root] [INFO]]: Get ORDERS LIST info from cache.
[[2019-03-01 16:45:03] [root] [INFO]]: [{'meta_data': [{'value': 'answers_ex', 'key': 'answers', 'id': 3544}, {'value': 'cp_cert_text_color_ex', 'key': 'cp_cert_text_color', 'id': 3545}], 'customer_id': 52, 'shipping_total': '0.00', 'total_tax': '0.00', 'parent_id': 0, 'discount_tax': '0.00', 'date_paid': None, 'status': 'pending', 'discount_total': '0.00', 'date_completed_gmt': None, 'cart_tax': '0.00', 'currency': 'GBP', 'shipping_lines': [], 'number': '547', 'customer_user_agent': '', 'date_modified_gmt': '2019-02-28T14:49:24', 'fee_lines': [], 'payment_method': 'wc-booking-gateway', 'shipping_tax': '0.00', 'id': 547, 'date_created': '2019-02-28T14:44:30', 'refunds': [], 'prices_include_tax': False, '_links': {'customer': [{'href': 'https://devsit-4132.bolt55.servebolt.com/wp-json/wc/v2/customers/52'}], 'self': [{'href': 'https://devsit-4132.bolt55.servebolt.com/wp-json/wc/v2/orders/547'}], 'collection': [{'href': 'https://devsit-4132.bolt55.servebolt.com/wp-json/wc/v2/orders'}]}, 'cart_hash': '', 'line_items': [], 'date_created_gmt': '2019-02-28T14:44:30', 'customer_ip_address': '', 'version': '3.4.3', 'coupon_lines': [{'discount': '0', 'code': '12121212', 'meta_data': [], 'id': 1, 'discount_tax': '0'}], 'payment_method_title': 'Check booking availability', 'date_paid_gmt': None, 'shipping': {'postcode': '30020', 'company': 'b_company_ex', 'last_name': 'b_first_name_ex', 'city': 'b_city_ex', 'first_name': 's_first_name_ex', 'address_1': 'b_address_line_1_ex', 'state': 'b_state_ex', 'country': 'AL', 'address_2': 'b_address_line_2_ex'}, 'created_via': 'admin', 'date_completed': None, 'billing': {'postcode': '20300', 'company': 'b_company_ex', 'last_name': 'b_last_name_wx', 'city': 'b_city_ex', 'email': 'boan85@gmail.com', 'phone': '09494949494', 'address_1': 'b_address_line_1_ex', 'state': 'b_state_ex', 'first_name': 'b_first_name_ex', 'country': 'AM', 'address_2': 'b_address_line_2_ex'}, 'total': '0.00', 'customer_note': 'customers notes bout the order example.', 'transaction_id': '123321', 'date_modified': '2019-02-28T14:49:24', 'order_key': 'wc_order_5c77f4f414e20', 'tax_lines': []}]
[[2019-03-01 16:45:04] [root] [INFO]]: Get ORDERS LIST info from cache.
[[2019-03-01 16:45:04] [root] [INFO]]: [{'meta_data': [{'value': 'answers_ex', 'key': 'answers', 'id': 3544}, {'value': 'cp_cert_text_color_ex', 'key': 'cp_cert_text_color', 'id': 3545}], 'customer_id': 52, 'shipping_total': '0.00', 'total_tax': '0.00', 'parent_id': 0, 'discount_tax': '0.00', 'date_paid': None, 'status': 'pending', 'discount_total': '0.00', 'date_completed_gmt': None, 'cart_tax': '0.00', 'currency': 'GBP', 'shipping_lines': [], 'number': '547', 'customer_user_agent': '', 'date_modified_gmt': '2019-02-28T14:49:24', 'fee_lines': [], 'payment_method': 'wc-booking-gateway', 'shipping_tax': '0.00', 'id': 547, 'date_created': '2019-02-28T14:44:30', 'refunds': [], 'prices_include_tax': False, '_links': {'customer': [{'href': 'https://devsit-4132.bolt55.servebolt.com/wp-json/wc/v2/customers/52'}], 'self': [{'href': 'https://devsit-4132.bolt55.servebolt.com/wp-json/wc/v2/orders/547'}], 'collection': [{'href': 'https://devsit-4132.bolt55.servebolt.com/wp-json/wc/v2/orders'}]}, 'cart_hash': '', 'line_items': [], 'date_created_gmt': '2019-02-28T14:44:30', 'customer_ip_address': '', 'version': '3.4.3', 'coupon_lines': [{'discount': '0', 'code': '12121212', 'meta_data': [], 'id': 1, 'discount_tax': '0'}], 'payment_method_title': 'Check booking availability', 'date_paid_gmt': None, 'shipping': {'postcode': '30020', 'company': 'b_company_ex', 'last_name': 'b_first_name_ex', 'city': 'b_city_ex', 'first_name': 's_first_name_ex', 'address_1': 'b_address_line_1_ex', 'state': 'b_state_ex', 'country': 'AL', 'address_2': 'b_address_line_2_ex'}, 'created_via': 'admin', 'date_completed': None, 'billing': {'postcode': '20300', 'company': 'b_company_ex', 'last_name': 'b_last_name_wx', 'city': 'b_city_ex', 'email': 'boan85@gmail.com', 'phone': '09494949494', 'address_1': 'b_address_line_1_ex', 'state': 'b_state_ex', 'first_name': 'b_first_name_ex', 'country': 'AM', 'address_2': 'b_address_line_2_ex'}, 'total': '0.00', 'customer_note': 'customers notes bout the order example.', 'transaction_id': '123321', 'date_modified': '2019-02-28T14:49:24', 'order_key': 'wc_order_5c77f4f414e20', 'tax_lines': []}]
[[2019-03-01 16:45:47] [root] [INFO]]: Get ORDERS LIST info from cache.
[[2019-03-01 16:45:47] [root] [INFO]]: [{'meta_data': [{'value': 'answers_ex', 'key': 'answers', 'id': 3544}, {'value': 'cp_cert_text_color_ex', 'key': 'cp_cert_text_color', 'id': 3545}], 'customer_id': 52, 'shipping_total': '0.00', 'total_tax': '0.00', 'parent_id': 0, 'discount_tax': '0.00', 'date_paid': None, 'status': 'pending', 'discount_total': '0.00', 'date_completed_gmt': None, 'cart_tax': '0.00', 'currency': 'GBP', 'shipping_lines': [], 'number': '547', 'customer_user_agent': '', 'date_modified_gmt': '2019-02-28T14:49:24', 'fee_lines': [], 'payment_method': 'wc-booking-gateway', 'shipping_tax': '0.00', 'id': 547, 'date_created': '2019-02-28T14:44:30', 'refunds': [], 'prices_include_tax': False, '_links': {'customer': [{'href': 'https://devsit-4132.bolt55.servebolt.com/wp-json/wc/v2/customers/52'}], 'self': [{'href': 'https://devsit-4132.bolt55.servebolt.com/wp-json/wc/v2/orders/547'}], 'collection': [{'href': 'https://devsit-4132.bolt55.servebolt.com/wp-json/wc/v2/orders'}]}, 'cart_hash': '', 'line_items': [], 'date_created_gmt': '2019-02-28T14:44:30', 'customer_ip_address': '', 'version': '3.4.3', 'coupon_lines': [{'discount': '0', 'code': '12121212', 'meta_data': [], 'id': 1, 'discount_tax': '0'}], 'payment_method_title': 'Check booking availability', 'date_paid_gmt': None, 'shipping': {'postcode': '30020', 'company': 'b_company_ex', 'last_name': 'b_first_name_ex', 'city': 'b_city_ex', 'first_name': 's_first_name_ex', 'address_1': 'b_address_line_1_ex', 'state': 'b_state_ex', 'country': 'AL', 'address_2': 'b_address_line_2_ex'}, 'created_via': 'admin', 'date_completed': None, 'billing': {'postcode': '20300', 'company': 'b_company_ex', 'last_name': 'b_last_name_wx', 'city': 'b_city_ex', 'email': 'boan85@gmail.com', 'phone': '09494949494', 'address_1': 'b_address_line_1_ex', 'state': 'b_state_ex', 'first_name': 'b_first_name_ex', 'country': 'AM', 'address_2': 'b_address_line_2_ex'}, 'total': '0.00', 'customer_note': 'customers notes bout the order example.', 'transaction_id': '123321', 'date_modified': '2019-02-28T14:49:24', 'order_key': 'wc_order_5c77f4f414e20', 'tax_lines': []}]
[[2019-03-01 16:45:58] [root] [INFO]]: Get ORDERS LIST info from cache.
[[2019-03-01 16:45:58] [root] [INFO]]: [{'meta_data': [{'value': 'answers_ex', 'key': 'answers', 'id': 3544}, {'value': 'cp_cert_text_color_ex', 'key': 'cp_cert_text_color', 'id': 3545}], 'customer_id': 52, 'shipping_total': '0.00', 'total_tax': '0.00', 'parent_id': 0, 'discount_tax': '0.00', 'date_paid': None, 'status': 'pending', 'discount_total': '0.00', 'date_completed_gmt': None, 'cart_tax': '0.00', 'currency': 'GBP', 'shipping_lines': [], 'number': '547', 'customer_user_agent': '', 'date_modified_gmt': '2019-02-28T14:49:24', 'fee_lines': [], 'payment_method': 'wc-booking-gateway', 'shipping_tax': '0.00', 'id': 547, 'date_created': '2019-02-28T14:44:30', 'refunds': [], 'prices_include_tax': False, '_links': {'customer': [{'href': 'https://devsit-4132.bolt55.servebolt.com/wp-json/wc/v2/customers/52'}], 'self': [{'href': 'https://devsit-4132.bolt55.servebolt.com/wp-json/wc/v2/orders/547'}], 'collection': [{'href': 'https://devsit-4132.bolt55.servebolt.com/wp-json/wc/v2/orders'}]}, 'cart_hash': '', 'line_items': [], 'date_created_gmt': '2019-02-28T14:44:30', 'customer_ip_address': '', 'version': '3.4.3', 'coupon_lines': [{'discount': '0', 'code': '12121212', 'meta_data': [], 'id': 1, 'discount_tax': '0'}], 'payment_method_title': 'Check booking availability', 'date_paid_gmt': None, 'shipping': {'postcode': '30020', 'company': 'b_company_ex', 'last_name': 'b_first_name_ex', 'city': 'b_city_ex', 'first_name': 's_first_name_ex', 'address_1': 'b_address_line_1_ex', 'state': 'b_state_ex', 'country': 'AL', 'address_2': 'b_address_line_2_ex'}, 'created_via': 'admin', 'date_completed': None, 'billing': {'postcode': '20300', 'company': 'b_company_ex', 'last_name': 'b_last_name_wx', 'city': 'b_city_ex', 'email': 'boan85@gmail.com', 'phone': '09494949494', 'address_1': 'b_address_line_1_ex', 'state': 'b_state_ex', 'first_name': 'b_first_name_ex', 'country': 'AM', 'address_2': 'b_address_line_2_ex'}, 'total': '0.00', 'customer_note': 'customers notes bout the order example.', 'transaction_id': '123321', 'date_modified': '2019-02-28T14:49:24', 'order_key': 'wc_order_5c77f4f414e20', 'tax_lines': []}]
[[2019-03-01 16:46:15] [root] [INFO]]: Get ORDERS LIST info from cache.
[[2019-03-01 16:46:15] [root] [INFO]]: [{'meta_data': [{'value': 'answers_ex', 'key': 'answers', 'id': 3544}, {'value': 'cp_cert_text_color_ex', 'key': 'cp_cert_text_color', 'id': 3545}], 'customer_id': 52, 'shipping_total': '0.00', 'total_tax': '0.00', 'parent_id': 0, 'discount_tax': '0.00', 'date_paid': None, 'status': 'pending', 'discount_total': '0.00', 'date_completed_gmt': None, 'cart_tax': '0.00', 'currency': 'GBP', 'shipping_lines': [], 'number': '547', 'customer_user_agent': '', 'date_modified_gmt': '2019-02-28T14:49:24', 'fee_lines': [], 'payment_method': 'wc-booking-gateway', 'shipping_tax': '0.00', 'id': 547, 'date_created': '2019-02-28T14:44:30', 'refunds': [], 'prices_include_tax': False, '_links': {'customer': [{'href': 'https://devsit-4132.bolt55.servebolt.com/wp-json/wc/v2/customers/52'}], 'self': [{'href': 'https://devsit-4132.bolt55.servebolt.com/wp-json/wc/v2/orders/547'}], 'collection': [{'href': 'https://devsit-4132.bolt55.servebolt.com/wp-json/wc/v2/orders'}]}, 'cart_hash': '', 'line_items': [], 'date_created_gmt': '2019-02-28T14:44:30', 'customer_ip_address': '', 'version': '3.4.3', 'coupon_lines': [{'discount': '0', 'code': '12121212', 'meta_data': [], 'id': 1, 'discount_tax': '0'}], 'payment_method_title': 'Check booking availability', 'date_paid_gmt': None, 'shipping': {'postcode': '30020', 'company': 'b_company_ex', 'last_name': 'b_first_name_ex', 'city': 'b_city_ex', 'first_name': 's_first_name_ex', 'address_1': 'b_address_line_1_ex', 'state': 'b_state_ex', 'country': 'AL', 'address_2': 'b_address_line_2_ex'}, 'created_via': 'admin', 'date_completed': None, 'billing': {'postcode': '20300', 'company': 'b_company_ex', 'last_name': 'b_last_name_wx', 'city': 'b_city_ex', 'email': 'boan85@gmail.com', 'phone': '09494949494', 'address_1': 'b_address_line_1_ex', 'state': 'b_state_ex', 'first_name': 'b_first_name_ex', 'country': 'AM', 'address_2': 'b_address_line_2_ex'}, 'total': '0.00', 'customer_note': 'customers notes bout the order example.', 'transaction_id': '123321', 'date_modified': '2019-02-28T14:49:24', 'order_key': 'wc_order_5c77f4f414e20', 'tax_lines': []}]
[[2019-03-01 16:47:32] [root] [INFO]]: Get ORDERS LIST info from cache.
[[2019-03-01 16:47:32] [root] [INFO]]: [{'id': 547, 'customer_note': 'customers notes bout the order example.', 'date_paid_gmt': None, 'fee_lines': [], 'payment_method': 'wc-booking-gateway', 'shipping_total': '0.00', 'payment_method_title': 'Check booking availability', '_links': {'collection': [{'href': 'https://devsit-4132.bolt55.servebolt.com/wp-json/wc/v2/orders'}], 'self': [{'href': 'https://devsit-4132.bolt55.servebolt.com/wp-json/wc/v2/orders/547'}], 'customer': [{'href': 'https://devsit-4132.bolt55.servebolt.com/wp-json/wc/v2/customers/52'}]}, 'prices_include_tax': False, 'status': 'pending', 'date_completed': None, 'discount_tax': '0.00', 'currency': 'GBP', 'coupon_lines': [{'id': 1, 'discount': '0', 'code': '12121212', 'meta_data': [], 'discount_tax': '0'}], 'date_modified': '2019-02-28T14:49:24', 'shipping_lines': [], 'created_via': 'admin', 'billing': {'address_1': 'b_address_line_1_ex', 'company': 'b_company_ex', 'first_name': 'b_first_name_ex', 'country': 'AM', 'address_2': 'b_address_line_2_ex', 'phone': '09494949494', 'city': 'b_city_ex', 'last_name': 'b_last_name_wx', 'postcode': '20300', 'email': 'boan85@gmail.com', 'state': 'b_state_ex'}, 'date_modified_gmt': '2019-02-28T14:49:24', 'date_created': '2019-02-28T14:44:30', 'shipping': {'address_1': 'b_address_line_1_ex', 'company': 'b_company_ex', 'first_name': 's_first_name_ex', 'country': 'AL', 'address_2': 'b_address_line_2_ex', 'city': 'b_city_ex', 'last_name': 'b_first_name_ex', 'postcode': '30020', 'state': 'b_state_ex'}, 'version': '3.4.3', 'total': '0.00', 'customer_ip_address': '', 'parent_id': 0, 'customer_id': 52, 'number': '547', 'total_tax': '0.00', 'line_items': [], 'date_paid': None, 'tax_lines': [], 'discount_total': '0.00', 'cart_tax': '0.00', 'order_key': 'wc_order_5c77f4f414e20', 'cart_hash': '', 'date_completed_gmt': None, 'transaction_id': '123321', 'refunds': [], 'date_created_gmt': '2019-02-28T14:44:30', 'shipping_tax': '0.00', 'meta_data': [{'id': 3544, 'value': 'answers_ex', 'key': 'answers'}, {'id': 3545, 'value': 'cp_cert_text_color_ex', 'key': 'cp_cert_text_color'}], 'customer_user_agent': ''}]
[[2019-03-01 16:48:50] [root] [INFO]]: Get ORDERS LIST info from cache.
[[2019-03-01 16:48:50] [root] [INFO]]: [{'id': 547, 'customer_note': 'customers notes bout the order example.', 'date_paid_gmt': None, 'fee_lines': [], 'payment_method': 'wc-booking-gateway', 'shipping_total': '0.00', 'payment_method_title': 'Check booking availability', '_links': {'collection': [{'href': 'https://devsit-4132.bolt55.servebolt.com/wp-json/wc/v2/orders'}], 'self': [{'href': 'https://devsit-4132.bolt55.servebolt.com/wp-json/wc/v2/orders/547'}], 'customer': [{'href': 'https://devsit-4132.bolt55.servebolt.com/wp-json/wc/v2/customers/52'}]}, 'prices_include_tax': False, 'status': 'pending', 'date_completed': None, 'discount_tax': '0.00', 'currency': 'GBP', 'coupon_lines': [{'id': 1, 'discount': '0', 'code': '12121212', 'meta_data': [], 'discount_tax': '0'}], 'date_modified': '2019-02-28T14:49:24', 'shipping_lines': [], 'created_via': 'admin', 'billing': {'address_1': 'b_address_line_1_ex', 'company': 'b_company_ex', 'first_name': 'b_first_name_ex', 'country': 'AM', 'address_2': 'b_address_line_2_ex', 'phone': '09494949494', 'city': 'b_city_ex', 'last_name': 'b_last_name_wx', 'postcode': '20300', 'email': 'boan85@gmail.com', 'state': 'b_state_ex'}, 'date_modified_gmt': '2019-02-28T14:49:24', 'date_created': '2019-02-28T14:44:30', 'shipping': {'address_1': 'b_address_line_1_ex', 'company': 'b_company_ex', 'first_name': 's_first_name_ex', 'country': 'AL', 'address_2': 'b_address_line_2_ex', 'city': 'b_city_ex', 'last_name': 'b_first_name_ex', 'postcode': '30020', 'state': 'b_state_ex'}, 'version': '3.4.3', 'total': '0.00', 'customer_ip_address': '', 'parent_id': 0, 'customer_id': 52, 'number': '547', 'total_tax': '0.00', 'line_items': [], 'date_paid': None, 'tax_lines': [], 'discount_total': '0.00', 'cart_tax': '0.00', 'order_key': 'wc_order_5c77f4f414e20', 'cart_hash': '', 'date_completed_gmt': None, 'transaction_id': '123321', 'refunds': [], 'date_created_gmt': '2019-02-28T14:44:30', 'shipping_tax': '0.00', 'meta_data': [{'id': 3544, 'value': 'answers_ex', 'key': 'answers'}, {'id': 3545, 'value': 'cp_cert_text_color_ex', 'key': 'cp_cert_text_color'}], 'customer_user_agent': ''}]
[[2019-03-01 16:48:57] [root] [INFO]]: Get ORDERS LIST info from cache.
[[2019-03-01 16:48:57] [root] [INFO]]: [{'id': 547, 'customer_note': 'customers notes bout the order example.', 'date_paid_gmt': None, 'fee_lines': [], 'payment_method': 'wc-booking-gateway', 'shipping_total': '0.00', 'payment_method_title': 'Check booking availability', '_links': {'collection': [{'href': 'https://devsit-4132.bolt55.servebolt.com/wp-json/wc/v2/orders'}], 'self': [{'href': 'https://devsit-4132.bolt55.servebolt.com/wp-json/wc/v2/orders/547'}], 'customer': [{'href': 'https://devsit-4132.bolt55.servebolt.com/wp-json/wc/v2/customers/52'}]}, 'prices_include_tax': False, 'status': 'pending', 'date_completed': None, 'discount_tax': '0.00', 'currency': 'GBP', 'coupon_lines': [{'id': 1, 'discount': '0', 'code': '12121212', 'meta_data': [], 'discount_tax': '0'}], 'date_modified': '2019-02-28T14:49:24', 'shipping_lines': [], 'created_via': 'admin', 'billing': {'address_1': 'b_address_line_1_ex', 'company': 'b_company_ex', 'first_name': 'b_first_name_ex', 'country': 'AM', 'address_2': 'b_address_line_2_ex', 'phone': '09494949494', 'city': 'b_city_ex', 'last_name': 'b_last_name_wx', 'postcode': '20300', 'email': 'boan85@gmail.com', 'state': 'b_state_ex'}, 'date_modified_gmt': '2019-02-28T14:49:24', 'date_created': '2019-02-28T14:44:30', 'shipping': {'address_1': 'b_address_line_1_ex', 'company': 'b_company_ex', 'first_name': 's_first_name_ex', 'country': 'AL', 'address_2': 'b_address_line_2_ex', 'city': 'b_city_ex', 'last_name': 'b_first_name_ex', 'postcode': '30020', 'state': 'b_state_ex'}, 'version': '3.4.3', 'total': '0.00', 'customer_ip_address': '', 'parent_id': 0, 'customer_id': 52, 'number': '547', 'total_tax': '0.00', 'line_items': [], 'date_paid': None, 'tax_lines': [], 'discount_total': '0.00', 'cart_tax': '0.00', 'order_key': 'wc_order_5c77f4f414e20', 'cart_hash': '', 'date_completed_gmt': None, 'transaction_id': '123321', 'refunds': [], 'date_created_gmt': '2019-02-28T14:44:30', 'shipping_tax': '0.00', 'meta_data': [{'id': 3544, 'value': 'answers_ex', 'key': 'answers'}, {'id': 3545, 'value': 'cp_cert_text_color_ex', 'key': 'cp_cert_text_color'}], 'customer_user_agent': ''}]
[[2019-03-01 16:49:03] [root] [INFO]]: Get ORDERS LIST info from cache.
[[2019-03-01 16:49:03] [root] [INFO]]: [{'id': 547, 'customer_note': 'customers notes bout the order example.', 'date_paid_gmt': None, 'fee_lines': [], 'payment_method': 'wc-booking-gateway', 'shipping_total': '0.00', 'payment_method_title': 'Check booking availability', '_links': {'collection': [{'href': 'https://devsit-4132.bolt55.servebolt.com/wp-json/wc/v2/orders'}], 'self': [{'href': 'https://devsit-4132.bolt55.servebolt.com/wp-json/wc/v2/orders/547'}], 'customer': [{'href': 'https://devsit-4132.bolt55.servebolt.com/wp-json/wc/v2/customers/52'}]}, 'prices_include_tax': False, 'status': 'pending', 'date_completed': None, 'discount_tax': '0.00', 'currency': 'GBP', 'coupon_lines': [{'id': 1, 'discount': '0', 'code': '12121212', 'meta_data': [], 'discount_tax': '0'}], 'date_modified': '2019-02-28T14:49:24', 'shipping_lines': [], 'created_via': 'admin', 'billing': {'address_1': 'b_address_line_1_ex', 'company': 'b_company_ex', 'first_name': 'b_first_name_ex', 'country': 'AM', 'address_2': 'b_address_line_2_ex', 'phone': '09494949494', 'city': 'b_city_ex', 'last_name': 'b_last_name_wx', 'postcode': '20300', 'email': 'boan85@gmail.com', 'state': 'b_state_ex'}, 'date_modified_gmt': '2019-02-28T14:49:24', 'date_created': '2019-02-28T14:44:30', 'shipping': {'address_1': 'b_address_line_1_ex', 'company': 'b_company_ex', 'first_name': 's_first_name_ex', 'country': 'AL', 'address_2': 'b_address_line_2_ex', 'city': 'b_city_ex', 'last_name': 'b_first_name_ex', 'postcode': '30020', 'state': 'b_state_ex'}, 'version': '3.4.3', 'total': '0.00', 'customer_ip_address': '', 'parent_id': 0, 'customer_id': 52, 'number': '547', 'total_tax': '0.00', 'line_items': [], 'date_paid': None, 'tax_lines': [], 'discount_total': '0.00', 'cart_tax': '0.00', 'order_key': 'wc_order_5c77f4f414e20', 'cart_hash': '', 'date_completed_gmt': None, 'transaction_id': '123321', 'refunds': [], 'date_created_gmt': '2019-02-28T14:44:30', 'shipping_tax': '0.00', 'meta_data': [{'id': 3544, 'value': 'answers_ex', 'key': 'answers'}, {'id': 3545, 'value': 'cp_cert_text_color_ex', 'key': 'cp_cert_text_color'}], 'customer_user_agent': ''}]
[[2019-03-01 16:49:45] [root] [INFO]]: Get ORDERS LIST info from cache.
[[2019-03-01 16:49:45] [root] [INFO]]: [{'id': 547, 'customer_note': 'customers notes bout the order example.', 'date_paid_gmt': None, 'fee_lines': [], 'payment_method': 'wc-booking-gateway', 'shipping_total': '0.00', 'payment_method_title': 'Check booking availability', '_links': {'collection': [{'href': 'https://devsit-4132.bolt55.servebolt.com/wp-json/wc/v2/orders'}], 'self': [{'href': 'https://devsit-4132.bolt55.servebolt.com/wp-json/wc/v2/orders/547'}], 'customer': [{'href': 'https://devsit-4132.bolt55.servebolt.com/wp-json/wc/v2/customers/52'}]}, 'prices_include_tax': False, 'status': 'pending', 'date_completed': None, 'discount_tax': '0.00', 'currency': 'GBP', 'coupon_lines': [{'id': 1, 'discount': '0', 'code': '12121212', 'meta_data': [], 'discount_tax': '0'}], 'date_modified': '2019-02-28T14:49:24', 'shipping_lines': [], 'created_via': 'admin', 'billing': {'address_1': 'b_address_line_1_ex', 'company': 'b_company_ex', 'first_name': 'b_first_name_ex', 'country': 'AM', 'address_2': 'b_address_line_2_ex', 'phone': '09494949494', 'city': 'b_city_ex', 'last_name': 'b_last_name_wx', 'postcode': '20300', 'email': 'boan85@gmail.com', 'state': 'b_state_ex'}, 'date_modified_gmt': '2019-02-28T14:49:24', 'date_created': '2019-02-28T14:44:30', 'shipping': {'address_1': 'b_address_line_1_ex', 'company': 'b_company_ex', 'first_name': 's_first_name_ex', 'country': 'AL', 'address_2': 'b_address_line_2_ex', 'city': 'b_city_ex', 'last_name': 'b_first_name_ex', 'postcode': '30020', 'state': 'b_state_ex'}, 'version': '3.4.3', 'total': '0.00', 'customer_ip_address': '', 'parent_id': 0, 'customer_id': 52, 'number': '547', 'total_tax': '0.00', 'line_items': [], 'date_paid': None, 'tax_lines': [], 'discount_total': '0.00', 'cart_tax': '0.00', 'order_key': 'wc_order_5c77f4f414e20', 'cart_hash': '', 'date_completed_gmt': None, 'transaction_id': '123321', 'refunds': [], 'date_created_gmt': '2019-02-28T14:44:30', 'shipping_tax': '0.00', 'meta_data': [{'id': 3544, 'value': 'answers_ex', 'key': 'answers'}, {'id': 3545, 'value': 'cp_cert_text_color_ex', 'key': 'cp_cert_text_color'}], 'customer_user_agent': ''}]
[[2019-03-01 16:49:47] [root] [INFO]]: Get ORDERS LIST info from cache.
[[2019-03-01 16:49:47] [root] [INFO]]: [{'id': 547, 'customer_note': 'customers notes bout the order example.', 'date_paid_gmt': None, 'fee_lines': [], 'payment_method': 'wc-booking-gateway', 'shipping_total': '0.00', 'payment_method_title': 'Check booking availability', '_links': {'collection': [{'href': 'https://devsit-4132.bolt55.servebolt.com/wp-json/wc/v2/orders'}], 'self': [{'href': 'https://devsit-4132.bolt55.servebolt.com/wp-json/wc/v2/orders/547'}], 'customer': [{'href': 'https://devsit-4132.bolt55.servebolt.com/wp-json/wc/v2/customers/52'}]}, 'prices_include_tax': False, 'status': 'pending', 'date_completed': None, 'discount_tax': '0.00', 'currency': 'GBP', 'coupon_lines': [{'id': 1, 'discount': '0', 'code': '12121212', 'meta_data': [], 'discount_tax': '0'}], 'date_modified': '2019-02-28T14:49:24', 'shipping_lines': [], 'created_via': 'admin', 'billing': {'address_1': 'b_address_line_1_ex', 'company': 'b_company_ex', 'first_name': 'b_first_name_ex', 'country': 'AM', 'address_2': 'b_address_line_2_ex', 'phone': '09494949494', 'city': 'b_city_ex', 'last_name': 'b_last_name_wx', 'postcode': '20300', 'email': 'boan85@gmail.com', 'state': 'b_state_ex'}, 'date_modified_gmt': '2019-02-28T14:49:24', 'date_created': '2019-02-28T14:44:30', 'shipping': {'address_1': 'b_address_line_1_ex', 'company': 'b_company_ex', 'first_name': 's_first_name_ex', 'country': 'AL', 'address_2': 'b_address_line_2_ex', 'city': 'b_city_ex', 'last_name': 'b_first_name_ex', 'postcode': '30020', 'state': 'b_state_ex'}, 'version': '3.4.3', 'total': '0.00', 'customer_ip_address': '', 'parent_id': 0, 'customer_id': 52, 'number': '547', 'total_tax': '0.00', 'line_items': [], 'date_paid': None, 'tax_lines': [], 'discount_total': '0.00', 'cart_tax': '0.00', 'order_key': 'wc_order_5c77f4f414e20', 'cart_hash': '', 'date_completed_gmt': None, 'transaction_id': '123321', 'refunds': [], 'date_created_gmt': '2019-02-28T14:44:30', 'shipping_tax': '0.00', 'meta_data': [{'id': 3544, 'value': 'answers_ex', 'key': 'answers'}, {'id': 3545, 'value': 'cp_cert_text_color_ex', 'key': 'cp_cert_text_color'}], 'customer_user_agent': ''}]
[[2019-03-01 16:50:27] [root] [INFO]]: Get ORDERS LIST info from cache.
[[2019-03-01 16:50:27] [root] [INFO]]: [{'id': 547, 'customer_note': 'customers notes bout the order example.', 'date_paid_gmt': None, 'fee_lines': [], 'payment_method': 'wc-booking-gateway', 'shipping_total': '0.00', 'payment_method_title': 'Check booking availability', '_links': {'collection': [{'href': 'https://devsit-4132.bolt55.servebolt.com/wp-json/wc/v2/orders'}], 'self': [{'href': 'https://devsit-4132.bolt55.servebolt.com/wp-json/wc/v2/orders/547'}], 'customer': [{'href': 'https://devsit-4132.bolt55.servebolt.com/wp-json/wc/v2/customers/52'}]}, 'prices_include_tax': False, 'status': 'pending', 'date_completed': None, 'discount_tax': '0.00', 'currency': 'GBP', 'coupon_lines': [{'id': 1, 'discount': '0', 'code': '12121212', 'meta_data': [], 'discount_tax': '0'}], 'date_modified': '2019-02-28T14:49:24', 'shipping_lines': [], 'created_via': 'admin', 'billing': {'address_1': 'b_address_line_1_ex', 'company': 'b_company_ex', 'first_name': 'b_first_name_ex', 'country': 'AM', 'address_2': 'b_address_line_2_ex', 'phone': '09494949494', 'city': 'b_city_ex', 'last_name': 'b_last_name_wx', 'postcode': '20300', 'email': 'boan85@gmail.com', 'state': 'b_state_ex'}, 'date_modified_gmt': '2019-02-28T14:49:24', 'date_created': '2019-02-28T14:44:30', 'shipping': {'address_1': 'b_address_line_1_ex', 'company': 'b_company_ex', 'first_name': 's_first_name_ex', 'country': 'AL', 'address_2': 'b_address_line_2_ex', 'city': 'b_city_ex', 'last_name': 'b_first_name_ex', 'postcode': '30020', 'state': 'b_state_ex'}, 'version': '3.4.3', 'total': '0.00', 'customer_ip_address': '', 'parent_id': 0, 'customer_id': 52, 'number': '547', 'total_tax': '0.00', 'line_items': [], 'date_paid': None, 'tax_lines': [], 'discount_total': '0.00', 'cart_tax': '0.00', 'order_key': 'wc_order_5c77f4f414e20', 'cart_hash': '', 'date_completed_gmt': None, 'transaction_id': '123321', 'refunds': [], 'date_created_gmt': '2019-02-28T14:44:30', 'shipping_tax': '0.00', 'meta_data': [{'id': 3544, 'value': 'answers_ex', 'key': 'answers'}, {'id': 3545, 'value': 'cp_cert_text_color_ex', 'key': 'cp_cert_text_color'}], 'customer_user_agent': ''}]
[[2019-03-01 16:50:51] [root] [INFO]]: Get ORDERS LIST info from cache.
[[2019-03-01 16:50:51] [root] [INFO]]: [{'id': 547, 'customer_note': 'customers notes bout the order example.', 'date_paid_gmt': None, 'fee_lines': [], 'payment_method': 'wc-booking-gateway', 'shipping_total': '0.00', 'payment_method_title': 'Check booking availability', '_links': {'collection': [{'href': 'https://devsit-4132.bolt55.servebolt.com/wp-json/wc/v2/orders'}], 'self': [{'href': 'https://devsit-4132.bolt55.servebolt.com/wp-json/wc/v2/orders/547'}], 'customer': [{'href': 'https://devsit-4132.bolt55.servebolt.com/wp-json/wc/v2/customers/52'}]}, 'prices_include_tax': False, 'status': 'pending', 'date_completed': None, 'discount_tax': '0.00', 'currency': 'GBP', 'coupon_lines': [{'id': 1, 'discount': '0', 'code': '12121212', 'meta_data': [], 'discount_tax': '0'}], 'date_modified': '2019-02-28T14:49:24', 'shipping_lines': [], 'created_via': 'admin', 'billing': {'address_1': 'b_address_line_1_ex', 'company': 'b_company_ex', 'first_name': 'b_first_name_ex', 'country': 'AM', 'address_2': 'b_address_line_2_ex', 'phone': '09494949494', 'city': 'b_city_ex', 'last_name': 'b_last_name_wx', 'postcode': '20300', 'email': 'boan85@gmail.com', 'state': 'b_state_ex'}, 'date_modified_gmt': '2019-02-28T14:49:24', 'date_created': '2019-02-28T14:44:30', 'shipping': {'address_1': 'b_address_line_1_ex', 'company': 'b_company_ex', 'first_name': 's_first_name_ex', 'country': 'AL', 'address_2': 'b_address_line_2_ex', 'city': 'b_city_ex', 'last_name': 'b_first_name_ex', 'postcode': '30020', 'state': 'b_state_ex'}, 'version': '3.4.3', 'total': '0.00', 'customer_ip_address': '', 'parent_id': 0, 'customer_id': 52, 'number': '547', 'total_tax': '0.00', 'line_items': [], 'date_paid': None, 'tax_lines': [], 'discount_total': '0.00', 'cart_tax': '0.00', 'order_key': 'wc_order_5c77f4f414e20', 'cart_hash': '', 'date_completed_gmt': None, 'transaction_id': '123321', 'refunds': [], 'date_created_gmt': '2019-02-28T14:44:30', 'shipping_tax': '0.00', 'meta_data': [{'id': 3544, 'value': 'answers_ex', 'key': 'answers'}, {'id': 3545, 'value': 'cp_cert_text_color_ex', 'key': 'cp_cert_text_color'}], 'customer_user_agent': ''}]
[[2019-03-01 16:51:28] [root] [INFO]]: Get ORDERS LIST info from cache.
[[2019-03-01 16:51:28] [root] [INFO]]: [{'id': 547, 'customer_note': 'customers notes bout the order example.', 'date_paid_gmt': None, 'fee_lines': [], 'payment_method': 'wc-booking-gateway', 'shipping_total': '0.00', 'payment_method_title': 'Check booking availability', '_links': {'collection': [{'href': 'https://devsit-4132.bolt55.servebolt.com/wp-json/wc/v2/orders'}], 'self': [{'href': 'https://devsit-4132.bolt55.servebolt.com/wp-json/wc/v2/orders/547'}], 'customer': [{'href': 'https://devsit-4132.bolt55.servebolt.com/wp-json/wc/v2/customers/52'}]}, 'prices_include_tax': False, 'status': 'pending', 'date_completed': None, 'discount_tax': '0.00', 'currency': 'GBP', 'coupon_lines': [{'id': 1, 'discount': '0', 'code': '12121212', 'meta_data': [], 'discount_tax': '0'}], 'date_modified': '2019-02-28T14:49:24', 'shipping_lines': [], 'created_via': 'admin', 'billing': {'address_1': 'b_address_line_1_ex', 'company': 'b_company_ex', 'first_name': 'b_first_name_ex', 'country': 'AM', 'address_2': 'b_address_line_2_ex', 'phone': '09494949494', 'city': 'b_city_ex', 'last_name': 'b_last_name_wx', 'postcode': '20300', 'email': 'boan85@gmail.com', 'state': 'b_state_ex'}, 'date_modified_gmt': '2019-02-28T14:49:24', 'date_created': '2019-02-28T14:44:30', 'shipping': {'address_1': 'b_address_line_1_ex', 'company': 'b_company_ex', 'first_name': 's_first_name_ex', 'country': 'AL', 'address_2': 'b_address_line_2_ex', 'city': 'b_city_ex', 'last_name': 'b_first_name_ex', 'postcode': '30020', 'state': 'b_state_ex'}, 'version': '3.4.3', 'total': '0.00', 'customer_ip_address': '', 'parent_id': 0, 'customer_id': 52, 'number': '547', 'total_tax': '0.00', 'line_items': [], 'date_paid': None, 'tax_lines': [], 'discount_total': '0.00', 'cart_tax': '0.00', 'order_key': 'wc_order_5c77f4f414e20', 'cart_hash': '', 'date_completed_gmt': None, 'transaction_id': '123321', 'refunds': [], 'date_created_gmt': '2019-02-28T14:44:30', 'shipping_tax': '0.00', 'meta_data': [{'id': 3544, 'value': 'answers_ex', 'key': 'answers'}, {'id': 3545, 'value': 'cp_cert_text_color_ex', 'key': 'cp_cert_text_color'}], 'customer_user_agent': ''}]
[[2019-03-01 16:51:29] [root] [INFO]]: Get ORDERS LIST info from cache.
[[2019-03-01 16:51:29] [root] [INFO]]: [{'id': 547, 'customer_note': 'customers notes bout the order example.', 'date_paid_gmt': None, 'fee_lines': [], 'payment_method': 'wc-booking-gateway', 'shipping_total': '0.00', 'payment_method_title': 'Check booking availability', '_links': {'collection': [{'href': 'https://devsit-4132.bolt55.servebolt.com/wp-json/wc/v2/orders'}], 'self': [{'href': 'https://devsit-4132.bolt55.servebolt.com/wp-json/wc/v2/orders/547'}], 'customer': [{'href': 'https://devsit-4132.bolt55.servebolt.com/wp-json/wc/v2/customers/52'}]}, 'prices_include_tax': False, 'status': 'pending', 'date_completed': None, 'discount_tax': '0.00', 'currency': 'GBP', 'coupon_lines': [{'id': 1, 'discount': '0', 'code': '12121212', 'meta_data': [], 'discount_tax': '0'}], 'date_modified': '2019-02-28T14:49:24', 'shipping_lines': [], 'created_via': 'admin', 'billing': {'address_1': 'b_address_line_1_ex', 'company': 'b_company_ex', 'first_name': 'b_first_name_ex', 'country': 'AM', 'address_2': 'b_address_line_2_ex', 'phone': '09494949494', 'city': 'b_city_ex', 'last_name': 'b_last_name_wx', 'postcode': '20300', 'email': 'boan85@gmail.com', 'state': 'b_state_ex'}, 'date_modified_gmt': '2019-02-28T14:49:24', 'date_created': '2019-02-28T14:44:30', 'shipping': {'address_1': 'b_address_line_1_ex', 'company': 'b_company_ex', 'first_name': 's_first_name_ex', 'country': 'AL', 'address_2': 'b_address_line_2_ex', 'city': 'b_city_ex', 'last_name': 'b_first_name_ex', 'postcode': '30020', 'state': 'b_state_ex'}, 'version': '3.4.3', 'total': '0.00', 'customer_ip_address': '', 'parent_id': 0, 'customer_id': 52, 'number': '547', 'total_tax': '0.00', 'line_items': [], 'date_paid': None, 'tax_lines': [], 'discount_total': '0.00', 'cart_tax': '0.00', 'order_key': 'wc_order_5c77f4f414e20', 'cart_hash': '', 'date_completed_gmt': None, 'transaction_id': '123321', 'refunds': [], 'date_created_gmt': '2019-02-28T14:44:30', 'shipping_tax': '0.00', 'meta_data': [{'id': 3544, 'value': 'answers_ex', 'key': 'answers'}, {'id': 3545, 'value': 'cp_cert_text_color_ex', 'key': 'cp_cert_text_color'}], 'customer_user_agent': ''}]
[[2019-03-01 16:51:34] [root] [INFO]]: Get ORDERS LIST info from cache.
[[2019-03-01 16:51:34] [root] [INFO]]: [{'id': 547, 'customer_note': 'customers notes bout the order example.', 'date_paid_gmt': None, 'fee_lines': [], 'payment_method': 'wc-booking-gateway', 'shipping_total': '0.00', 'payment_method_title': 'Check booking availability', '_links': {'collection': [{'href': 'https://devsit-4132.bolt55.servebolt.com/wp-json/wc/v2/orders'}], 'self': [{'href': 'https://devsit-4132.bolt55.servebolt.com/wp-json/wc/v2/orders/547'}], 'customer': [{'href': 'https://devsit-4132.bolt55.servebolt.com/wp-json/wc/v2/customers/52'}]}, 'prices_include_tax': False, 'status': 'pending', 'date_completed': None, 'discount_tax': '0.00', 'currency': 'GBP', 'coupon_lines': [{'id': 1, 'discount': '0', 'code': '12121212', 'meta_data': [], 'discount_tax': '0'}], 'date_modified': '2019-02-28T14:49:24', 'shipping_lines': [], 'created_via': 'admin', 'billing': {'address_1': 'b_address_line_1_ex', 'company': 'b_company_ex', 'first_name': 'b_first_name_ex', 'country': 'AM', 'address_2': 'b_address_line_2_ex', 'phone': '09494949494', 'city': 'b_city_ex', 'last_name': 'b_last_name_wx', 'postcode': '20300', 'email': 'boan85@gmail.com', 'state': 'b_state_ex'}, 'date_modified_gmt': '2019-02-28T14:49:24', 'date_created': '2019-02-28T14:44:30', 'shipping': {'address_1': 'b_address_line_1_ex', 'company': 'b_company_ex', 'first_name': 's_first_name_ex', 'country': 'AL', 'address_2': 'b_address_line_2_ex', 'city': 'b_city_ex', 'last_name': 'b_first_name_ex', 'postcode': '30020', 'state': 'b_state_ex'}, 'version': '3.4.3', 'total': '0.00', 'customer_ip_address': '', 'parent_id': 0, 'customer_id': 52, 'number': '547', 'total_tax': '0.00', 'line_items': [], 'date_paid': None, 'tax_lines': [], 'discount_total': '0.00', 'cart_tax': '0.00', 'order_key': 'wc_order_5c77f4f414e20', 'cart_hash': '', 'date_completed_gmt': None, 'transaction_id': '123321', 'refunds': [], 'date_created_gmt': '2019-02-28T14:44:30', 'shipping_tax': '0.00', 'meta_data': [{'id': 3544, 'value': 'answers_ex', 'key': 'answers'}, {'id': 3545, 'value': 'cp_cert_text_color_ex', 'key': 'cp_cert_text_color'}], 'customer_user_agent': ''}]
[[2019-03-01 16:51:56] [root] [INFO]]: Get ORDERS LIST info from cache.
[[2019-03-01 16:51:56] [root] [INFO]]: [{'id': 547, 'customer_note': 'customers notes bout the order example.', 'date_paid_gmt': None, 'fee_lines': [], 'payment_method': 'wc-booking-gateway', 'shipping_total': '0.00', 'payment_method_title': 'Check booking availability', '_links': {'collection': [{'href': 'https://devsit-4132.bolt55.servebolt.com/wp-json/wc/v2/orders'}], 'self': [{'href': 'https://devsit-4132.bolt55.servebolt.com/wp-json/wc/v2/orders/547'}], 'customer': [{'href': 'https://devsit-4132.bolt55.servebolt.com/wp-json/wc/v2/customers/52'}]}, 'prices_include_tax': False, 'status': 'pending', 'date_completed': None, 'discount_tax': '0.00', 'currency': 'GBP', 'coupon_lines': [{'id': 1, 'discount': '0', 'code': '12121212', 'meta_data': [], 'discount_tax': '0'}], 'date_modified': '2019-02-28T14:49:24', 'shipping_lines': [], 'created_via': 'admin', 'billing': {'address_1': 'b_address_line_1_ex', 'company': 'b_company_ex', 'first_name': 'b_first_name_ex', 'country': 'AM', 'address_2': 'b_address_line_2_ex', 'phone': '09494949494', 'city': 'b_city_ex', 'last_name': 'b_last_name_wx', 'postcode': '20300', 'email': 'boan85@gmail.com', 'state': 'b_state_ex'}, 'date_modified_gmt': '2019-02-28T14:49:24', 'date_created': '2019-02-28T14:44:30', 'shipping': {'address_1': 'b_address_line_1_ex', 'company': 'b_company_ex', 'first_name': 's_first_name_ex', 'country': 'AL', 'address_2': 'b_address_line_2_ex', 'city': 'b_city_ex', 'last_name': 'b_first_name_ex', 'postcode': '30020', 'state': 'b_state_ex'}, 'version': '3.4.3', 'total': '0.00', 'customer_ip_address': '', 'parent_id': 0, 'customer_id': 52, 'number': '547', 'total_tax': '0.00', 'line_items': [], 'date_paid': None, 'tax_lines': [], 'discount_total': '0.00', 'cart_tax': '0.00', 'order_key': 'wc_order_5c77f4f414e20', 'cart_hash': '', 'date_completed_gmt': None, 'transaction_id': '123321', 'refunds': [], 'date_created_gmt': '2019-02-28T14:44:30', 'shipping_tax': '0.00', 'meta_data': [{'id': 3544, 'value': 'answers_ex', 'key': 'answers'}, {'id': 3545, 'value': 'cp_cert_text_color_ex', 'key': 'cp_cert_text_color'}], 'customer_user_agent': ''}]
[[2019-03-01 16:53:58] [root] [INFO]]: Get ORDERS LIST info from cache.
[[2019-03-01 16:53:58] [root] [INFO]]: [{'id': 547, 'customer_note': 'customers notes bout the order example.', 'date_paid_gmt': None, 'fee_lines': [], 'payment_method': 'wc-booking-gateway', 'shipping_total': '0.00', 'payment_method_title': 'Check booking availability', '_links': {'collection': [{'href': 'https://devsit-4132.bolt55.servebolt.com/wp-json/wc/v2/orders'}], 'self': [{'href': 'https://devsit-4132.bolt55.servebolt.com/wp-json/wc/v2/orders/547'}], 'customer': [{'href': 'https://devsit-4132.bolt55.servebolt.com/wp-json/wc/v2/customers/52'}]}, 'prices_include_tax': False, 'status': 'pending', 'date_completed': None, 'discount_tax': '0.00', 'currency': 'GBP', 'coupon_lines': [{'id': 1, 'discount': '0', 'code': '12121212', 'meta_data': [], 'discount_tax': '0'}], 'date_modified': '2019-02-28T14:49:24', 'shipping_lines': [], 'created_via': 'admin', 'billing': {'address_1': 'b_address_line_1_ex', 'company': 'b_company_ex', 'first_name': 'b_first_name_ex', 'country': 'AM', 'address_2': 'b_address_line_2_ex', 'phone': '09494949494', 'city': 'b_city_ex', 'last_name': 'b_last_name_wx', 'postcode': '20300', 'email': 'boan85@gmail.com', 'state': 'b_state_ex'}, 'date_modified_gmt': '2019-02-28T14:49:24', 'date_created': '2019-02-28T14:44:30', 'shipping': {'address_1': 'b_address_line_1_ex', 'company': 'b_company_ex', 'first_name': 's_first_name_ex', 'country': 'AL', 'address_2': 'b_address_line_2_ex', 'city': 'b_city_ex', 'last_name': 'b_first_name_ex', 'postcode': '30020', 'state': 'b_state_ex'}, 'version': '3.4.3', 'total': '0.00', 'customer_ip_address': '', 'parent_id': 0, 'customer_id': 52, 'number': '547', 'total_tax': '0.00', 'line_items': [], 'date_paid': None, 'tax_lines': [], 'discount_total': '0.00', 'cart_tax': '0.00', 'order_key': 'wc_order_5c77f4f414e20', 'cart_hash': '', 'date_completed_gmt': None, 'transaction_id': '123321', 'refunds': [], 'date_created_gmt': '2019-02-28T14:44:30', 'shipping_tax': '0.00', 'meta_data': [{'id': 3544, 'value': 'answers_ex', 'key': 'answers'}, {'id': 3545, 'value': 'cp_cert_text_color_ex', 'key': 'cp_cert_text_color'}], 'customer_user_agent': ''}]
[[2019-03-01 16:54:04] [root] [INFO]]: Get ORDERS LIST info from cache.
[[2019-03-01 16:54:04] [root] [INFO]]: [{'id': 547, 'customer_note': 'customers notes bout the order example.', 'date_paid_gmt': None, 'fee_lines': [], 'payment_method': 'wc-booking-gateway', 'shipping_total': '0.00', 'payment_method_title': 'Check booking availability', '_links': {'collection': [{'href': 'https://devsit-4132.bolt55.servebolt.com/wp-json/wc/v2/orders'}], 'self': [{'href': 'https://devsit-4132.bolt55.servebolt.com/wp-json/wc/v2/orders/547'}], 'customer': [{'href': 'https://devsit-4132.bolt55.servebolt.com/wp-json/wc/v2/customers/52'}]}, 'prices_include_tax': False, 'status': 'pending', 'date_completed': None, 'discount_tax': '0.00', 'currency': 'GBP', 'coupon_lines': [{'id': 1, 'discount': '0', 'code': '12121212', 'meta_data': [], 'discount_tax': '0'}], 'date_modified': '2019-02-28T14:49:24', 'shipping_lines': [], 'created_via': 'admin', 'billing': {'address_1': 'b_address_line_1_ex', 'company': 'b_company_ex', 'first_name': 'b_first_name_ex', 'country': 'AM', 'address_2': 'b_address_line_2_ex', 'phone': '09494949494', 'city': 'b_city_ex', 'last_name': 'b_last_name_wx', 'postcode': '20300', 'email': 'boan85@gmail.com', 'state': 'b_state_ex'}, 'date_modified_gmt': '2019-02-28T14:49:24', 'date_created': '2019-02-28T14:44:30', 'shipping': {'address_1': 'b_address_line_1_ex', 'company': 'b_company_ex', 'first_name': 's_first_name_ex', 'country': 'AL', 'address_2': 'b_address_line_2_ex', 'city': 'b_city_ex', 'last_name': 'b_first_name_ex', 'postcode': '30020', 'state': 'b_state_ex'}, 'version': '3.4.3', 'total': '0.00', 'customer_ip_address': '', 'parent_id': 0, 'customer_id': 52, 'number': '547', 'total_tax': '0.00', 'line_items': [], 'date_paid': None, 'tax_lines': [], 'discount_total': '0.00', 'cart_tax': '0.00', 'order_key': 'wc_order_5c77f4f414e20', 'cart_hash': '', 'date_completed_gmt': None, 'transaction_id': '123321', 'refunds': [], 'date_created_gmt': '2019-02-28T14:44:30', 'shipping_tax': '0.00', 'meta_data': [{'id': 3544, 'value': 'answers_ex', 'key': 'answers'}, {'id': 3545, 'value': 'cp_cert_text_color_ex', 'key': 'cp_cert_text_color'}], 'customer_user_agent': ''}]
[[2019-03-01 16:56:28] [root] [INFO]]: Get ORDERS LIST info from cache.
[[2019-03-01 16:56:28] [root] [INFO]]: [{'_links': {'collection': [{'href': 'https://devsit-4132.bolt55.servebolt.com/wp-json/wc/v2/orders'}], 'customer': [{'href': 'https://devsit-4132.bolt55.servebolt.com/wp-json/wc/v2/customers/52'}], 'self': [{'href': 'https://devsit-4132.bolt55.servebolt.com/wp-json/wc/v2/orders/547'}]}, 'date_created': '2019-02-28T14:44:30', 'date_modified_gmt': '2019-02-28T14:49:24', 'currency': 'GBP', 'transaction_id': '123321', 'fee_lines': [], 'date_paid_gmt': None, 'cart_hash': '', 'shipping_lines': [], 'customer_ip_address': '', 'discount_tax': '0.00', 'id': 547, 'date_completed_gmt': None, 'coupon_lines': [{'discount_tax': '0', 'id': 1, 'meta_data': [], 'discount': '0', 'code': '12121212'}], 'date_created_gmt': '2019-02-28T14:44:30', 'tax_lines': [], 'customer_note': 'customers notes bout the order example.', 'number': '547', 'prices_include_tax': False, 'order_key': 'wc_order_5c77f4f414e20', 'shipping_tax': '0.00', 'billing': {'address_2': 'b_address_line_2_ex', 'country': 'AM', 'first_name': 'b_first_name_ex', 'state': 'b_state_ex', 'last_name': 'b_last_name_wx', 'city': 'b_city_ex', 'address_1': 'b_address_line_1_ex', 'company': 'b_company_ex', 'postcode': '20300', 'phone': '09494949494', 'email': 'boan85@gmail.com'}, 'created_via': 'admin', 'meta_data': [{'key': 'answers', 'id': 3544, 'value': 'answers_ex'}, {'key': 'cp_cert_text_color', 'id': 3545, 'value': 'cp_cert_text_color_ex'}], 'payment_method_title': 'Check booking availability', 'date_paid': None, 'shipping': {'address_2': 'b_address_line_2_ex', 'country': 'AL', 'first_name': 's_first_name_ex', 'state': 'b_state_ex', 'last_name': 'b_first_name_ex', 'city': 'b_city_ex', 'address_1': 'b_address_line_1_ex', 'company': 'b_company_ex', 'postcode': '30020'}, 'status': 'pending', 'cart_tax': '0.00', 'total_tax': '0.00', 'line_items': [], 'total': '0.00', 'shipping_total': '0.00', 'refunds': [], 'discount_total': '0.00', 'date_completed': None, 'date_modified': '2019-02-28T14:49:24', 'customer_id': 52, 'parent_id': 0, 'payment_method': 'wc-booking-gateway', 'customer_user_agent': '', 'version': '3.4.3'}]
[[2019-03-01 16:56:28] [root] [INFO]]: Key ORDERS_LIST was cleared from the cache, because it comes too old.

